[2025-12-08T00:00:12.108+0000] {processor.py:186} INFO - Started process (PID=8156) to work on /opt/airflow/dags/utils/bls_transformer.py
[2025-12-08T00:00:12.111+0000] {processor.py:914} INFO - Processing file /opt/airflow/dags/utils/bls_transformer.py for tasks to queue
[2025-12-08T00:00:12.122+0000] {logging_mixin.py:190} INFO - [2025-12-08T00:00:12.121+0000] {dagbag.py:587} INFO - Filling up the DagBag from /opt/airflow/dags/utils/bls_transformer.py
[2025-12-08T00:00:12.128+0000] {processor.py:927} WARNING - No viable dags retrieved from /opt/airflow/dags/utils/bls_transformer.py
[2025-12-08T00:00:12.167+0000] {processor.py:208} INFO - Processing /opt/airflow/dags/utils/bls_transformer.py took 0.074 seconds
[2025-12-08T00:00:42.793+0000] {processor.py:186} INFO - Started process (PID=8172) to work on /opt/airflow/dags/utils/bls_transformer.py
[2025-12-08T00:00:42.795+0000] {processor.py:914} INFO - Processing file /opt/airflow/dags/utils/bls_transformer.py for tasks to queue
[2025-12-08T00:00:42.804+0000] {logging_mixin.py:190} INFO - [2025-12-08T00:00:42.800+0000] {dagbag.py:587} INFO - Filling up the DagBag from /opt/airflow/dags/utils/bls_transformer.py
[2025-12-08T00:00:42.816+0000] {processor.py:927} WARNING - No viable dags retrieved from /opt/airflow/dags/utils/bls_transformer.py
[2025-12-08T00:00:42.844+0000] {processor.py:208} INFO - Processing /opt/airflow/dags/utils/bls_transformer.py took 0.065 seconds
[2025-12-08T00:01:13.346+0000] {processor.py:186} INFO - Started process (PID=8188) to work on /opt/airflow/dags/utils/bls_transformer.py
[2025-12-08T00:01:13.349+0000] {processor.py:914} INFO - Processing file /opt/airflow/dags/utils/bls_transformer.py for tasks to queue
[2025-12-08T00:01:13.363+0000] {logging_mixin.py:190} INFO - [2025-12-08T00:01:13.362+0000] {dagbag.py:587} INFO - Filling up the DagBag from /opt/airflow/dags/utils/bls_transformer.py
[2025-12-08T00:01:13.369+0000] {processor.py:927} WARNING - No viable dags retrieved from /opt/airflow/dags/utils/bls_transformer.py
[2025-12-08T00:01:13.419+0000] {processor.py:208} INFO - Processing /opt/airflow/dags/utils/bls_transformer.py took 0.096 seconds
[2025-12-08T00:01:43.916+0000] {processor.py:186} INFO - Started process (PID=8204) to work on /opt/airflow/dags/utils/bls_transformer.py
[2025-12-08T00:01:43.919+0000] {processor.py:914} INFO - Processing file /opt/airflow/dags/utils/bls_transformer.py for tasks to queue
[2025-12-08T00:01:43.923+0000] {logging_mixin.py:190} INFO - [2025-12-08T00:01:43.923+0000] {dagbag.py:587} INFO - Filling up the DagBag from /opt/airflow/dags/utils/bls_transformer.py
[2025-12-08T00:01:43.928+0000] {processor.py:927} WARNING - No viable dags retrieved from /opt/airflow/dags/utils/bls_transformer.py
[2025-12-08T00:01:43.960+0000] {processor.py:208} INFO - Processing /opt/airflow/dags/utils/bls_transformer.py took 0.055 seconds
[2025-12-08T00:02:14.645+0000] {processor.py:186} INFO - Started process (PID=8220) to work on /opt/airflow/dags/utils/bls_transformer.py
[2025-12-08T00:02:14.648+0000] {processor.py:914} INFO - Processing file /opt/airflow/dags/utils/bls_transformer.py for tasks to queue
[2025-12-08T00:02:14.652+0000] {logging_mixin.py:190} INFO - [2025-12-08T00:02:14.652+0000] {dagbag.py:587} INFO - Filling up the DagBag from /opt/airflow/dags/utils/bls_transformer.py
[2025-12-08T00:02:14.657+0000] {processor.py:927} WARNING - No viable dags retrieved from /opt/airflow/dags/utils/bls_transformer.py
[2025-12-08T00:02:14.683+0000] {processor.py:208} INFO - Processing /opt/airflow/dags/utils/bls_transformer.py took 0.050 seconds
[2025-12-08T00:02:45.243+0000] {processor.py:186} INFO - Started process (PID=8236) to work on /opt/airflow/dags/utils/bls_transformer.py
[2025-12-08T00:02:45.247+0000] {processor.py:914} INFO - Processing file /opt/airflow/dags/utils/bls_transformer.py for tasks to queue
[2025-12-08T00:02:45.257+0000] {logging_mixin.py:190} INFO - [2025-12-08T00:02:45.256+0000] {dagbag.py:587} INFO - Filling up the DagBag from /opt/airflow/dags/utils/bls_transformer.py
[2025-12-08T00:02:45.262+0000] {processor.py:927} WARNING - No viable dags retrieved from /opt/airflow/dags/utils/bls_transformer.py
[2025-12-08T00:02:45.297+0000] {processor.py:208} INFO - Processing /opt/airflow/dags/utils/bls_transformer.py took 0.084 seconds
[2025-12-08T00:03:15.877+0000] {processor.py:186} INFO - Started process (PID=8252) to work on /opt/airflow/dags/utils/bls_transformer.py
[2025-12-08T00:03:15.880+0000] {processor.py:914} INFO - Processing file /opt/airflow/dags/utils/bls_transformer.py for tasks to queue
[2025-12-08T00:03:15.892+0000] {logging_mixin.py:190} INFO - [2025-12-08T00:03:15.891+0000] {dagbag.py:587} INFO - Filling up the DagBag from /opt/airflow/dags/utils/bls_transformer.py
[2025-12-08T00:03:15.898+0000] {processor.py:927} WARNING - No viable dags retrieved from /opt/airflow/dags/utils/bls_transformer.py
[2025-12-08T00:03:15.924+0000] {processor.py:208} INFO - Processing /opt/airflow/dags/utils/bls_transformer.py took 0.061 seconds
[2025-12-08T00:03:46.532+0000] {processor.py:186} INFO - Started process (PID=8268) to work on /opt/airflow/dags/utils/bls_transformer.py
[2025-12-08T00:03:46.534+0000] {processor.py:914} INFO - Processing file /opt/airflow/dags/utils/bls_transformer.py for tasks to queue
[2025-12-08T00:03:46.540+0000] {logging_mixin.py:190} INFO - [2025-12-08T00:03:46.539+0000] {dagbag.py:587} INFO - Filling up the DagBag from /opt/airflow/dags/utils/bls_transformer.py
[2025-12-08T00:03:46.546+0000] {processor.py:927} WARNING - No viable dags retrieved from /opt/airflow/dags/utils/bls_transformer.py
[2025-12-08T00:03:46.571+0000] {processor.py:208} INFO - Processing /opt/airflow/dags/utils/bls_transformer.py took 0.052 seconds
[2025-12-08T00:04:17.184+0000] {processor.py:186} INFO - Started process (PID=8284) to work on /opt/airflow/dags/utils/bls_transformer.py
[2025-12-08T00:04:17.187+0000] {processor.py:914} INFO - Processing file /opt/airflow/dags/utils/bls_transformer.py for tasks to queue
[2025-12-08T00:04:17.192+0000] {logging_mixin.py:190} INFO - [2025-12-08T00:04:17.192+0000] {dagbag.py:587} INFO - Filling up the DagBag from /opt/airflow/dags/utils/bls_transformer.py
[2025-12-08T00:04:17.198+0000] {processor.py:927} WARNING - No viable dags retrieved from /opt/airflow/dags/utils/bls_transformer.py
[2025-12-08T00:04:17.231+0000] {processor.py:208} INFO - Processing /opt/airflow/dags/utils/bls_transformer.py took 0.066 seconds
[2025-12-08T00:04:47.864+0000] {processor.py:186} INFO - Started process (PID=8300) to work on /opt/airflow/dags/utils/bls_transformer.py
[2025-12-08T00:04:47.866+0000] {processor.py:914} INFO - Processing file /opt/airflow/dags/utils/bls_transformer.py for tasks to queue
[2025-12-08T00:04:47.873+0000] {logging_mixin.py:190} INFO - [2025-12-08T00:04:47.871+0000] {dagbag.py:587} INFO - Filling up the DagBag from /opt/airflow/dags/utils/bls_transformer.py
[2025-12-08T00:04:47.879+0000] {processor.py:927} WARNING - No viable dags retrieved from /opt/airflow/dags/utils/bls_transformer.py
[2025-12-08T00:04:47.916+0000] {processor.py:208} INFO - Processing /opt/airflow/dags/utils/bls_transformer.py took 0.070 seconds
[2025-12-08T00:05:18.511+0000] {processor.py:186} INFO - Started process (PID=8316) to work on /opt/airflow/dags/utils/bls_transformer.py
[2025-12-08T00:05:18.514+0000] {processor.py:914} INFO - Processing file /opt/airflow/dags/utils/bls_transformer.py for tasks to queue
[2025-12-08T00:05:18.525+0000] {logging_mixin.py:190} INFO - [2025-12-08T00:05:18.524+0000] {dagbag.py:587} INFO - Filling up the DagBag from /opt/airflow/dags/utils/bls_transformer.py
[2025-12-08T00:05:18.533+0000] {processor.py:927} WARNING - No viable dags retrieved from /opt/airflow/dags/utils/bls_transformer.py
[2025-12-08T00:05:18.575+0000] {processor.py:208} INFO - Processing /opt/airflow/dags/utils/bls_transformer.py took 0.083 seconds
[2025-12-08T00:05:49.144+0000] {processor.py:186} INFO - Started process (PID=8332) to work on /opt/airflow/dags/utils/bls_transformer.py
[2025-12-08T00:05:49.147+0000] {processor.py:914} INFO - Processing file /opt/airflow/dags/utils/bls_transformer.py for tasks to queue
[2025-12-08T00:05:49.157+0000] {logging_mixin.py:190} INFO - [2025-12-08T00:05:49.154+0000] {dagbag.py:587} INFO - Filling up the DagBag from /opt/airflow/dags/utils/bls_transformer.py
[2025-12-08T00:05:49.162+0000] {processor.py:927} WARNING - No viable dags retrieved from /opt/airflow/dags/utils/bls_transformer.py
[2025-12-08T00:05:49.190+0000] {processor.py:208} INFO - Processing /opt/airflow/dags/utils/bls_transformer.py took 0.069 seconds
[2025-12-08T00:06:19.785+0000] {processor.py:186} INFO - Started process (PID=8348) to work on /opt/airflow/dags/utils/bls_transformer.py
[2025-12-08T00:06:19.788+0000] {processor.py:914} INFO - Processing file /opt/airflow/dags/utils/bls_transformer.py for tasks to queue
[2025-12-08T00:06:19.793+0000] {logging_mixin.py:190} INFO - [2025-12-08T00:06:19.793+0000] {dagbag.py:587} INFO - Filling up the DagBag from /opt/airflow/dags/utils/bls_transformer.py
[2025-12-08T00:06:19.800+0000] {processor.py:927} WARNING - No viable dags retrieved from /opt/airflow/dags/utils/bls_transformer.py
[2025-12-08T00:06:19.835+0000] {processor.py:208} INFO - Processing /opt/airflow/dags/utils/bls_transformer.py took 0.071 seconds
[2025-12-08T00:06:50.349+0000] {processor.py:186} INFO - Started process (PID=8364) to work on /opt/airflow/dags/utils/bls_transformer.py
[2025-12-08T00:06:50.353+0000] {processor.py:914} INFO - Processing file /opt/airflow/dags/utils/bls_transformer.py for tasks to queue
[2025-12-08T00:06:50.369+0000] {logging_mixin.py:190} INFO - [2025-12-08T00:06:50.368+0000] {dagbag.py:587} INFO - Filling up the DagBag from /opt/airflow/dags/utils/bls_transformer.py
[2025-12-08T00:06:50.375+0000] {processor.py:927} WARNING - No viable dags retrieved from /opt/airflow/dags/utils/bls_transformer.py
[2025-12-08T00:06:50.410+0000] {processor.py:208} INFO - Processing /opt/airflow/dags/utils/bls_transformer.py took 0.077 seconds
[2025-12-08T00:07:21.329+0000] {processor.py:186} INFO - Started process (PID=8380) to work on /opt/airflow/dags/utils/bls_transformer.py
[2025-12-08T00:07:21.332+0000] {processor.py:914} INFO - Processing file /opt/airflow/dags/utils/bls_transformer.py for tasks to queue
[2025-12-08T00:07:21.340+0000] {logging_mixin.py:190} INFO - [2025-12-08T00:07:21.337+0000] {dagbag.py:587} INFO - Filling up the DagBag from /opt/airflow/dags/utils/bls_transformer.py
[2025-12-08T00:07:21.346+0000] {processor.py:927} WARNING - No viable dags retrieved from /opt/airflow/dags/utils/bls_transformer.py
[2025-12-08T00:07:21.374+0000] {processor.py:208} INFO - Processing /opt/airflow/dags/utils/bls_transformer.py took 0.065 seconds
[2025-12-08T00:07:51.928+0000] {processor.py:186} INFO - Started process (PID=8396) to work on /opt/airflow/dags/utils/bls_transformer.py
[2025-12-08T00:07:51.931+0000] {processor.py:914} INFO - Processing file /opt/airflow/dags/utils/bls_transformer.py for tasks to queue
[2025-12-08T00:07:51.937+0000] {logging_mixin.py:190} INFO - [2025-12-08T00:07:51.936+0000] {dagbag.py:587} INFO - Filling up the DagBag from /opt/airflow/dags/utils/bls_transformer.py
[2025-12-08T00:07:51.942+0000] {processor.py:927} WARNING - No viable dags retrieved from /opt/airflow/dags/utils/bls_transformer.py
[2025-12-08T00:07:51.977+0000] {processor.py:208} INFO - Processing /opt/airflow/dags/utils/bls_transformer.py took 0.069 seconds
[2025-12-08T00:08:22.597+0000] {processor.py:186} INFO - Started process (PID=8413) to work on /opt/airflow/dags/utils/bls_transformer.py
[2025-12-08T00:08:22.599+0000] {processor.py:914} INFO - Processing file /opt/airflow/dags/utils/bls_transformer.py for tasks to queue
[2025-12-08T00:08:22.606+0000] {logging_mixin.py:190} INFO - [2025-12-08T00:08:22.605+0000] {dagbag.py:587} INFO - Filling up the DagBag from /opt/airflow/dags/utils/bls_transformer.py
[2025-12-08T00:08:22.616+0000] {processor.py:927} WARNING - No viable dags retrieved from /opt/airflow/dags/utils/bls_transformer.py
[2025-12-08T00:08:22.654+0000] {processor.py:208} INFO - Processing /opt/airflow/dags/utils/bls_transformer.py took 0.080 seconds
[2025-12-08T00:08:53.248+0000] {processor.py:186} INFO - Started process (PID=8429) to work on /opt/airflow/dags/utils/bls_transformer.py
[2025-12-08T00:08:53.251+0000] {processor.py:914} INFO - Processing file /opt/airflow/dags/utils/bls_transformer.py for tasks to queue
[2025-12-08T00:08:53.257+0000] {logging_mixin.py:190} INFO - [2025-12-08T00:08:53.257+0000] {dagbag.py:587} INFO - Filling up the DagBag from /opt/airflow/dags/utils/bls_transformer.py
[2025-12-08T00:08:53.265+0000] {processor.py:927} WARNING - No viable dags retrieved from /opt/airflow/dags/utils/bls_transformer.py
[2025-12-08T00:08:53.301+0000] {processor.py:208} INFO - Processing /opt/airflow/dags/utils/bls_transformer.py took 0.072 seconds
[2025-12-08T00:09:23.941+0000] {processor.py:186} INFO - Started process (PID=8445) to work on /opt/airflow/dags/utils/bls_transformer.py
[2025-12-08T00:09:23.943+0000] {processor.py:914} INFO - Processing file /opt/airflow/dags/utils/bls_transformer.py for tasks to queue
[2025-12-08T00:09:23.950+0000] {logging_mixin.py:190} INFO - [2025-12-08T00:09:23.949+0000] {dagbag.py:587} INFO - Filling up the DagBag from /opt/airflow/dags/utils/bls_transformer.py
[2025-12-08T00:09:23.957+0000] {processor.py:927} WARNING - No viable dags retrieved from /opt/airflow/dags/utils/bls_transformer.py
[2025-12-08T00:09:23.982+0000] {processor.py:208} INFO - Processing /opt/airflow/dags/utils/bls_transformer.py took 0.061 seconds
[2025-12-08T00:09:54.613+0000] {processor.py:186} INFO - Started process (PID=8461) to work on /opt/airflow/dags/utils/bls_transformer.py
[2025-12-08T00:09:54.616+0000] {processor.py:914} INFO - Processing file /opt/airflow/dags/utils/bls_transformer.py for tasks to queue
[2025-12-08T00:09:54.624+0000] {logging_mixin.py:190} INFO - [2025-12-08T00:09:54.623+0000] {dagbag.py:587} INFO - Filling up the DagBag from /opt/airflow/dags/utils/bls_transformer.py
[2025-12-08T00:09:54.631+0000] {processor.py:927} WARNING - No viable dags retrieved from /opt/airflow/dags/utils/bls_transformer.py
[2025-12-08T00:09:54.667+0000] {processor.py:208} INFO - Processing /opt/airflow/dags/utils/bls_transformer.py took 0.073 seconds
[2025-12-08T00:10:25.109+0000] {processor.py:186} INFO - Started process (PID=8477) to work on /opt/airflow/dags/utils/bls_transformer.py
[2025-12-08T00:10:25.111+0000] {processor.py:914} INFO - Processing file /opt/airflow/dags/utils/bls_transformer.py for tasks to queue
[2025-12-08T00:10:25.121+0000] {logging_mixin.py:190} INFO - [2025-12-08T00:10:25.119+0000] {dagbag.py:587} INFO - Filling up the DagBag from /opt/airflow/dags/utils/bls_transformer.py
[2025-12-08T00:10:25.129+0000] {processor.py:927} WARNING - No viable dags retrieved from /opt/airflow/dags/utils/bls_transformer.py
[2025-12-08T00:10:25.161+0000] {processor.py:208} INFO - Processing /opt/airflow/dags/utils/bls_transformer.py took 0.071 seconds
[2025-12-08T00:10:55.740+0000] {processor.py:186} INFO - Started process (PID=8492) to work on /opt/airflow/dags/utils/bls_transformer.py
[2025-12-08T00:10:55.743+0000] {processor.py:914} INFO - Processing file /opt/airflow/dags/utils/bls_transformer.py for tasks to queue
[2025-12-08T00:10:55.748+0000] {logging_mixin.py:190} INFO - [2025-12-08T00:10:55.747+0000] {dagbag.py:587} INFO - Filling up the DagBag from /opt/airflow/dags/utils/bls_transformer.py
[2025-12-08T00:10:55.753+0000] {processor.py:927} WARNING - No viable dags retrieved from /opt/airflow/dags/utils/bls_transformer.py
[2025-12-08T00:10:55.782+0000] {processor.py:208} INFO - Processing /opt/airflow/dags/utils/bls_transformer.py took 0.058 seconds
[2025-12-08T00:11:26.302+0000] {processor.py:186} INFO - Started process (PID=8508) to work on /opt/airflow/dags/utils/bls_transformer.py
[2025-12-08T00:11:26.304+0000] {processor.py:914} INFO - Processing file /opt/airflow/dags/utils/bls_transformer.py for tasks to queue
[2025-12-08T00:11:26.318+0000] {logging_mixin.py:190} INFO - [2025-12-08T00:11:26.317+0000] {dagbag.py:587} INFO - Filling up the DagBag from /opt/airflow/dags/utils/bls_transformer.py
[2025-12-08T00:11:26.323+0000] {processor.py:927} WARNING - No viable dags retrieved from /opt/airflow/dags/utils/bls_transformer.py
[2025-12-08T00:11:26.349+0000] {processor.py:208} INFO - Processing /opt/airflow/dags/utils/bls_transformer.py took 0.072 seconds
[2025-12-08T00:11:56.956+0000] {processor.py:186} INFO - Started process (PID=8524) to work on /opt/airflow/dags/utils/bls_transformer.py
[2025-12-08T00:11:56.958+0000] {processor.py:914} INFO - Processing file /opt/airflow/dags/utils/bls_transformer.py for tasks to queue
[2025-12-08T00:11:56.966+0000] {logging_mixin.py:190} INFO - [2025-12-08T00:11:56.964+0000] {dagbag.py:587} INFO - Filling up the DagBag from /opt/airflow/dags/utils/bls_transformer.py
[2025-12-08T00:11:56.978+0000] {processor.py:927} WARNING - No viable dags retrieved from /opt/airflow/dags/utils/bls_transformer.py
[2025-12-08T00:11:57.013+0000] {processor.py:208} INFO - Processing /opt/airflow/dags/utils/bls_transformer.py took 0.092 seconds
[2025-12-08T00:12:27.464+0000] {processor.py:186} INFO - Started process (PID=8540) to work on /opt/airflow/dags/utils/bls_transformer.py
[2025-12-08T00:12:27.466+0000] {processor.py:914} INFO - Processing file /opt/airflow/dags/utils/bls_transformer.py for tasks to queue
[2025-12-08T00:12:27.472+0000] {logging_mixin.py:190} INFO - [2025-12-08T00:12:27.471+0000] {dagbag.py:587} INFO - Filling up the DagBag from /opt/airflow/dags/utils/bls_transformer.py
[2025-12-08T00:12:27.480+0000] {processor.py:927} WARNING - No viable dags retrieved from /opt/airflow/dags/utils/bls_transformer.py
[2025-12-08T00:12:27.519+0000] {processor.py:208} INFO - Processing /opt/airflow/dags/utils/bls_transformer.py took 0.068 seconds
[2025-12-08T00:12:58.082+0000] {processor.py:186} INFO - Started process (PID=8556) to work on /opt/airflow/dags/utils/bls_transformer.py
[2025-12-08T00:12:58.085+0000] {processor.py:914} INFO - Processing file /opt/airflow/dags/utils/bls_transformer.py for tasks to queue
[2025-12-08T00:12:58.097+0000] {logging_mixin.py:190} INFO - [2025-12-08T00:12:58.091+0000] {dagbag.py:587} INFO - Filling up the DagBag from /opt/airflow/dags/utils/bls_transformer.py
[2025-12-08T00:12:58.105+0000] {processor.py:927} WARNING - No viable dags retrieved from /opt/airflow/dags/utils/bls_transformer.py
[2025-12-08T00:12:58.139+0000] {processor.py:208} INFO - Processing /opt/airflow/dags/utils/bls_transformer.py took 0.075 seconds
[2025-12-08T00:13:28.675+0000] {processor.py:186} INFO - Started process (PID=8572) to work on /opt/airflow/dags/utils/bls_transformer.py
[2025-12-08T00:13:28.678+0000] {processor.py:914} INFO - Processing file /opt/airflow/dags/utils/bls_transformer.py for tasks to queue
[2025-12-08T00:13:28.684+0000] {logging_mixin.py:190} INFO - [2025-12-08T00:13:28.683+0000] {dagbag.py:587} INFO - Filling up the DagBag from /opt/airflow/dags/utils/bls_transformer.py
[2025-12-08T00:13:28.689+0000] {processor.py:927} WARNING - No viable dags retrieved from /opt/airflow/dags/utils/bls_transformer.py
[2025-12-08T00:13:28.716+0000] {processor.py:208} INFO - Processing /opt/airflow/dags/utils/bls_transformer.py took 0.056 seconds
[2025-12-08T00:13:59.253+0000] {processor.py:186} INFO - Started process (PID=8588) to work on /opt/airflow/dags/utils/bls_transformer.py
[2025-12-08T00:13:59.255+0000] {processor.py:914} INFO - Processing file /opt/airflow/dags/utils/bls_transformer.py for tasks to queue
[2025-12-08T00:13:59.271+0000] {logging_mixin.py:190} INFO - [2025-12-08T00:13:59.264+0000] {dagbag.py:587} INFO - Filling up the DagBag from /opt/airflow/dags/utils/bls_transformer.py
[2025-12-08T00:13:59.276+0000] {processor.py:927} WARNING - No viable dags retrieved from /opt/airflow/dags/utils/bls_transformer.py
[2025-12-08T00:13:59.300+0000] {processor.py:208} INFO - Processing /opt/airflow/dags/utils/bls_transformer.py took 0.059 seconds
[2025-12-08T00:14:30.025+0000] {processor.py:186} INFO - Started process (PID=8604) to work on /opt/airflow/dags/utils/bls_transformer.py
[2025-12-08T00:14:30.029+0000] {processor.py:914} INFO - Processing file /opt/airflow/dags/utils/bls_transformer.py for tasks to queue
[2025-12-08T00:14:30.036+0000] {logging_mixin.py:190} INFO - [2025-12-08T00:14:30.035+0000] {dagbag.py:587} INFO - Filling up the DagBag from /opt/airflow/dags/utils/bls_transformer.py
[2025-12-08T00:14:30.044+0000] {processor.py:927} WARNING - No viable dags retrieved from /opt/airflow/dags/utils/bls_transformer.py
[2025-12-08T00:14:30.071+0000] {processor.py:208} INFO - Processing /opt/airflow/dags/utils/bls_transformer.py took 0.072 seconds
[2025-12-08T00:15:00.617+0000] {processor.py:186} INFO - Started process (PID=8620) to work on /opt/airflow/dags/utils/bls_transformer.py
[2025-12-08T00:15:00.620+0000] {processor.py:914} INFO - Processing file /opt/airflow/dags/utils/bls_transformer.py for tasks to queue
[2025-12-08T00:15:00.628+0000] {logging_mixin.py:190} INFO - [2025-12-08T00:15:00.627+0000] {dagbag.py:587} INFO - Filling up the DagBag from /opt/airflow/dags/utils/bls_transformer.py
[2025-12-08T00:15:00.643+0000] {processor.py:927} WARNING - No viable dags retrieved from /opt/airflow/dags/utils/bls_transformer.py
[2025-12-08T00:15:00.669+0000] {processor.py:208} INFO - Processing /opt/airflow/dags/utils/bls_transformer.py took 0.071 seconds
[2025-12-08T00:15:31.192+0000] {processor.py:186} INFO - Started process (PID=8636) to work on /opt/airflow/dags/utils/bls_transformer.py
[2025-12-08T00:15:31.195+0000] {processor.py:914} INFO - Processing file /opt/airflow/dags/utils/bls_transformer.py for tasks to queue
[2025-12-08T00:15:31.201+0000] {logging_mixin.py:190} INFO - [2025-12-08T00:15:31.200+0000] {dagbag.py:587} INFO - Filling up the DagBag from /opt/airflow/dags/utils/bls_transformer.py
[2025-12-08T00:15:31.215+0000] {processor.py:927} WARNING - No viable dags retrieved from /opt/airflow/dags/utils/bls_transformer.py
[2025-12-08T00:15:31.244+0000] {processor.py:208} INFO - Processing /opt/airflow/dags/utils/bls_transformer.py took 0.070 seconds
[2025-12-08T00:16:01.614+0000] {processor.py:186} INFO - Started process (PID=8652) to work on /opt/airflow/dags/utils/bls_transformer.py
[2025-12-08T00:16:01.616+0000] {processor.py:914} INFO - Processing file /opt/airflow/dags/utils/bls_transformer.py for tasks to queue
[2025-12-08T00:16:01.622+0000] {logging_mixin.py:190} INFO - [2025-12-08T00:16:01.621+0000] {dagbag.py:587} INFO - Filling up the DagBag from /opt/airflow/dags/utils/bls_transformer.py
[2025-12-08T00:16:01.626+0000] {processor.py:927} WARNING - No viable dags retrieved from /opt/airflow/dags/utils/bls_transformer.py
[2025-12-08T00:16:01.654+0000] {processor.py:208} INFO - Processing /opt/airflow/dags/utils/bls_transformer.py took 0.052 seconds
[2025-12-08T00:16:32.279+0000] {processor.py:186} INFO - Started process (PID=8668) to work on /opt/airflow/dags/utils/bls_transformer.py
[2025-12-08T00:16:32.281+0000] {processor.py:914} INFO - Processing file /opt/airflow/dags/utils/bls_transformer.py for tasks to queue
[2025-12-08T00:16:32.291+0000] {logging_mixin.py:190} INFO - [2025-12-08T00:16:32.288+0000] {dagbag.py:587} INFO - Filling up the DagBag from /opt/airflow/dags/utils/bls_transformer.py
[2025-12-08T00:16:32.301+0000] {processor.py:927} WARNING - No viable dags retrieved from /opt/airflow/dags/utils/bls_transformer.py
[2025-12-08T00:16:32.324+0000] {processor.py:208} INFO - Processing /opt/airflow/dags/utils/bls_transformer.py took 0.060 seconds
[2025-12-08T00:17:02.661+0000] {processor.py:186} INFO - Started process (PID=8684) to work on /opt/airflow/dags/utils/bls_transformer.py
[2025-12-08T00:17:02.665+0000] {processor.py:914} INFO - Processing file /opt/airflow/dags/utils/bls_transformer.py for tasks to queue
[2025-12-08T00:17:02.683+0000] {logging_mixin.py:190} INFO - [2025-12-08T00:17:02.682+0000] {dagbag.py:587} INFO - Filling up the DagBag from /opt/airflow/dags/utils/bls_transformer.py
[2025-12-08T00:17:02.697+0000] {processor.py:927} WARNING - No viable dags retrieved from /opt/airflow/dags/utils/bls_transformer.py
[2025-12-08T00:17:02.762+0000] {processor.py:208} INFO - Processing /opt/airflow/dags/utils/bls_transformer.py took 0.140 seconds
[2025-12-08T00:17:33.668+0000] {processor.py:186} INFO - Started process (PID=8700) to work on /opt/airflow/dags/utils/bls_transformer.py
[2025-12-08T00:17:33.673+0000] {processor.py:914} INFO - Processing file /opt/airflow/dags/utils/bls_transformer.py for tasks to queue
[2025-12-08T00:17:33.684+0000] {logging_mixin.py:190} INFO - [2025-12-08T00:17:33.683+0000] {dagbag.py:587} INFO - Filling up the DagBag from /opt/airflow/dags/utils/bls_transformer.py
[2025-12-08T00:17:33.695+0000] {processor.py:927} WARNING - No viable dags retrieved from /opt/airflow/dags/utils/bls_transformer.py
[2025-12-08T00:17:33.751+0000] {processor.py:208} INFO - Processing /opt/airflow/dags/utils/bls_transformer.py took 0.123 seconds
[2025-12-08T00:18:04.179+0000] {processor.py:186} INFO - Started process (PID=8716) to work on /opt/airflow/dags/utils/bls_transformer.py
[2025-12-08T00:18:04.182+0000] {processor.py:914} INFO - Processing file /opt/airflow/dags/utils/bls_transformer.py for tasks to queue
[2025-12-08T00:18:04.196+0000] {logging_mixin.py:190} INFO - [2025-12-08T00:18:04.195+0000] {dagbag.py:587} INFO - Filling up the DagBag from /opt/airflow/dags/utils/bls_transformer.py
[2025-12-08T00:18:04.203+0000] {processor.py:927} WARNING - No viable dags retrieved from /opt/airflow/dags/utils/bls_transformer.py
[2025-12-08T00:18:04.251+0000] {processor.py:208} INFO - Processing /opt/airflow/dags/utils/bls_transformer.py took 0.092 seconds
[2025-12-08T00:18:34.847+0000] {processor.py:186} INFO - Started process (PID=8731) to work on /opt/airflow/dags/utils/bls_transformer.py
[2025-12-08T00:18:34.850+0000] {processor.py:914} INFO - Processing file /opt/airflow/dags/utils/bls_transformer.py for tasks to queue
[2025-12-08T00:18:34.857+0000] {logging_mixin.py:190} INFO - [2025-12-08T00:18:34.855+0000] {dagbag.py:587} INFO - Filling up the DagBag from /opt/airflow/dags/utils/bls_transformer.py
[2025-12-08T00:18:34.871+0000] {processor.py:927} WARNING - No viable dags retrieved from /opt/airflow/dags/utils/bls_transformer.py
[2025-12-08T00:18:34.916+0000] {processor.py:208} INFO - Processing /opt/airflow/dags/utils/bls_transformer.py took 0.086 seconds
[2025-12-08T00:19:05.566+0000] {processor.py:186} INFO - Started process (PID=8747) to work on /opt/airflow/dags/utils/bls_transformer.py
[2025-12-08T00:19:05.571+0000] {processor.py:914} INFO - Processing file /opt/airflow/dags/utils/bls_transformer.py for tasks to queue
[2025-12-08T00:19:05.582+0000] {logging_mixin.py:190} INFO - [2025-12-08T00:19:05.581+0000] {dagbag.py:587} INFO - Filling up the DagBag from /opt/airflow/dags/utils/bls_transformer.py
[2025-12-08T00:19:05.588+0000] {processor.py:927} WARNING - No viable dags retrieved from /opt/airflow/dags/utils/bls_transformer.py
[2025-12-08T00:19:05.639+0000] {processor.py:208} INFO - Processing /opt/airflow/dags/utils/bls_transformer.py took 0.097 seconds
[2025-12-08T00:19:36.205+0000] {processor.py:186} INFO - Started process (PID=8763) to work on /opt/airflow/dags/utils/bls_transformer.py
[2025-12-08T00:19:36.207+0000] {processor.py:914} INFO - Processing file /opt/airflow/dags/utils/bls_transformer.py for tasks to queue
[2025-12-08T00:19:36.213+0000] {logging_mixin.py:190} INFO - [2025-12-08T00:19:36.212+0000] {dagbag.py:587} INFO - Filling up the DagBag from /opt/airflow/dags/utils/bls_transformer.py
[2025-12-08T00:19:36.218+0000] {processor.py:927} WARNING - No viable dags retrieved from /opt/airflow/dags/utils/bls_transformer.py
[2025-12-08T00:19:36.253+0000] {processor.py:208} INFO - Processing /opt/airflow/dags/utils/bls_transformer.py took 0.067 seconds
[2025-12-08T00:20:06.845+0000] {processor.py:186} INFO - Started process (PID=8779) to work on /opt/airflow/dags/utils/bls_transformer.py
[2025-12-08T00:20:06.849+0000] {processor.py:914} INFO - Processing file /opt/airflow/dags/utils/bls_transformer.py for tasks to queue
[2025-12-08T00:20:06.860+0000] {logging_mixin.py:190} INFO - [2025-12-08T00:20:06.857+0000] {dagbag.py:587} INFO - Filling up the DagBag from /opt/airflow/dags/utils/bls_transformer.py
[2025-12-08T00:20:06.872+0000] {processor.py:927} WARNING - No viable dags retrieved from /opt/airflow/dags/utils/bls_transformer.py
[2025-12-08T00:20:06.907+0000] {processor.py:208} INFO - Processing /opt/airflow/dags/utils/bls_transformer.py took 0.079 seconds
[2025-12-08T00:20:37.038+0000] {processor.py:186} INFO - Started process (PID=8795) to work on /opt/airflow/dags/utils/bls_transformer.py
[2025-12-08T00:20:37.041+0000] {processor.py:914} INFO - Processing file /opt/airflow/dags/utils/bls_transformer.py for tasks to queue
[2025-12-08T00:20:37.056+0000] {logging_mixin.py:190} INFO - [2025-12-08T00:20:37.054+0000] {dagbag.py:587} INFO - Filling up the DagBag from /opt/airflow/dags/utils/bls_transformer.py
[2025-12-08T00:20:37.064+0000] {processor.py:927} WARNING - No viable dags retrieved from /opt/airflow/dags/utils/bls_transformer.py
[2025-12-08T00:20:37.103+0000] {processor.py:208} INFO - Processing /opt/airflow/dags/utils/bls_transformer.py took 0.086 seconds
[2025-12-08T00:21:07.839+0000] {processor.py:186} INFO - Started process (PID=8811) to work on /opt/airflow/dags/utils/bls_transformer.py
[2025-12-08T00:21:07.842+0000] {processor.py:914} INFO - Processing file /opt/airflow/dags/utils/bls_transformer.py for tasks to queue
[2025-12-08T00:21:07.849+0000] {logging_mixin.py:190} INFO - [2025-12-08T00:21:07.848+0000] {dagbag.py:587} INFO - Filling up the DagBag from /opt/airflow/dags/utils/bls_transformer.py
[2025-12-08T00:21:07.855+0000] {processor.py:927} WARNING - No viable dags retrieved from /opt/airflow/dags/utils/bls_transformer.py
[2025-12-08T00:21:07.888+0000] {processor.py:208} INFO - Processing /opt/airflow/dags/utils/bls_transformer.py took 0.068 seconds
[2025-12-08T00:21:16.629+0000] {processor.py:186} INFO - Started process (PID=8816) to work on /opt/airflow/dags/utils/bls_transformer.py
[2025-12-08T00:21:16.672+0000] {processor.py:914} INFO - Processing file /opt/airflow/dags/utils/bls_transformer.py for tasks to queue
[2025-12-08T00:21:16.789+0000] {logging_mixin.py:190} INFO - [2025-12-08T00:21:16.763+0000] {dagbag.py:587} INFO - Filling up the DagBag from /opt/airflow/dags/utils/bls_transformer.py
[2025-12-08T00:21:16.935+0000] {processor.py:927} WARNING - No viable dags retrieved from /opt/airflow/dags/utils/bls_transformer.py
[2025-12-08T00:21:17.740+0000] {processor.py:208} INFO - Processing /opt/airflow/dags/utils/bls_transformer.py took 1.200 seconds
[2025-12-08T00:21:24.549+0000] {processor.py:186} INFO - Started process (PID=8831) to work on /opt/airflow/dags/utils/bls_transformer.py
[2025-12-08T00:21:24.554+0000] {processor.py:914} INFO - Processing file /opt/airflow/dags/utils/bls_transformer.py for tasks to queue
[2025-12-08T00:21:24.564+0000] {logging_mixin.py:190} INFO - [2025-12-08T00:21:24.563+0000] {dagbag.py:587} INFO - Filling up the DagBag from /opt/airflow/dags/utils/bls_transformer.py
[2025-12-08T00:21:24.571+0000] {processor.py:927} WARNING - No viable dags retrieved from /opt/airflow/dags/utils/bls_transformer.py
[2025-12-08T00:21:24.608+0000] {processor.py:208} INFO - Processing /opt/airflow/dags/utils/bls_transformer.py took 0.081 seconds
[2025-12-08T00:21:55.244+0000] {processor.py:186} INFO - Started process (PID=8844) to work on /opt/airflow/dags/utils/bls_transformer.py
[2025-12-08T00:21:55.249+0000] {processor.py:914} INFO - Processing file /opt/airflow/dags/utils/bls_transformer.py for tasks to queue
[2025-12-08T00:21:55.261+0000] {logging_mixin.py:190} INFO - [2025-12-08T00:21:55.260+0000] {dagbag.py:587} INFO - Filling up the DagBag from /opt/airflow/dags/utils/bls_transformer.py
[2025-12-08T00:21:55.271+0000] {processor.py:927} WARNING - No viable dags retrieved from /opt/airflow/dags/utils/bls_transformer.py
[2025-12-08T00:21:55.345+0000] {processor.py:208} INFO - Processing /opt/airflow/dags/utils/bls_transformer.py took 0.127 seconds
[2025-12-08T00:22:25.859+0000] {processor.py:186} INFO - Started process (PID=8860) to work on /opt/airflow/dags/utils/bls_transformer.py
[2025-12-08T00:22:25.870+0000] {processor.py:914} INFO - Processing file /opt/airflow/dags/utils/bls_transformer.py for tasks to queue
[2025-12-08T00:22:25.879+0000] {logging_mixin.py:190} INFO - [2025-12-08T00:22:25.878+0000] {dagbag.py:587} INFO - Filling up the DagBag from /opt/airflow/dags/utils/bls_transformer.py
[2025-12-08T00:22:25.896+0000] {processor.py:927} WARNING - No viable dags retrieved from /opt/airflow/dags/utils/bls_transformer.py
[2025-12-08T00:22:25.966+0000] {processor.py:208} INFO - Processing /opt/airflow/dags/utils/bls_transformer.py took 0.142 seconds
[2025-12-08T00:22:56.296+0000] {processor.py:186} INFO - Started process (PID=8876) to work on /opt/airflow/dags/utils/bls_transformer.py
[2025-12-08T00:22:56.302+0000] {processor.py:914} INFO - Processing file /opt/airflow/dags/utils/bls_transformer.py for tasks to queue
[2025-12-08T00:22:56.316+0000] {logging_mixin.py:190} INFO - [2025-12-08T00:22:56.314+0000] {dagbag.py:587} INFO - Filling up the DagBag from /opt/airflow/dags/utils/bls_transformer.py
[2025-12-08T00:22:56.335+0000] {processor.py:927} WARNING - No viable dags retrieved from /opt/airflow/dags/utils/bls_transformer.py
[2025-12-08T00:22:56.393+0000] {processor.py:208} INFO - Processing /opt/airflow/dags/utils/bls_transformer.py took 0.133 seconds
[2025-12-08T00:23:27.297+0000] {processor.py:186} INFO - Started process (PID=8892) to work on /opt/airflow/dags/utils/bls_transformer.py
[2025-12-08T00:23:27.300+0000] {processor.py:914} INFO - Processing file /opt/airflow/dags/utils/bls_transformer.py for tasks to queue
[2025-12-08T00:23:27.306+0000] {logging_mixin.py:190} INFO - [2025-12-08T00:23:27.305+0000] {dagbag.py:587} INFO - Filling up the DagBag from /opt/airflow/dags/utils/bls_transformer.py
[2025-12-08T00:23:27.314+0000] {processor.py:927} WARNING - No viable dags retrieved from /opt/airflow/dags/utils/bls_transformer.py
[2025-12-08T00:23:27.349+0000] {processor.py:208} INFO - Processing /opt/airflow/dags/utils/bls_transformer.py took 0.074 seconds
[2025-12-08T00:23:57.917+0000] {processor.py:186} INFO - Started process (PID=8908) to work on /opt/airflow/dags/utils/bls_transformer.py
[2025-12-08T00:23:57.919+0000] {processor.py:914} INFO - Processing file /opt/airflow/dags/utils/bls_transformer.py for tasks to queue
[2025-12-08T00:23:57.924+0000] {logging_mixin.py:190} INFO - [2025-12-08T00:23:57.923+0000] {dagbag.py:587} INFO - Filling up the DagBag from /opt/airflow/dags/utils/bls_transformer.py
[2025-12-08T00:23:57.932+0000] {processor.py:927} WARNING - No viable dags retrieved from /opt/airflow/dags/utils/bls_transformer.py
[2025-12-08T00:23:57.957+0000] {processor.py:208} INFO - Processing /opt/airflow/dags/utils/bls_transformer.py took 0.060 seconds
[2025-12-08T00:24:28.724+0000] {processor.py:186} INFO - Started process (PID=8924) to work on /opt/airflow/dags/utils/bls_transformer.py
[2025-12-08T00:24:28.727+0000] {processor.py:914} INFO - Processing file /opt/airflow/dags/utils/bls_transformer.py for tasks to queue
[2025-12-08T00:24:28.738+0000] {logging_mixin.py:190} INFO - [2025-12-08T00:24:28.737+0000] {dagbag.py:587} INFO - Filling up the DagBag from /opt/airflow/dags/utils/bls_transformer.py
[2025-12-08T00:24:28.747+0000] {processor.py:927} WARNING - No viable dags retrieved from /opt/airflow/dags/utils/bls_transformer.py
[2025-12-08T00:24:28.798+0000] {processor.py:208} INFO - Processing /opt/airflow/dags/utils/bls_transformer.py took 0.105 seconds
[2025-12-08T00:24:59.391+0000] {processor.py:186} INFO - Started process (PID=8940) to work on /opt/airflow/dags/utils/bls_transformer.py
[2025-12-08T00:24:59.393+0000] {processor.py:914} INFO - Processing file /opt/airflow/dags/utils/bls_transformer.py for tasks to queue
[2025-12-08T00:24:59.400+0000] {logging_mixin.py:190} INFO - [2025-12-08T00:24:59.399+0000] {dagbag.py:587} INFO - Filling up the DagBag from /opt/airflow/dags/utils/bls_transformer.py
[2025-12-08T00:24:59.405+0000] {processor.py:927} WARNING - No viable dags retrieved from /opt/airflow/dags/utils/bls_transformer.py
[2025-12-08T00:24:59.486+0000] {processor.py:208} INFO - Processing /opt/airflow/dags/utils/bls_transformer.py took 0.114 seconds
[2025-12-08T00:25:30.131+0000] {processor.py:186} INFO - Started process (PID=8956) to work on /opt/airflow/dags/utils/bls_transformer.py
[2025-12-08T00:25:30.136+0000] {processor.py:914} INFO - Processing file /opt/airflow/dags/utils/bls_transformer.py for tasks to queue
[2025-12-08T00:25:30.142+0000] {logging_mixin.py:190} INFO - [2025-12-08T00:25:30.141+0000] {dagbag.py:587} INFO - Filling up the DagBag from /opt/airflow/dags/utils/bls_transformer.py
[2025-12-08T00:25:30.152+0000] {processor.py:927} WARNING - No viable dags retrieved from /opt/airflow/dags/utils/bls_transformer.py
[2025-12-08T00:25:30.181+0000] {processor.py:208} INFO - Processing /opt/airflow/dags/utils/bls_transformer.py took 0.074 seconds
[2025-12-08T00:26:00.747+0000] {processor.py:186} INFO - Started process (PID=8972) to work on /opt/airflow/dags/utils/bls_transformer.py
[2025-12-08T00:26:00.749+0000] {processor.py:914} INFO - Processing file /opt/airflow/dags/utils/bls_transformer.py for tasks to queue
[2025-12-08T00:26:00.763+0000] {logging_mixin.py:190} INFO - [2025-12-08T00:26:00.762+0000] {dagbag.py:587} INFO - Filling up the DagBag from /opt/airflow/dags/utils/bls_transformer.py
[2025-12-08T00:26:00.771+0000] {processor.py:927} WARNING - No viable dags retrieved from /opt/airflow/dags/utils/bls_transformer.py
[2025-12-08T00:26:00.803+0000] {processor.py:208} INFO - Processing /opt/airflow/dags/utils/bls_transformer.py took 0.081 seconds
[2025-12-08T00:26:31.461+0000] {processor.py:186} INFO - Started process (PID=8988) to work on /opt/airflow/dags/utils/bls_transformer.py
[2025-12-08T00:26:31.463+0000] {processor.py:914} INFO - Processing file /opt/airflow/dags/utils/bls_transformer.py for tasks to queue
[2025-12-08T00:26:31.468+0000] {logging_mixin.py:190} INFO - [2025-12-08T00:26:31.468+0000] {dagbag.py:587} INFO - Filling up the DagBag from /opt/airflow/dags/utils/bls_transformer.py
[2025-12-08T00:26:31.479+0000] {processor.py:927} WARNING - No viable dags retrieved from /opt/airflow/dags/utils/bls_transformer.py
[2025-12-08T00:26:31.502+0000] {processor.py:208} INFO - Processing /opt/airflow/dags/utils/bls_transformer.py took 0.056 seconds
[2025-12-08T00:27:02.810+0000] {processor.py:186} INFO - Started process (PID=9004) to work on /opt/airflow/dags/utils/bls_transformer.py
[2025-12-08T00:27:02.814+0000] {processor.py:914} INFO - Processing file /opt/airflow/dags/utils/bls_transformer.py for tasks to queue
[2025-12-08T00:27:02.831+0000] {logging_mixin.py:190} INFO - [2025-12-08T00:27:02.830+0000] {dagbag.py:587} INFO - Filling up the DagBag from /opt/airflow/dags/utils/bls_transformer.py
[2025-12-08T00:27:02.846+0000] {processor.py:927} WARNING - No viable dags retrieved from /opt/airflow/dags/utils/bls_transformer.py
[2025-12-08T00:27:02.911+0000] {processor.py:208} INFO - Processing /opt/airflow/dags/utils/bls_transformer.py took 0.144 seconds
[2025-12-08T00:27:21.656+0000] {processor.py:186} INFO - Started process (PID=9014) to work on /opt/airflow/dags/utils/bls_transformer.py
[2025-12-08T00:27:21.659+0000] {processor.py:914} INFO - Processing file /opt/airflow/dags/utils/bls_transformer.py for tasks to queue
[2025-12-08T00:27:21.679+0000] {logging_mixin.py:190} INFO - [2025-12-08T00:27:21.678+0000] {dagbag.py:587} INFO - Filling up the DagBag from /opt/airflow/dags/utils/bls_transformer.py
[2025-12-08T00:27:21.693+0000] {processor.py:927} WARNING - No viable dags retrieved from /opt/airflow/dags/utils/bls_transformer.py
[2025-12-08T00:27:21.805+0000] {processor.py:208} INFO - Processing /opt/airflow/dags/utils/bls_transformer.py took 0.180 seconds
[2025-12-08T00:28:33.401+0000] {processor.py:186} INFO - Started process (PID=213) to work on /opt/airflow/dags/utils/bls_transformer.py
[2025-12-08T00:28:33.411+0000] {processor.py:914} INFO - Processing file /opt/airflow/dags/utils/bls_transformer.py for tasks to queue
[2025-12-08T00:28:33.430+0000] {logging_mixin.py:190} INFO - [2025-12-08T00:28:33.424+0000] {dagbag.py:587} INFO - Filling up the DagBag from /opt/airflow/dags/utils/bls_transformer.py
[2025-12-08T00:28:33.452+0000] {processor.py:927} WARNING - No viable dags retrieved from /opt/airflow/dags/utils/bls_transformer.py
[2025-12-08T00:28:34.793+0000] {processor.py:208} INFO - Processing /opt/airflow/dags/utils/bls_transformer.py took 1.429 seconds
[2025-12-08T00:29:06.059+0000] {processor.py:186} INFO - Started process (PID=251) to work on /opt/airflow/dags/utils/bls_transformer.py
[2025-12-08T00:29:06.064+0000] {processor.py:914} INFO - Processing file /opt/airflow/dags/utils/bls_transformer.py for tasks to queue
[2025-12-08T00:29:06.092+0000] {logging_mixin.py:190} INFO - [2025-12-08T00:29:06.089+0000] {dagbag.py:587} INFO - Filling up the DagBag from /opt/airflow/dags/utils/bls_transformer.py
[2025-12-08T00:29:06.110+0000] {processor.py:927} WARNING - No viable dags retrieved from /opt/airflow/dags/utils/bls_transformer.py
[2025-12-08T00:29:06.182+0000] {processor.py:208} INFO - Processing /opt/airflow/dags/utils/bls_transformer.py took 0.168 seconds
[2025-12-08T00:29:37.150+0000] {processor.py:186} INFO - Started process (PID=270) to work on /opt/airflow/dags/utils/bls_transformer.py
[2025-12-08T00:29:37.155+0000] {processor.py:914} INFO - Processing file /opt/airflow/dags/utils/bls_transformer.py for tasks to queue
[2025-12-08T00:29:37.168+0000] {logging_mixin.py:190} INFO - [2025-12-08T00:29:37.164+0000] {dagbag.py:587} INFO - Filling up the DagBag from /opt/airflow/dags/utils/bls_transformer.py
[2025-12-08T00:29:37.182+0000] {processor.py:927} WARNING - No viable dags retrieved from /opt/airflow/dags/utils/bls_transformer.py
[2025-12-08T00:29:37.254+0000] {processor.py:208} INFO - Processing /opt/airflow/dags/utils/bls_transformer.py took 0.131 seconds
[2025-12-08T00:30:07.622+0000] {processor.py:186} INFO - Started process (PID=283) to work on /opt/airflow/dags/utils/bls_transformer.py
[2025-12-08T00:30:07.635+0000] {processor.py:914} INFO - Processing file /opt/airflow/dags/utils/bls_transformer.py for tasks to queue
[2025-12-08T00:30:07.663+0000] {logging_mixin.py:190} INFO - [2025-12-08T00:30:07.662+0000] {dagbag.py:587} INFO - Filling up the DagBag from /opt/airflow/dags/utils/bls_transformer.py
[2025-12-08T00:30:07.689+0000] {processor.py:927} WARNING - No viable dags retrieved from /opt/airflow/dags/utils/bls_transformer.py
[2025-12-08T00:30:07.806+0000] {processor.py:208} INFO - Processing /opt/airflow/dags/utils/bls_transformer.py took 0.241 seconds
[2025-12-08T00:30:38.208+0000] {processor.py:186} INFO - Started process (PID=307) to work on /opt/airflow/dags/utils/bls_transformer.py
[2025-12-08T00:30:38.211+0000] {processor.py:914} INFO - Processing file /opt/airflow/dags/utils/bls_transformer.py for tasks to queue
[2025-12-08T00:30:38.221+0000] {logging_mixin.py:190} INFO - [2025-12-08T00:30:38.220+0000] {dagbag.py:587} INFO - Filling up the DagBag from /opt/airflow/dags/utils/bls_transformer.py
[2025-12-08T00:30:38.231+0000] {processor.py:927} WARNING - No viable dags retrieved from /opt/airflow/dags/utils/bls_transformer.py
[2025-12-08T00:30:38.292+0000] {processor.py:208} INFO - Processing /opt/airflow/dags/utils/bls_transformer.py took 0.161 seconds
[2025-12-08T00:31:08.974+0000] {processor.py:186} INFO - Started process (PID=330) to work on /opt/airflow/dags/utils/bls_transformer.py
[2025-12-08T00:31:08.976+0000] {processor.py:914} INFO - Processing file /opt/airflow/dags/utils/bls_transformer.py for tasks to queue
[2025-12-08T00:31:08.983+0000] {logging_mixin.py:190} INFO - [2025-12-08T00:31:08.982+0000] {dagbag.py:587} INFO - Filling up the DagBag from /opt/airflow/dags/utils/bls_transformer.py
[2025-12-08T00:31:08.992+0000] {processor.py:927} WARNING - No viable dags retrieved from /opt/airflow/dags/utils/bls_transformer.py
[2025-12-08T00:31:09.031+0000] {processor.py:208} INFO - Processing /opt/airflow/dags/utils/bls_transformer.py took 0.075 seconds
[2025-12-08T00:31:39.889+0000] {processor.py:186} INFO - Started process (PID=346) to work on /opt/airflow/dags/utils/bls_transformer.py
[2025-12-08T00:31:39.891+0000] {processor.py:914} INFO - Processing file /opt/airflow/dags/utils/bls_transformer.py for tasks to queue
[2025-12-08T00:31:39.901+0000] {logging_mixin.py:190} INFO - [2025-12-08T00:31:39.900+0000] {dagbag.py:587} INFO - Filling up the DagBag from /opt/airflow/dags/utils/bls_transformer.py
[2025-12-08T00:31:39.915+0000] {processor.py:927} WARNING - No viable dags retrieved from /opt/airflow/dags/utils/bls_transformer.py
[2025-12-08T00:31:39.952+0000] {processor.py:208} INFO - Processing /opt/airflow/dags/utils/bls_transformer.py took 0.098 seconds
[2025-12-08T00:32:10.917+0000] {processor.py:186} INFO - Started process (PID=362) to work on /opt/airflow/dags/utils/bls_transformer.py
[2025-12-08T00:32:10.921+0000] {processor.py:914} INFO - Processing file /opt/airflow/dags/utils/bls_transformer.py for tasks to queue
[2025-12-08T00:32:10.933+0000] {logging_mixin.py:190} INFO - [2025-12-08T00:32:10.931+0000] {dagbag.py:587} INFO - Filling up the DagBag from /opt/airflow/dags/utils/bls_transformer.py
[2025-12-08T00:32:10.944+0000] {processor.py:927} WARNING - No viable dags retrieved from /opt/airflow/dags/utils/bls_transformer.py
[2025-12-08T00:32:11.093+0000] {processor.py:208} INFO - Processing /opt/airflow/dags/utils/bls_transformer.py took 0.204 seconds
[2025-12-08T00:32:42.021+0000] {processor.py:186} INFO - Started process (PID=381) to work on /opt/airflow/dags/utils/bls_transformer.py
[2025-12-08T00:32:42.023+0000] {processor.py:914} INFO - Processing file /opt/airflow/dags/utils/bls_transformer.py for tasks to queue
[2025-12-08T00:32:42.038+0000] {logging_mixin.py:190} INFO - [2025-12-08T00:32:42.032+0000] {dagbag.py:587} INFO - Filling up the DagBag from /opt/airflow/dags/utils/bls_transformer.py
[2025-12-08T00:32:42.080+0000] {processor.py:927} WARNING - No viable dags retrieved from /opt/airflow/dags/utils/bls_transformer.py
[2025-12-08T00:32:42.219+0000] {processor.py:208} INFO - Processing /opt/airflow/dags/utils/bls_transformer.py took 0.213 seconds
[2025-12-08T00:33:12.518+0000] {processor.py:186} INFO - Started process (PID=399) to work on /opt/airflow/dags/utils/bls_transformer.py
[2025-12-08T00:33:12.527+0000] {processor.py:914} INFO - Processing file /opt/airflow/dags/utils/bls_transformer.py for tasks to queue
[2025-12-08T00:33:12.535+0000] {logging_mixin.py:190} INFO - [2025-12-08T00:33:12.534+0000] {dagbag.py:587} INFO - Filling up the DagBag from /opt/airflow/dags/utils/bls_transformer.py
[2025-12-08T00:33:12.550+0000] {processor.py:927} WARNING - No viable dags retrieved from /opt/airflow/dags/utils/bls_transformer.py
[2025-12-08T00:33:12.665+0000] {processor.py:208} INFO - Processing /opt/airflow/dags/utils/bls_transformer.py took 0.167 seconds
[2025-12-08T00:33:43.048+0000] {processor.py:186} INFO - Started process (PID=415) to work on /opt/airflow/dags/utils/bls_transformer.py
[2025-12-08T00:33:43.052+0000] {processor.py:914} INFO - Processing file /opt/airflow/dags/utils/bls_transformer.py for tasks to queue
[2025-12-08T00:33:43.069+0000] {logging_mixin.py:190} INFO - [2025-12-08T00:33:43.067+0000] {dagbag.py:587} INFO - Filling up the DagBag from /opt/airflow/dags/utils/bls_transformer.py
[2025-12-08T00:33:43.081+0000] {processor.py:927} WARNING - No viable dags retrieved from /opt/airflow/dags/utils/bls_transformer.py
[2025-12-08T00:33:43.134+0000] {processor.py:208} INFO - Processing /opt/airflow/dags/utils/bls_transformer.py took 0.114 seconds
[2025-12-08T00:34:13.320+0000] {processor.py:186} INFO - Started process (PID=431) to work on /opt/airflow/dags/utils/bls_transformer.py
[2025-12-08T00:34:13.322+0000] {processor.py:914} INFO - Processing file /opt/airflow/dags/utils/bls_transformer.py for tasks to queue
[2025-12-08T00:34:13.329+0000] {logging_mixin.py:190} INFO - [2025-12-08T00:34:13.328+0000] {dagbag.py:587} INFO - Filling up the DagBag from /opt/airflow/dags/utils/bls_transformer.py
[2025-12-08T00:34:13.337+0000] {processor.py:927} WARNING - No viable dags retrieved from /opt/airflow/dags/utils/bls_transformer.py
[2025-12-08T00:34:13.373+0000] {processor.py:208} INFO - Processing /opt/airflow/dags/utils/bls_transformer.py took 0.068 seconds
[2025-12-08T00:34:44.165+0000] {processor.py:186} INFO - Started process (PID=447) to work on /opt/airflow/dags/utils/bls_transformer.py
[2025-12-08T00:34:44.169+0000] {processor.py:914} INFO - Processing file /opt/airflow/dags/utils/bls_transformer.py for tasks to queue
[2025-12-08T00:34:44.203+0000] {logging_mixin.py:190} INFO - [2025-12-08T00:34:44.199+0000] {dagbag.py:587} INFO - Filling up the DagBag from /opt/airflow/dags/utils/bls_transformer.py
[2025-12-08T00:34:44.214+0000] {processor.py:927} WARNING - No viable dags retrieved from /opt/airflow/dags/utils/bls_transformer.py
[2025-12-08T00:34:44.256+0000] {processor.py:208} INFO - Processing /opt/airflow/dags/utils/bls_transformer.py took 0.119 seconds
[2025-12-08T00:35:14.801+0000] {processor.py:186} INFO - Started process (PID=463) to work on /opt/airflow/dags/utils/bls_transformer.py
[2025-12-08T00:35:14.804+0000] {processor.py:914} INFO - Processing file /opt/airflow/dags/utils/bls_transformer.py for tasks to queue
[2025-12-08T00:35:14.815+0000] {logging_mixin.py:190} INFO - [2025-12-08T00:35:14.814+0000] {dagbag.py:587} INFO - Filling up the DagBag from /opt/airflow/dags/utils/bls_transformer.py
[2025-12-08T00:35:14.821+0000] {processor.py:927} WARNING - No viable dags retrieved from /opt/airflow/dags/utils/bls_transformer.py
[2025-12-08T00:35:14.861+0000] {processor.py:208} INFO - Processing /opt/airflow/dags/utils/bls_transformer.py took 0.078 seconds
[2025-12-08T00:35:45.392+0000] {processor.py:186} INFO - Started process (PID=485) to work on /opt/airflow/dags/utils/bls_transformer.py
[2025-12-08T00:35:45.395+0000] {processor.py:914} INFO - Processing file /opt/airflow/dags/utils/bls_transformer.py for tasks to queue
[2025-12-08T00:35:45.405+0000] {logging_mixin.py:190} INFO - [2025-12-08T00:35:45.404+0000] {dagbag.py:587} INFO - Filling up the DagBag from /opt/airflow/dags/utils/bls_transformer.py
[2025-12-08T00:35:45.411+0000] {processor.py:927} WARNING - No viable dags retrieved from /opt/airflow/dags/utils/bls_transformer.py
[2025-12-08T00:35:45.508+0000] {processor.py:208} INFO - Processing /opt/airflow/dags/utils/bls_transformer.py took 0.130 seconds
[2025-12-08T00:36:15.776+0000] {processor.py:186} INFO - Started process (PID=501) to work on /opt/airflow/dags/utils/bls_transformer.py
[2025-12-08T00:36:15.790+0000] {processor.py:914} INFO - Processing file /opt/airflow/dags/utils/bls_transformer.py for tasks to queue
[2025-12-08T00:36:15.820+0000] {logging_mixin.py:190} INFO - [2025-12-08T00:36:15.818+0000] {dagbag.py:587} INFO - Filling up the DagBag from /opt/airflow/dags/utils/bls_transformer.py
[2025-12-08T00:36:15.858+0000] {processor.py:927} WARNING - No viable dags retrieved from /opt/airflow/dags/utils/bls_transformer.py
[2025-12-08T00:36:15.917+0000] {processor.py:208} INFO - Processing /opt/airflow/dags/utils/bls_transformer.py took 0.197 seconds
[2025-12-08T00:36:46.786+0000] {processor.py:186} INFO - Started process (PID=517) to work on /opt/airflow/dags/utils/bls_transformer.py
[2025-12-08T00:36:46.790+0000] {processor.py:914} INFO - Processing file /opt/airflow/dags/utils/bls_transformer.py for tasks to queue
[2025-12-08T00:36:46.797+0000] {logging_mixin.py:190} INFO - [2025-12-08T00:36:46.796+0000] {dagbag.py:587} INFO - Filling up the DagBag from /opt/airflow/dags/utils/bls_transformer.py
[2025-12-08T00:36:46.807+0000] {processor.py:927} WARNING - No viable dags retrieved from /opt/airflow/dags/utils/bls_transformer.py
[2025-12-08T00:36:46.839+0000] {processor.py:208} INFO - Processing /opt/airflow/dags/utils/bls_transformer.py took 0.076 seconds
[2025-12-08T00:37:16.957+0000] {processor.py:186} INFO - Started process (PID=533) to work on /opt/airflow/dags/utils/bls_transformer.py
[2025-12-08T00:37:16.959+0000] {processor.py:914} INFO - Processing file /opt/airflow/dags/utils/bls_transformer.py for tasks to queue
[2025-12-08T00:37:16.965+0000] {logging_mixin.py:190} INFO - [2025-12-08T00:37:16.965+0000] {dagbag.py:587} INFO - Filling up the DagBag from /opt/airflow/dags/utils/bls_transformer.py
[2025-12-08T00:37:16.986+0000] {processor.py:927} WARNING - No viable dags retrieved from /opt/airflow/dags/utils/bls_transformer.py
[2025-12-08T00:37:17.037+0000] {processor.py:208} INFO - Processing /opt/airflow/dags/utils/bls_transformer.py took 0.099 seconds
[2025-12-08T00:37:47.219+0000] {processor.py:186} INFO - Started process (PID=549) to work on /opt/airflow/dags/utils/bls_transformer.py
[2025-12-08T00:37:47.221+0000] {processor.py:914} INFO - Processing file /opt/airflow/dags/utils/bls_transformer.py for tasks to queue
[2025-12-08T00:37:47.225+0000] {logging_mixin.py:190} INFO - [2025-12-08T00:37:47.225+0000] {dagbag.py:587} INFO - Filling up the DagBag from /opt/airflow/dags/utils/bls_transformer.py
[2025-12-08T00:37:47.230+0000] {processor.py:927} WARNING - No viable dags retrieved from /opt/airflow/dags/utils/bls_transformer.py
[2025-12-08T00:37:47.249+0000] {processor.py:208} INFO - Processing /opt/airflow/dags/utils/bls_transformer.py took 0.042 seconds
[2025-12-08T00:38:06.744+0000] {processor.py:186} INFO - Started process (PID=554) to work on /opt/airflow/dags/utils/bls_transformer.py
[2025-12-08T00:38:06.751+0000] {processor.py:914} INFO - Processing file /opt/airflow/dags/utils/bls_transformer.py for tasks to queue
[2025-12-08T00:38:06.762+0000] {logging_mixin.py:190} INFO - [2025-12-08T00:38:06.758+0000] {dagbag.py:587} INFO - Filling up the DagBag from /opt/airflow/dags/utils/bls_transformer.py
[2025-12-08T00:38:06.775+0000] {processor.py:927} WARNING - No viable dags retrieved from /opt/airflow/dags/utils/bls_transformer.py
[2025-12-08T00:38:06.823+0000] {processor.py:208} INFO - Processing /opt/airflow/dags/utils/bls_transformer.py took 0.101 seconds
[2025-12-08T00:38:37.197+0000] {processor.py:186} INFO - Started process (PID=570) to work on /opt/airflow/dags/utils/bls_transformer.py
[2025-12-08T00:38:37.200+0000] {processor.py:914} INFO - Processing file /opt/airflow/dags/utils/bls_transformer.py for tasks to queue
[2025-12-08T00:38:37.210+0000] {logging_mixin.py:190} INFO - [2025-12-08T00:38:37.209+0000] {dagbag.py:587} INFO - Filling up the DagBag from /opt/airflow/dags/utils/bls_transformer.py
[2025-12-08T00:38:37.218+0000] {processor.py:927} WARNING - No viable dags retrieved from /opt/airflow/dags/utils/bls_transformer.py
[2025-12-08T00:38:37.260+0000] {processor.py:208} INFO - Processing /opt/airflow/dags/utils/bls_transformer.py took 0.081 seconds
[2025-12-08T00:39:07.599+0000] {processor.py:186} INFO - Started process (PID=586) to work on /opt/airflow/dags/utils/bls_transformer.py
[2025-12-08T00:39:07.602+0000] {processor.py:914} INFO - Processing file /opt/airflow/dags/utils/bls_transformer.py for tasks to queue
[2025-12-08T00:39:07.609+0000] {logging_mixin.py:190} INFO - [2025-12-08T00:39:07.608+0000] {dagbag.py:587} INFO - Filling up the DagBag from /opt/airflow/dags/utils/bls_transformer.py
[2025-12-08T00:39:07.616+0000] {processor.py:927} WARNING - No viable dags retrieved from /opt/airflow/dags/utils/bls_transformer.py
[2025-12-08T00:39:07.653+0000] {processor.py:208} INFO - Processing /opt/airflow/dags/utils/bls_transformer.py took 0.071 seconds
[2025-12-08T00:39:38.519+0000] {processor.py:186} INFO - Started process (PID=602) to work on /opt/airflow/dags/utils/bls_transformer.py
[2025-12-08T00:39:38.522+0000] {processor.py:914} INFO - Processing file /opt/airflow/dags/utils/bls_transformer.py for tasks to queue
[2025-12-08T00:39:38.528+0000] {logging_mixin.py:190} INFO - [2025-12-08T00:39:38.528+0000] {dagbag.py:587} INFO - Filling up the DagBag from /opt/airflow/dags/utils/bls_transformer.py
[2025-12-08T00:39:38.542+0000] {processor.py:927} WARNING - No viable dags retrieved from /opt/airflow/dags/utils/bls_transformer.py
[2025-12-08T00:39:38.579+0000] {processor.py:208} INFO - Processing /opt/airflow/dags/utils/bls_transformer.py took 0.077 seconds
[2025-12-08T00:40:08.701+0000] {processor.py:186} INFO - Started process (PID=618) to work on /opt/airflow/dags/utils/bls_transformer.py
[2025-12-08T00:40:08.704+0000] {processor.py:914} INFO - Processing file /opt/airflow/dags/utils/bls_transformer.py for tasks to queue
[2025-12-08T00:40:08.719+0000] {logging_mixin.py:190} INFO - [2025-12-08T00:40:08.717+0000] {dagbag.py:587} INFO - Filling up the DagBag from /opt/airflow/dags/utils/bls_transformer.py
[2025-12-08T00:40:08.728+0000] {processor.py:927} WARNING - No viable dags retrieved from /opt/airflow/dags/utils/bls_transformer.py
[2025-12-08T00:40:08.772+0000] {processor.py:208} INFO - Processing /opt/airflow/dags/utils/bls_transformer.py took 0.098 seconds
[2025-12-08T00:40:39.647+0000] {processor.py:186} INFO - Started process (PID=639) to work on /opt/airflow/dags/utils/bls_transformer.py
[2025-12-08T00:40:39.650+0000] {processor.py:914} INFO - Processing file /opt/airflow/dags/utils/bls_transformer.py for tasks to queue
[2025-12-08T00:40:39.656+0000] {logging_mixin.py:190} INFO - [2025-12-08T00:40:39.655+0000] {dagbag.py:587} INFO - Filling up the DagBag from /opt/airflow/dags/utils/bls_transformer.py
[2025-12-08T00:40:39.662+0000] {processor.py:927} WARNING - No viable dags retrieved from /opt/airflow/dags/utils/bls_transformer.py
[2025-12-08T00:40:39.725+0000] {processor.py:208} INFO - Processing /opt/airflow/dags/utils/bls_transformer.py took 0.100 seconds
[2025-12-08T00:41:10.058+0000] {processor.py:186} INFO - Started process (PID=655) to work on /opt/airflow/dags/utils/bls_transformer.py
[2025-12-08T00:41:10.061+0000] {processor.py:914} INFO - Processing file /opt/airflow/dags/utils/bls_transformer.py for tasks to queue
[2025-12-08T00:41:10.067+0000] {logging_mixin.py:190} INFO - [2025-12-08T00:41:10.066+0000] {dagbag.py:587} INFO - Filling up the DagBag from /opt/airflow/dags/utils/bls_transformer.py
[2025-12-08T00:41:10.073+0000] {processor.py:927} WARNING - No viable dags retrieved from /opt/airflow/dags/utils/bls_transformer.py
[2025-12-08T00:41:10.108+0000] {processor.py:208} INFO - Processing /opt/airflow/dags/utils/bls_transformer.py took 0.069 seconds
[2025-12-08T00:41:40.881+0000] {processor.py:186} INFO - Started process (PID=671) to work on /opt/airflow/dags/utils/bls_transformer.py
[2025-12-08T00:41:40.886+0000] {processor.py:914} INFO - Processing file /opt/airflow/dags/utils/bls_transformer.py for tasks to queue
[2025-12-08T00:41:40.900+0000] {logging_mixin.py:190} INFO - [2025-12-08T00:41:40.899+0000] {dagbag.py:587} INFO - Filling up the DagBag from /opt/airflow/dags/utils/bls_transformer.py
[2025-12-08T00:41:40.906+0000] {processor.py:927} WARNING - No viable dags retrieved from /opt/airflow/dags/utils/bls_transformer.py
[2025-12-08T00:41:40.945+0000] {processor.py:208} INFO - Processing /opt/airflow/dags/utils/bls_transformer.py took 0.083 seconds
[2025-12-08T00:42:11.869+0000] {processor.py:186} INFO - Started process (PID=687) to work on /opt/airflow/dags/utils/bls_transformer.py
[2025-12-08T00:42:11.872+0000] {processor.py:914} INFO - Processing file /opt/airflow/dags/utils/bls_transformer.py for tasks to queue
[2025-12-08T00:42:11.884+0000] {logging_mixin.py:190} INFO - [2025-12-08T00:42:11.883+0000] {dagbag.py:587} INFO - Filling up the DagBag from /opt/airflow/dags/utils/bls_transformer.py
[2025-12-08T00:42:11.890+0000] {processor.py:927} WARNING - No viable dags retrieved from /opt/airflow/dags/utils/bls_transformer.py
[2025-12-08T00:42:11.936+0000] {processor.py:208} INFO - Processing /opt/airflow/dags/utils/bls_transformer.py took 0.087 seconds
