[2025-12-07T11:40:07.610+0000] {local_task_job_runner.py:123} INFO - ::group::Pre task execution logs
[2025-12-07T11:40:07.638+0000] {taskinstance.py:2612} INFO - Dependencies all met for dep_context=non-requeueable deps ti=<TaskInstance: bls_employment_projections_etl.create_table manual__2025-12-07T11:39:54.155878+00:00 [queued]>
[2025-12-07T11:40:07.660+0000] {taskinstance.py:2612} INFO - Dependencies all met for dep_context=requeueable deps ti=<TaskInstance: bls_employment_projections_etl.create_table manual__2025-12-07T11:39:54.155878+00:00 [queued]>
[2025-12-07T11:40:07.660+0000] {taskinstance.py:2865} INFO - Starting attempt 1 of 2
[2025-12-07T11:40:07.697+0000] {taskinstance.py:2888} INFO - Executing <Task(SnowflakeOperator): create_table> on 2025-12-07 11:39:54.155878+00:00
[2025-12-07T11:40:07.774+0000] {logging_mixin.py:190} WARNING - /home/***/.local/lib/python3.12/site-packages/***/task/task_runner/standard_task_runner.py:70 DeprecationWarning: This process (pid=278) is multi-threaded, use of fork() may lead to deadlocks in the child.
[2025-12-07T11:40:07.782+0000] {standard_task_runner.py:72} INFO - Started process 298 to run task
[2025-12-07T11:40:07.796+0000] {standard_task_runner.py:104} INFO - Running: ['***', 'tasks', 'run', 'bls_employment_projections_etl', 'create_table', 'manual__2025-12-07T11:39:54.155878+00:00', '--job-id', '73', '--raw', '--subdir', 'DAGS_FOLDER/dags/bls_etl_dag.py', '--cfg-path', '/tmp/tmp_6pop3fw']
[2025-12-07T11:40:07.820+0000] {standard_task_runner.py:105} INFO - Job 73: Subtask create_table
[2025-12-07T11:40:08.021+0000] {task_command.py:467} INFO - Running <TaskInstance: bls_employment_projections_etl.create_table manual__2025-12-07T11:39:54.155878+00:00 [running]> on host 8f0f084825b6
[2025-12-07T11:40:08.619+0000] {taskinstance.py:3131} INFO - Exporting env vars: AIRFLOW_CTX_DAG_OWNER='data_team' AIRFLOW_CTX_DAG_ID='bls_employment_projections_etl' AIRFLOW_CTX_TASK_ID='create_table' AIRFLOW_CTX_EXECUTION_DATE='2025-12-07T11:39:54.155878+00:00' AIRFLOW_CTX_TRY_NUMBER='1' AIRFLOW_CTX_DAG_RUN_ID='manual__2025-12-07T11:39:54.155878+00:00'
[2025-12-07T11:40:08.648+0000] {taskinstance.py:731} INFO - ::endgroup::
[2025-12-07T11:40:08.772+0000] {sql.py:266} INFO - Executing: 
    CREATE TABLE IF NOT EXISTS USER_DB_HYENA.ANALYTICS.bls_employment_projections (
        OCCUPATION_TITLE VARCHAR(500),
        JOB_TITLE VARCHAR(500),
        OCCUPATION_CODE VARCHAR(20),
        EMPLOYMENT_2024 VARCHAR(50),
        EMPLOYMENT_2034 VARCHAR(50),
        EMPLOYMENT_CHANGE_2024_2034 VARCHAR(50),
        EMPLOYMENT_PERCENT_CHANGE_2024_2034 VARCHAR(50),
        OCCUPATIONAL_OPENINGS_2024_2034_ANNUAL_AVG VARCHAR(50),
        MEDIAN_ANNUAL_WAGE_2024 VARCHAR(50),
        TYPICAL_ENTRY_LEVEL_EDUCATION VARCHAR(200),
        EDUCATION_CODE VARCHAR(10),
        WORK_EXPERIENCE_IN_RELATED_OCCUPATION VARCHAR(100),
        WORKEX_CODE VARCHAR(10),
        TYPICAL_ON_THE_JOB_TRAINING VARCHAR(100),
        TR_CODE VARCHAR(10),
        LOAD_TIMESTAMP TIMESTAMP_NTZ DEFAULT CURRENT_TIMESTAMP()
    )
    
[2025-12-07T11:40:08.901+0000] {base.py:84} INFO - Retrieving connection 'snowflake_conn'
[2025-12-07T11:40:08.999+0000] {base.py:84} INFO - Retrieving connection 'snowflake_conn'
[2025-12-07T11:40:09.008+0000] {connection.py:413} INFO - Snowflake Connector for Python Version: 3.12.1, Python Version: 3.12.5, Platform: Linux-6.12.54-linuxkit-aarch64-with-glibc2.36
[2025-12-07T11:40:09.026+0000] {connection.py:1196} INFO - Connecting to GLOBAL Snowflake domain
[2025-12-07T11:40:09.028+0000] {connection.py:1277} INFO - This connection is in OCSP Fail Open Mode. TLS Certificates would be checked for validity and revocation status. Any other Certificate Revocation related exceptions or OCSP Responder failures would be disregarded in favor of connectivity.
[2025-12-07T11:40:11.703+0000] {cursor.py:1156} INFO - Number of results in first chunk: 1
[2025-12-07T11:40:11.708+0000] {sql.py:509} INFO - Running statement: CREATE TABLE IF NOT EXISTS USER_DB_HYENA.ANALYTICS.bls_employment_projections (
        OCCUPATION_TITLE VARCHAR(500),
        JOB_TITLE VARCHAR(500),
        OCCUPATION_CODE VARCHAR(20),
        EMPLOYMENT_2024 VARCHAR(50),
        EMPLOYMENT_2034 VARCHAR(50),
        EMPLOYMENT_CHANGE_2024_2034 VARCHAR(50),
        EMPLOYMENT_PERCENT_CHANGE_2024_2034 VARCHAR(50),
        OCCUPATIONAL_OPENINGS_2024_2034_ANNUAL_AVG VARCHAR(50),
        MEDIAN_ANNUAL_WAGE_2024 VARCHAR(50),
        TYPICAL_ENTRY_LEVEL_EDUCATION VARCHAR(200),
        EDUCATION_CODE VARCHAR(10),
        WORK_EXPERIENCE_IN_RELATED_OCCUPATION VARCHAR(100),
        WORKEX_CODE VARCHAR(10),
        TYPICAL_ON_THE_JOB_TRAINING VARCHAR(100),
        TR_CODE VARCHAR(10),
        LOAD_TIMESTAMP TIMESTAMP_NTZ DEFAULT CURRENT_TIMESTAMP()
    ), parameters: None
[2025-12-07T11:40:12.001+0000] {cursor.py:1156} INFO - Number of results in first chunk: 1
[2025-12-07T11:40:12.002+0000] {sql.py:518} INFO - Rows affected: 1
[2025-12-07T11:40:12.004+0000] {snowflake.py:422} INFO - Rows affected: 1
[2025-12-07T11:40:12.005+0000] {snowflake.py:423} INFO - Snowflake query id: 01c0e3dc-0107-33da-000f-c0df00ba0dda
[2025-12-07T11:40:12.082+0000] {cursor.py:1156} INFO - Number of results in first chunk: 1
[2025-12-07T11:40:12.084+0000] {connection.py:788} INFO - closed
[2025-12-07T11:40:12.178+0000] {connection.py:794} INFO - No async queries seem to be running, deleting session
[2025-12-07T11:40:12.494+0000] {taskinstance.py:340} INFO - ::group::Post task execution logs
[2025-12-07T11:40:12.498+0000] {taskinstance.py:352} INFO - Marking task as SUCCESS. dag_id=bls_employment_projections_etl, task_id=create_table, run_id=manual__2025-12-07T11:39:54.155878+00:00, execution_date=20251207T113954, start_date=20251207T114007, end_date=20251207T114012
[2025-12-07T11:40:12.587+0000] {local_task_job_runner.py:266} INFO - Task exited with return code 0
[2025-12-07T11:40:12.772+0000] {logging_mixin.py:190} WARNING - /home/***/.local/lib/python3.12/site-packages/***/models/baseoperator.py:1378 AirflowProviderDeprecationWarning: Call to deprecated class SnowflakeOperator. (This class is deprecated. Please use `***.providers.common.sql.operators.sql.SQLExecuteQueryOperator`. Also, you can provide `hook_params={'warehouse': <warehouse>, 'database': <database>, 'role': <role>, 'schema': <schema>, 'authenticator': <authenticator>,'session_parameters': <session_parameters>}`.)
[2025-12-07T11:40:12.816+0000] {standard_task_runner.py:217} INFO - Process not found (most likely exited), stop collecting metrics
[2025-12-07T11:40:12.931+0000] {taskinstance.py:3900} INFO - 1 downstream tasks scheduled from follow-on schedule check
[2025-12-07T11:40:12.942+0000] {local_task_job_runner.py:245} INFO - ::endgroup::
