[2025-12-08T00:00:19.357+0000] {processor.py:186} INFO - Started process (PID=8161) to work on /opt/airflow/dags/bls_etl_dag.py
[2025-12-08T00:00:19.360+0000] {processor.py:914} INFO - Processing file /opt/airflow/dags/bls_etl_dag.py for tasks to queue
[2025-12-08T00:00:19.367+0000] {logging_mixin.py:190} INFO - [2025-12-08T00:00:19.366+0000] {dagbag.py:587} INFO - Filling up the DagBag from /opt/airflow/dags/bls_etl_dag.py
[2025-12-08T00:00:19.464+0000] {processor.py:925} INFO - DAG(s) 'bls_employment_projections_etl' retrieved from /opt/airflow/dags/bls_etl_dag.py
[2025-12-08T00:00:19.505+0000] {logging_mixin.py:190} INFO - [2025-12-08T00:00:19.504+0000] {dag.py:3229} INFO - Sync 1 DAGs
[2025-12-08T00:00:19.544+0000] {logging_mixin.py:190} INFO - [2025-12-08T00:00:19.543+0000] {dag.py:4156} INFO - Setting next_dagrun for bls_employment_projections_etl to 2025-12-01 00:00:00+00:00, run_after=2026-01-01 00:00:00+00:00
[2025-12-08T00:00:19.572+0000] {processor.py:208} INFO - Processing /opt/airflow/dags/bls_etl_dag.py took 0.238 seconds
[2025-12-08T00:00:49.995+0000] {processor.py:186} INFO - Started process (PID=8177) to work on /opt/airflow/dags/bls_etl_dag.py
[2025-12-08T00:00:49.998+0000] {processor.py:914} INFO - Processing file /opt/airflow/dags/bls_etl_dag.py for tasks to queue
[2025-12-08T00:00:50.014+0000] {logging_mixin.py:190} INFO - [2025-12-08T00:00:50.013+0000] {dagbag.py:587} INFO - Filling up the DagBag from /opt/airflow/dags/bls_etl_dag.py
[2025-12-08T00:00:50.098+0000] {processor.py:925} INFO - DAG(s) 'bls_employment_projections_etl' retrieved from /opt/airflow/dags/bls_etl_dag.py
[2025-12-08T00:00:50.137+0000] {logging_mixin.py:190} INFO - [2025-12-08T00:00:50.136+0000] {dag.py:3229} INFO - Sync 1 DAGs
[2025-12-08T00:00:50.172+0000] {logging_mixin.py:190} INFO - [2025-12-08T00:00:50.172+0000] {dag.py:4156} INFO - Setting next_dagrun for bls_employment_projections_etl to 2025-12-01 00:00:00+00:00, run_after=2026-01-01 00:00:00+00:00
[2025-12-08T00:00:50.193+0000] {processor.py:208} INFO - Processing /opt/airflow/dags/bls_etl_dag.py took 0.219 seconds
[2025-12-08T00:01:20.497+0000] {processor.py:186} INFO - Started process (PID=8193) to work on /opt/airflow/dags/bls_etl_dag.py
[2025-12-08T00:01:20.499+0000] {processor.py:914} INFO - Processing file /opt/airflow/dags/bls_etl_dag.py for tasks to queue
[2025-12-08T00:01:20.506+0000] {logging_mixin.py:190} INFO - [2025-12-08T00:01:20.505+0000] {dagbag.py:587} INFO - Filling up the DagBag from /opt/airflow/dags/bls_etl_dag.py
[2025-12-08T00:01:20.594+0000] {processor.py:925} INFO - DAG(s) 'bls_employment_projections_etl' retrieved from /opt/airflow/dags/bls_etl_dag.py
[2025-12-08T00:01:20.632+0000] {logging_mixin.py:190} INFO - [2025-12-08T00:01:20.631+0000] {dag.py:3229} INFO - Sync 1 DAGs
[2025-12-08T00:01:20.673+0000] {logging_mixin.py:190} INFO - [2025-12-08T00:01:20.672+0000] {dag.py:4156} INFO - Setting next_dagrun for bls_employment_projections_etl to 2025-12-01 00:00:00+00:00, run_after=2026-01-01 00:00:00+00:00
[2025-12-08T00:01:20.699+0000] {processor.py:208} INFO - Processing /opt/airflow/dags/bls_etl_dag.py took 0.225 seconds
[2025-12-08T00:01:51.060+0000] {processor.py:186} INFO - Started process (PID=8209) to work on /opt/airflow/dags/bls_etl_dag.py
[2025-12-08T00:01:51.062+0000] {processor.py:914} INFO - Processing file /opt/airflow/dags/bls_etl_dag.py for tasks to queue
[2025-12-08T00:01:51.067+0000] {logging_mixin.py:190} INFO - [2025-12-08T00:01:51.066+0000] {dagbag.py:587} INFO - Filling up the DagBag from /opt/airflow/dags/bls_etl_dag.py
[2025-12-08T00:01:51.142+0000] {processor.py:925} INFO - DAG(s) 'bls_employment_projections_etl' retrieved from /opt/airflow/dags/bls_etl_dag.py
[2025-12-08T00:01:51.173+0000] {logging_mixin.py:190} INFO - [2025-12-08T00:01:51.173+0000] {dag.py:3229} INFO - Sync 1 DAGs
[2025-12-08T00:01:51.211+0000] {logging_mixin.py:190} INFO - [2025-12-08T00:01:51.211+0000] {dag.py:4156} INFO - Setting next_dagrun for bls_employment_projections_etl to 2025-12-01 00:00:00+00:00, run_after=2026-01-01 00:00:00+00:00
[2025-12-08T00:01:51.229+0000] {processor.py:208} INFO - Processing /opt/airflow/dags/bls_etl_dag.py took 0.183 seconds
[2025-12-08T00:02:21.827+0000] {processor.py:186} INFO - Started process (PID=8225) to work on /opt/airflow/dags/bls_etl_dag.py
[2025-12-08T00:02:21.836+0000] {processor.py:914} INFO - Processing file /opt/airflow/dags/bls_etl_dag.py for tasks to queue
[2025-12-08T00:02:21.853+0000] {logging_mixin.py:190} INFO - [2025-12-08T00:02:21.851+0000] {dagbag.py:587} INFO - Filling up the DagBag from /opt/airflow/dags/bls_etl_dag.py
[2025-12-08T00:02:21.966+0000] {processor.py:925} INFO - DAG(s) 'bls_employment_projections_etl' retrieved from /opt/airflow/dags/bls_etl_dag.py
[2025-12-08T00:02:22.003+0000] {logging_mixin.py:190} INFO - [2025-12-08T00:02:22.003+0000] {dag.py:3229} INFO - Sync 1 DAGs
[2025-12-08T00:02:22.058+0000] {logging_mixin.py:190} INFO - [2025-12-08T00:02:22.058+0000] {dag.py:4156} INFO - Setting next_dagrun for bls_employment_projections_etl to 2025-12-01 00:00:00+00:00, run_after=2026-01-01 00:00:00+00:00
[2025-12-08T00:02:22.091+0000] {processor.py:208} INFO - Processing /opt/airflow/dags/bls_etl_dag.py took 0.286 seconds
[2025-12-08T00:02:52.397+0000] {processor.py:186} INFO - Started process (PID=8241) to work on /opt/airflow/dags/bls_etl_dag.py
[2025-12-08T00:02:52.404+0000] {processor.py:914} INFO - Processing file /opt/airflow/dags/bls_etl_dag.py for tasks to queue
[2025-12-08T00:02:52.411+0000] {logging_mixin.py:190} INFO - [2025-12-08T00:02:52.409+0000] {dagbag.py:587} INFO - Filling up the DagBag from /opt/airflow/dags/bls_etl_dag.py
[2025-12-08T00:02:52.493+0000] {processor.py:925} INFO - DAG(s) 'bls_employment_projections_etl' retrieved from /opt/airflow/dags/bls_etl_dag.py
[2025-12-08T00:02:52.521+0000] {logging_mixin.py:190} INFO - [2025-12-08T00:02:52.520+0000] {dag.py:3229} INFO - Sync 1 DAGs
[2025-12-08T00:02:52.564+0000] {logging_mixin.py:190} INFO - [2025-12-08T00:02:52.563+0000] {dag.py:4156} INFO - Setting next_dagrun for bls_employment_projections_etl to 2025-12-01 00:00:00+00:00, run_after=2026-01-01 00:00:00+00:00
[2025-12-08T00:02:52.587+0000] {processor.py:208} INFO - Processing /opt/airflow/dags/bls_etl_dag.py took 0.207 seconds
[2025-12-08T00:03:23.100+0000] {processor.py:186} INFO - Started process (PID=8257) to work on /opt/airflow/dags/bls_etl_dag.py
[2025-12-08T00:03:23.104+0000] {processor.py:914} INFO - Processing file /opt/airflow/dags/bls_etl_dag.py for tasks to queue
[2025-12-08T00:03:23.119+0000] {logging_mixin.py:190} INFO - [2025-12-08T00:03:23.118+0000] {dagbag.py:587} INFO - Filling up the DagBag from /opt/airflow/dags/bls_etl_dag.py
[2025-12-08T00:03:23.207+0000] {processor.py:925} INFO - DAG(s) 'bls_employment_projections_etl' retrieved from /opt/airflow/dags/bls_etl_dag.py
[2025-12-08T00:03:23.244+0000] {logging_mixin.py:190} INFO - [2025-12-08T00:03:23.242+0000] {dag.py:3229} INFO - Sync 1 DAGs
[2025-12-08T00:03:23.295+0000] {logging_mixin.py:190} INFO - [2025-12-08T00:03:23.295+0000] {dag.py:4156} INFO - Setting next_dagrun for bls_employment_projections_etl to 2025-12-01 00:00:00+00:00, run_after=2026-01-01 00:00:00+00:00
[2025-12-08T00:03:23.324+0000] {processor.py:208} INFO - Processing /opt/airflow/dags/bls_etl_dag.py took 0.248 seconds
[2025-12-08T00:03:53.632+0000] {processor.py:186} INFO - Started process (PID=8273) to work on /opt/airflow/dags/bls_etl_dag.py
[2025-12-08T00:03:53.635+0000] {processor.py:914} INFO - Processing file /opt/airflow/dags/bls_etl_dag.py for tasks to queue
[2025-12-08T00:03:53.638+0000] {logging_mixin.py:190} INFO - [2025-12-08T00:03:53.638+0000] {dagbag.py:587} INFO - Filling up the DagBag from /opt/airflow/dags/bls_etl_dag.py
[2025-12-08T00:03:53.691+0000] {processor.py:925} INFO - DAG(s) 'bls_employment_projections_etl' retrieved from /opt/airflow/dags/bls_etl_dag.py
[2025-12-08T00:03:53.728+0000] {logging_mixin.py:190} INFO - [2025-12-08T00:03:53.728+0000] {dag.py:3229} INFO - Sync 1 DAGs
[2025-12-08T00:03:53.779+0000] {logging_mixin.py:190} INFO - [2025-12-08T00:03:53.778+0000] {dag.py:4156} INFO - Setting next_dagrun for bls_employment_projections_etl to 2025-12-01 00:00:00+00:00, run_after=2026-01-01 00:00:00+00:00
[2025-12-08T00:03:53.800+0000] {processor.py:208} INFO - Processing /opt/airflow/dags/bls_etl_dag.py took 0.178 seconds
[2025-12-08T00:04:24.298+0000] {processor.py:186} INFO - Started process (PID=8289) to work on /opt/airflow/dags/bls_etl_dag.py
[2025-12-08T00:04:24.301+0000] {processor.py:914} INFO - Processing file /opt/airflow/dags/bls_etl_dag.py for tasks to queue
[2025-12-08T00:04:24.306+0000] {logging_mixin.py:190} INFO - [2025-12-08T00:04:24.305+0000] {dagbag.py:587} INFO - Filling up the DagBag from /opt/airflow/dags/bls_etl_dag.py
[2025-12-08T00:04:24.390+0000] {processor.py:925} INFO - DAG(s) 'bls_employment_projections_etl' retrieved from /opt/airflow/dags/bls_etl_dag.py
[2025-12-08T00:04:24.425+0000] {logging_mixin.py:190} INFO - [2025-12-08T00:04:24.425+0000] {dag.py:3229} INFO - Sync 1 DAGs
[2025-12-08T00:04:24.470+0000] {logging_mixin.py:190} INFO - [2025-12-08T00:04:24.470+0000] {dag.py:4156} INFO - Setting next_dagrun for bls_employment_projections_etl to 2025-12-01 00:00:00+00:00, run_after=2026-01-01 00:00:00+00:00
[2025-12-08T00:04:24.488+0000] {processor.py:208} INFO - Processing /opt/airflow/dags/bls_etl_dag.py took 0.208 seconds
[2025-12-08T00:04:55.011+0000] {processor.py:186} INFO - Started process (PID=8305) to work on /opt/airflow/dags/bls_etl_dag.py
[2025-12-08T00:04:55.014+0000] {processor.py:914} INFO - Processing file /opt/airflow/dags/bls_etl_dag.py for tasks to queue
[2025-12-08T00:04:55.019+0000] {logging_mixin.py:190} INFO - [2025-12-08T00:04:55.018+0000] {dagbag.py:587} INFO - Filling up the DagBag from /opt/airflow/dags/bls_etl_dag.py
[2025-12-08T00:04:55.100+0000] {processor.py:925} INFO - DAG(s) 'bls_employment_projections_etl' retrieved from /opt/airflow/dags/bls_etl_dag.py
[2025-12-08T00:04:55.144+0000] {logging_mixin.py:190} INFO - [2025-12-08T00:04:55.143+0000] {dag.py:3229} INFO - Sync 1 DAGs
[2025-12-08T00:04:55.190+0000] {logging_mixin.py:190} INFO - [2025-12-08T00:04:55.189+0000] {dag.py:4156} INFO - Setting next_dagrun for bls_employment_projections_etl to 2025-12-01 00:00:00+00:00, run_after=2026-01-01 00:00:00+00:00
[2025-12-08T00:04:55.215+0000] {processor.py:208} INFO - Processing /opt/airflow/dags/bls_etl_dag.py took 0.216 seconds
[2025-12-08T00:05:25.720+0000] {processor.py:186} INFO - Started process (PID=8321) to work on /opt/airflow/dags/bls_etl_dag.py
[2025-12-08T00:05:25.724+0000] {processor.py:914} INFO - Processing file /opt/airflow/dags/bls_etl_dag.py for tasks to queue
[2025-12-08T00:05:25.731+0000] {logging_mixin.py:190} INFO - [2025-12-08T00:05:25.730+0000] {dagbag.py:587} INFO - Filling up the DagBag from /opt/airflow/dags/bls_etl_dag.py
[2025-12-08T00:05:25.809+0000] {processor.py:925} INFO - DAG(s) 'bls_employment_projections_etl' retrieved from /opt/airflow/dags/bls_etl_dag.py
[2025-12-08T00:05:25.843+0000] {logging_mixin.py:190} INFO - [2025-12-08T00:05:25.842+0000] {dag.py:3229} INFO - Sync 1 DAGs
[2025-12-08T00:05:25.884+0000] {logging_mixin.py:190} INFO - [2025-12-08T00:05:25.884+0000] {dag.py:4156} INFO - Setting next_dagrun for bls_employment_projections_etl to 2025-12-01 00:00:00+00:00, run_after=2026-01-01 00:00:00+00:00
[2025-12-08T00:05:25.902+0000] {processor.py:208} INFO - Processing /opt/airflow/dags/bls_etl_dag.py took 0.209 seconds
[2025-12-08T00:05:56.311+0000] {processor.py:186} INFO - Started process (PID=8337) to work on /opt/airflow/dags/bls_etl_dag.py
[2025-12-08T00:05:56.314+0000] {processor.py:914} INFO - Processing file /opt/airflow/dags/bls_etl_dag.py for tasks to queue
[2025-12-08T00:05:56.320+0000] {logging_mixin.py:190} INFO - [2025-12-08T00:05:56.319+0000] {dagbag.py:587} INFO - Filling up the DagBag from /opt/airflow/dags/bls_etl_dag.py
[2025-12-08T00:05:56.389+0000] {processor.py:925} INFO - DAG(s) 'bls_employment_projections_etl' retrieved from /opt/airflow/dags/bls_etl_dag.py
[2025-12-08T00:05:56.430+0000] {logging_mixin.py:190} INFO - [2025-12-08T00:05:56.429+0000] {dag.py:3229} INFO - Sync 1 DAGs
[2025-12-08T00:05:56.473+0000] {logging_mixin.py:190} INFO - [2025-12-08T00:05:56.473+0000] {dag.py:4156} INFO - Setting next_dagrun for bls_employment_projections_etl to 2025-12-01 00:00:00+00:00, run_after=2026-01-01 00:00:00+00:00
[2025-12-08T00:05:56.496+0000] {processor.py:208} INFO - Processing /opt/airflow/dags/bls_etl_dag.py took 0.204 seconds
[2025-12-08T00:06:26.952+0000] {processor.py:186} INFO - Started process (PID=8353) to work on /opt/airflow/dags/bls_etl_dag.py
[2025-12-08T00:06:26.955+0000] {processor.py:914} INFO - Processing file /opt/airflow/dags/bls_etl_dag.py for tasks to queue
[2025-12-08T00:06:26.962+0000] {logging_mixin.py:190} INFO - [2025-12-08T00:06:26.961+0000] {dagbag.py:587} INFO - Filling up the DagBag from /opt/airflow/dags/bls_etl_dag.py
[2025-12-08T00:06:27.061+0000] {processor.py:925} INFO - DAG(s) 'bls_employment_projections_etl' retrieved from /opt/airflow/dags/bls_etl_dag.py
[2025-12-08T00:06:27.096+0000] {logging_mixin.py:190} INFO - [2025-12-08T00:06:27.095+0000] {dag.py:3229} INFO - Sync 1 DAGs
[2025-12-08T00:06:27.138+0000] {logging_mixin.py:190} INFO - [2025-12-08T00:06:27.138+0000] {dag.py:4156} INFO - Setting next_dagrun for bls_employment_projections_etl to 2025-12-01 00:00:00+00:00, run_after=2026-01-01 00:00:00+00:00
[2025-12-08T00:06:27.157+0000] {processor.py:208} INFO - Processing /opt/airflow/dags/bls_etl_dag.py took 0.236 seconds
[2025-12-08T00:06:57.479+0000] {processor.py:186} INFO - Started process (PID=8369) to work on /opt/airflow/dags/bls_etl_dag.py
[2025-12-08T00:06:57.482+0000] {processor.py:914} INFO - Processing file /opt/airflow/dags/bls_etl_dag.py for tasks to queue
[2025-12-08T00:06:57.487+0000] {logging_mixin.py:190} INFO - [2025-12-08T00:06:57.486+0000] {dagbag.py:587} INFO - Filling up the DagBag from /opt/airflow/dags/bls_etl_dag.py
[2025-12-08T00:06:57.554+0000] {processor.py:925} INFO - DAG(s) 'bls_employment_projections_etl' retrieved from /opt/airflow/dags/bls_etl_dag.py
[2025-12-08T00:06:57.585+0000] {logging_mixin.py:190} INFO - [2025-12-08T00:06:57.584+0000] {dag.py:3229} INFO - Sync 1 DAGs
[2025-12-08T00:06:57.623+0000] {logging_mixin.py:190} INFO - [2025-12-08T00:06:57.623+0000] {dag.py:4156} INFO - Setting next_dagrun for bls_employment_projections_etl to 2025-12-01 00:00:00+00:00, run_after=2026-01-01 00:00:00+00:00
[2025-12-08T00:06:57.642+0000] {processor.py:208} INFO - Processing /opt/airflow/dags/bls_etl_dag.py took 0.176 seconds
[2025-12-08T00:07:28.437+0000] {processor.py:186} INFO - Started process (PID=8385) to work on /opt/airflow/dags/bls_etl_dag.py
[2025-12-08T00:07:28.438+0000] {processor.py:914} INFO - Processing file /opt/airflow/dags/bls_etl_dag.py for tasks to queue
[2025-12-08T00:07:28.440+0000] {logging_mixin.py:190} INFO - [2025-12-08T00:07:28.440+0000] {dagbag.py:587} INFO - Filling up the DagBag from /opt/airflow/dags/bls_etl_dag.py
[2025-12-08T00:07:28.503+0000] {processor.py:925} INFO - DAG(s) 'bls_employment_projections_etl' retrieved from /opt/airflow/dags/bls_etl_dag.py
[2025-12-08T00:07:28.544+0000] {logging_mixin.py:190} INFO - [2025-12-08T00:07:28.543+0000] {dag.py:3229} INFO - Sync 1 DAGs
[2025-12-08T00:07:28.590+0000] {logging_mixin.py:190} INFO - [2025-12-08T00:07:28.590+0000] {dag.py:4156} INFO - Setting next_dagrun for bls_employment_projections_etl to 2025-12-01 00:00:00+00:00, run_after=2026-01-01 00:00:00+00:00
[2025-12-08T00:07:28.616+0000] {processor.py:208} INFO - Processing /opt/airflow/dags/bls_etl_dag.py took 0.188 seconds
[2025-12-08T00:07:59.117+0000] {processor.py:186} INFO - Started process (PID=8401) to work on /opt/airflow/dags/bls_etl_dag.py
[2025-12-08T00:07:59.119+0000] {processor.py:914} INFO - Processing file /opt/airflow/dags/bls_etl_dag.py for tasks to queue
[2025-12-08T00:07:59.123+0000] {logging_mixin.py:190} INFO - [2025-12-08T00:07:59.122+0000] {dagbag.py:587} INFO - Filling up the DagBag from /opt/airflow/dags/bls_etl_dag.py
[2025-12-08T00:07:59.171+0000] {processor.py:925} INFO - DAG(s) 'bls_employment_projections_etl' retrieved from /opt/airflow/dags/bls_etl_dag.py
[2025-12-08T00:07:59.197+0000] {logging_mixin.py:190} INFO - [2025-12-08T00:07:59.196+0000] {dag.py:3229} INFO - Sync 1 DAGs
[2025-12-08T00:07:59.229+0000] {logging_mixin.py:190} INFO - [2025-12-08T00:07:59.229+0000] {dag.py:4156} INFO - Setting next_dagrun for bls_employment_projections_etl to 2025-12-01 00:00:00+00:00, run_after=2026-01-01 00:00:00+00:00
[2025-12-08T00:07:59.247+0000] {processor.py:208} INFO - Processing /opt/airflow/dags/bls_etl_dag.py took 0.139 seconds
[2025-12-08T00:08:29.887+0000] {processor.py:186} INFO - Started process (PID=8418) to work on /opt/airflow/dags/bls_etl_dag.py
[2025-12-08T00:08:29.896+0000] {processor.py:914} INFO - Processing file /opt/airflow/dags/bls_etl_dag.py for tasks to queue
[2025-12-08T00:08:29.912+0000] {logging_mixin.py:190} INFO - [2025-12-08T00:08:29.908+0000] {dagbag.py:587} INFO - Filling up the DagBag from /opt/airflow/dags/bls_etl_dag.py
[2025-12-08T00:08:30.031+0000] {processor.py:925} INFO - DAG(s) 'bls_employment_projections_etl' retrieved from /opt/airflow/dags/bls_etl_dag.py
[2025-12-08T00:08:30.075+0000] {logging_mixin.py:190} INFO - [2025-12-08T00:08:30.074+0000] {dag.py:3229} INFO - Sync 1 DAGs
[2025-12-08T00:08:30.116+0000] {logging_mixin.py:190} INFO - [2025-12-08T00:08:30.115+0000] {dag.py:4156} INFO - Setting next_dagrun for bls_employment_projections_etl to 2025-12-01 00:00:00+00:00, run_after=2026-01-01 00:00:00+00:00
[2025-12-08T00:08:30.143+0000] {processor.py:208} INFO - Processing /opt/airflow/dags/bls_etl_dag.py took 0.279 seconds
[2025-12-08T00:09:00.418+0000] {processor.py:186} INFO - Started process (PID=8434) to work on /opt/airflow/dags/bls_etl_dag.py
[2025-12-08T00:09:00.420+0000] {processor.py:914} INFO - Processing file /opt/airflow/dags/bls_etl_dag.py for tasks to queue
[2025-12-08T00:09:00.425+0000] {logging_mixin.py:190} INFO - [2025-12-08T00:09:00.425+0000] {dagbag.py:587} INFO - Filling up the DagBag from /opt/airflow/dags/bls_etl_dag.py
[2025-12-08T00:09:00.487+0000] {processor.py:925} INFO - DAG(s) 'bls_employment_projections_etl' retrieved from /opt/airflow/dags/bls_etl_dag.py
[2025-12-08T00:09:00.518+0000] {logging_mixin.py:190} INFO - [2025-12-08T00:09:00.518+0000] {dag.py:3229} INFO - Sync 1 DAGs
[2025-12-08T00:09:00.557+0000] {logging_mixin.py:190} INFO - [2025-12-08T00:09:00.557+0000] {dag.py:4156} INFO - Setting next_dagrun for bls_employment_projections_etl to 2025-12-01 00:00:00+00:00, run_after=2026-01-01 00:00:00+00:00
[2025-12-08T00:09:00.582+0000] {processor.py:208} INFO - Processing /opt/airflow/dags/bls_etl_dag.py took 0.174 seconds
[2025-12-08T00:09:31.118+0000] {processor.py:186} INFO - Started process (PID=8450) to work on /opt/airflow/dags/bls_etl_dag.py
[2025-12-08T00:09:31.120+0000] {processor.py:914} INFO - Processing file /opt/airflow/dags/bls_etl_dag.py for tasks to queue
[2025-12-08T00:09:31.124+0000] {logging_mixin.py:190} INFO - [2025-12-08T00:09:31.124+0000] {dagbag.py:587} INFO - Filling up the DagBag from /opt/airflow/dags/bls_etl_dag.py
[2025-12-08T00:09:31.193+0000] {processor.py:925} INFO - DAG(s) 'bls_employment_projections_etl' retrieved from /opt/airflow/dags/bls_etl_dag.py
[2025-12-08T00:09:31.225+0000] {logging_mixin.py:190} INFO - [2025-12-08T00:09:31.225+0000] {dag.py:3229} INFO - Sync 1 DAGs
[2025-12-08T00:09:31.269+0000] {logging_mixin.py:190} INFO - [2025-12-08T00:09:31.269+0000] {dag.py:4156} INFO - Setting next_dagrun for bls_employment_projections_etl to 2025-12-01 00:00:00+00:00, run_after=2026-01-01 00:00:00+00:00
[2025-12-08T00:09:31.289+0000] {processor.py:208} INFO - Processing /opt/airflow/dags/bls_etl_dag.py took 0.180 seconds
[2025-12-08T00:10:01.750+0000] {processor.py:186} INFO - Started process (PID=8466) to work on /opt/airflow/dags/bls_etl_dag.py
[2025-12-08T00:10:01.753+0000] {processor.py:914} INFO - Processing file /opt/airflow/dags/bls_etl_dag.py for tasks to queue
[2025-12-08T00:10:01.763+0000] {logging_mixin.py:190} INFO - [2025-12-08T00:10:01.762+0000] {dagbag.py:587} INFO - Filling up the DagBag from /opt/airflow/dags/bls_etl_dag.py
[2025-12-08T00:10:01.840+0000] {processor.py:925} INFO - DAG(s) 'bls_employment_projections_etl' retrieved from /opt/airflow/dags/bls_etl_dag.py
[2025-12-08T00:10:01.875+0000] {logging_mixin.py:190} INFO - [2025-12-08T00:10:01.874+0000] {dag.py:3229} INFO - Sync 1 DAGs
[2025-12-08T00:10:01.927+0000] {logging_mixin.py:190} INFO - [2025-12-08T00:10:01.926+0000] {dag.py:4156} INFO - Setting next_dagrun for bls_employment_projections_etl to 2025-12-01 00:00:00+00:00, run_after=2026-01-01 00:00:00+00:00
[2025-12-08T00:10:01.945+0000] {processor.py:208} INFO - Processing /opt/airflow/dags/bls_etl_dag.py took 0.208 seconds
[2025-12-08T00:10:32.349+0000] {processor.py:186} INFO - Started process (PID=8482) to work on /opt/airflow/dags/bls_etl_dag.py
[2025-12-08T00:10:32.351+0000] {processor.py:914} INFO - Processing file /opt/airflow/dags/bls_etl_dag.py for tasks to queue
[2025-12-08T00:10:32.357+0000] {logging_mixin.py:190} INFO - [2025-12-08T00:10:32.357+0000] {dagbag.py:587} INFO - Filling up the DagBag from /opt/airflow/dags/bls_etl_dag.py
[2025-12-08T00:10:32.454+0000] {processor.py:925} INFO - DAG(s) 'bls_employment_projections_etl' retrieved from /opt/airflow/dags/bls_etl_dag.py
[2025-12-08T00:10:32.489+0000] {logging_mixin.py:190} INFO - [2025-12-08T00:10:32.488+0000] {dag.py:3229} INFO - Sync 1 DAGs
[2025-12-08T00:10:32.535+0000] {logging_mixin.py:190} INFO - [2025-12-08T00:10:32.534+0000] {dag.py:4156} INFO - Setting next_dagrun for bls_employment_projections_etl to 2025-12-01 00:00:00+00:00, run_after=2026-01-01 00:00:00+00:00
[2025-12-08T00:10:32.559+0000] {processor.py:208} INFO - Processing /opt/airflow/dags/bls_etl_dag.py took 0.230 seconds
[2025-12-08T00:11:02.917+0000] {processor.py:186} INFO - Started process (PID=8497) to work on /opt/airflow/dags/bls_etl_dag.py
[2025-12-08T00:11:02.926+0000] {processor.py:914} INFO - Processing file /opt/airflow/dags/bls_etl_dag.py for tasks to queue
[2025-12-08T00:11:02.957+0000] {logging_mixin.py:190} INFO - [2025-12-08T00:11:02.956+0000] {dagbag.py:587} INFO - Filling up the DagBag from /opt/airflow/dags/bls_etl_dag.py
[2025-12-08T00:11:03.131+0000] {processor.py:925} INFO - DAG(s) 'bls_employment_projections_etl' retrieved from /opt/airflow/dags/bls_etl_dag.py
[2025-12-08T00:11:03.187+0000] {logging_mixin.py:190} INFO - [2025-12-08T00:11:03.187+0000] {dag.py:3229} INFO - Sync 1 DAGs
[2025-12-08T00:11:03.254+0000] {logging_mixin.py:190} INFO - [2025-12-08T00:11:03.253+0000] {dag.py:4156} INFO - Setting next_dagrun for bls_employment_projections_etl to 2025-12-01 00:00:00+00:00, run_after=2026-01-01 00:00:00+00:00
[2025-12-08T00:11:03.293+0000] {processor.py:208} INFO - Processing /opt/airflow/dags/bls_etl_dag.py took 0.395 seconds
[2025-12-08T00:11:33.495+0000] {processor.py:186} INFO - Started process (PID=8513) to work on /opt/airflow/dags/bls_etl_dag.py
[2025-12-08T00:11:33.498+0000] {processor.py:914} INFO - Processing file /opt/airflow/dags/bls_etl_dag.py for tasks to queue
[2025-12-08T00:11:33.511+0000] {logging_mixin.py:190} INFO - [2025-12-08T00:11:33.508+0000] {dagbag.py:587} INFO - Filling up the DagBag from /opt/airflow/dags/bls_etl_dag.py
[2025-12-08T00:11:33.618+0000] {processor.py:925} INFO - DAG(s) 'bls_employment_projections_etl' retrieved from /opt/airflow/dags/bls_etl_dag.py
[2025-12-08T00:11:33.664+0000] {logging_mixin.py:190} INFO - [2025-12-08T00:11:33.663+0000] {dag.py:3229} INFO - Sync 1 DAGs
[2025-12-08T00:11:33.713+0000] {logging_mixin.py:190} INFO - [2025-12-08T00:11:33.713+0000] {dag.py:4156} INFO - Setting next_dagrun for bls_employment_projections_etl to 2025-12-01 00:00:00+00:00, run_after=2026-01-01 00:00:00+00:00
[2025-12-08T00:11:33.735+0000] {processor.py:208} INFO - Processing /opt/airflow/dags/bls_etl_dag.py took 0.277 seconds
[2025-12-08T00:12:04.095+0000] {processor.py:186} INFO - Started process (PID=8529) to work on /opt/airflow/dags/bls_etl_dag.py
[2025-12-08T00:12:04.097+0000] {processor.py:914} INFO - Processing file /opt/airflow/dags/bls_etl_dag.py for tasks to queue
[2025-12-08T00:12:04.103+0000] {logging_mixin.py:190} INFO - [2025-12-08T00:12:04.102+0000] {dagbag.py:587} INFO - Filling up the DagBag from /opt/airflow/dags/bls_etl_dag.py
[2025-12-08T00:12:04.163+0000] {processor.py:925} INFO - DAG(s) 'bls_employment_projections_etl' retrieved from /opt/airflow/dags/bls_etl_dag.py
[2025-12-08T00:12:04.185+0000] {logging_mixin.py:190} INFO - [2025-12-08T00:12:04.184+0000] {dag.py:3229} INFO - Sync 1 DAGs
[2025-12-08T00:12:04.210+0000] {logging_mixin.py:190} INFO - [2025-12-08T00:12:04.210+0000] {dag.py:4156} INFO - Setting next_dagrun for bls_employment_projections_etl to 2025-12-01 00:00:00+00:00, run_after=2026-01-01 00:00:00+00:00
[2025-12-08T00:12:04.228+0000] {processor.py:208} INFO - Processing /opt/airflow/dags/bls_etl_dag.py took 0.148 seconds
[2025-12-08T00:12:34.635+0000] {processor.py:186} INFO - Started process (PID=8545) to work on /opt/airflow/dags/bls_etl_dag.py
[2025-12-08T00:12:34.637+0000] {processor.py:914} INFO - Processing file /opt/airflow/dags/bls_etl_dag.py for tasks to queue
[2025-12-08T00:12:34.641+0000] {logging_mixin.py:190} INFO - [2025-12-08T00:12:34.640+0000] {dagbag.py:587} INFO - Filling up the DagBag from /opt/airflow/dags/bls_etl_dag.py
[2025-12-08T00:12:34.694+0000] {processor.py:925} INFO - DAG(s) 'bls_employment_projections_etl' retrieved from /opt/airflow/dags/bls_etl_dag.py
[2025-12-08T00:12:34.717+0000] {logging_mixin.py:190} INFO - [2025-12-08T00:12:34.717+0000] {dag.py:3229} INFO - Sync 1 DAGs
[2025-12-08T00:12:34.745+0000] {logging_mixin.py:190} INFO - [2025-12-08T00:12:34.745+0000] {dag.py:4156} INFO - Setting next_dagrun for bls_employment_projections_etl to 2025-12-01 00:00:00+00:00, run_after=2026-01-01 00:00:00+00:00
[2025-12-08T00:12:34.760+0000] {processor.py:208} INFO - Processing /opt/airflow/dags/bls_etl_dag.py took 0.135 seconds
[2025-12-08T00:13:05.245+0000] {processor.py:186} INFO - Started process (PID=8561) to work on /opt/airflow/dags/bls_etl_dag.py
[2025-12-08T00:13:05.248+0000] {processor.py:914} INFO - Processing file /opt/airflow/dags/bls_etl_dag.py for tasks to queue
[2025-12-08T00:13:05.254+0000] {logging_mixin.py:190} INFO - [2025-12-08T00:13:05.254+0000] {dagbag.py:587} INFO - Filling up the DagBag from /opt/airflow/dags/bls_etl_dag.py
[2025-12-08T00:13:05.306+0000] {processor.py:925} INFO - DAG(s) 'bls_employment_projections_etl' retrieved from /opt/airflow/dags/bls_etl_dag.py
[2025-12-08T00:13:05.331+0000] {logging_mixin.py:190} INFO - [2025-12-08T00:13:05.331+0000] {dag.py:3229} INFO - Sync 1 DAGs
[2025-12-08T00:13:05.360+0000] {logging_mixin.py:190} INFO - [2025-12-08T00:13:05.359+0000] {dag.py:4156} INFO - Setting next_dagrun for bls_employment_projections_etl to 2025-12-01 00:00:00+00:00, run_after=2026-01-01 00:00:00+00:00
[2025-12-08T00:13:05.374+0000] {processor.py:208} INFO - Processing /opt/airflow/dags/bls_etl_dag.py took 0.139 seconds
[2025-12-08T00:13:35.887+0000] {processor.py:186} INFO - Started process (PID=8577) to work on /opt/airflow/dags/bls_etl_dag.py
[2025-12-08T00:13:35.889+0000] {processor.py:914} INFO - Processing file /opt/airflow/dags/bls_etl_dag.py for tasks to queue
[2025-12-08T00:13:35.898+0000] {logging_mixin.py:190} INFO - [2025-12-08T00:13:35.897+0000] {dagbag.py:587} INFO - Filling up the DagBag from /opt/airflow/dags/bls_etl_dag.py
[2025-12-08T00:13:35.969+0000] {processor.py:925} INFO - DAG(s) 'bls_employment_projections_etl' retrieved from /opt/airflow/dags/bls_etl_dag.py
[2025-12-08T00:13:35.996+0000] {logging_mixin.py:190} INFO - [2025-12-08T00:13:35.995+0000] {dag.py:3229} INFO - Sync 1 DAGs
[2025-12-08T00:13:36.037+0000] {logging_mixin.py:190} INFO - [2025-12-08T00:13:36.036+0000] {dag.py:4156} INFO - Setting next_dagrun for bls_employment_projections_etl to 2025-12-01 00:00:00+00:00, run_after=2026-01-01 00:00:00+00:00
[2025-12-08T00:13:36.059+0000] {processor.py:208} INFO - Processing /opt/airflow/dags/bls_etl_dag.py took 0.184 seconds
[2025-12-08T00:14:06.447+0000] {processor.py:186} INFO - Started process (PID=8593) to work on /opt/airflow/dags/bls_etl_dag.py
[2025-12-08T00:14:06.450+0000] {processor.py:914} INFO - Processing file /opt/airflow/dags/bls_etl_dag.py for tasks to queue
[2025-12-08T00:14:06.456+0000] {logging_mixin.py:190} INFO - [2025-12-08T00:14:06.455+0000] {dagbag.py:587} INFO - Filling up the DagBag from /opt/airflow/dags/bls_etl_dag.py
[2025-12-08T00:14:06.518+0000] {processor.py:925} INFO - DAG(s) 'bls_employment_projections_etl' retrieved from /opt/airflow/dags/bls_etl_dag.py
[2025-12-08T00:14:06.550+0000] {logging_mixin.py:190} INFO - [2025-12-08T00:14:06.549+0000] {dag.py:3229} INFO - Sync 1 DAGs
[2025-12-08T00:14:06.587+0000] {logging_mixin.py:190} INFO - [2025-12-08T00:14:06.587+0000] {dag.py:4156} INFO - Setting next_dagrun for bls_employment_projections_etl to 2025-12-01 00:00:00+00:00, run_after=2026-01-01 00:00:00+00:00
[2025-12-08T00:14:06.607+0000] {processor.py:208} INFO - Processing /opt/airflow/dags/bls_etl_dag.py took 0.179 seconds
[2025-12-08T00:14:37.134+0000] {processor.py:186} INFO - Started process (PID=8609) to work on /opt/airflow/dags/bls_etl_dag.py
[2025-12-08T00:14:37.138+0000] {processor.py:914} INFO - Processing file /opt/airflow/dags/bls_etl_dag.py for tasks to queue
[2025-12-08T00:14:37.153+0000] {logging_mixin.py:190} INFO - [2025-12-08T00:14:37.152+0000] {dagbag.py:587} INFO - Filling up the DagBag from /opt/airflow/dags/bls_etl_dag.py
[2025-12-08T00:14:37.209+0000] {processor.py:925} INFO - DAG(s) 'bls_employment_projections_etl' retrieved from /opt/airflow/dags/bls_etl_dag.py
[2025-12-08T00:14:37.231+0000] {logging_mixin.py:190} INFO - [2025-12-08T00:14:37.230+0000] {dag.py:3229} INFO - Sync 1 DAGs
[2025-12-08T00:14:37.262+0000] {logging_mixin.py:190} INFO - [2025-12-08T00:14:37.261+0000] {dag.py:4156} INFO - Setting next_dagrun for bls_employment_projections_etl to 2025-12-01 00:00:00+00:00, run_after=2026-01-01 00:00:00+00:00
[2025-12-08T00:14:37.282+0000] {processor.py:208} INFO - Processing /opt/airflow/dags/bls_etl_dag.py took 0.160 seconds
[2025-12-08T00:15:07.777+0000] {processor.py:186} INFO - Started process (PID=8625) to work on /opt/airflow/dags/bls_etl_dag.py
[2025-12-08T00:15:07.783+0000] {processor.py:914} INFO - Processing file /opt/airflow/dags/bls_etl_dag.py for tasks to queue
[2025-12-08T00:15:07.789+0000] {logging_mixin.py:190} INFO - [2025-12-08T00:15:07.788+0000] {dagbag.py:587} INFO - Filling up the DagBag from /opt/airflow/dags/bls_etl_dag.py
[2025-12-08T00:15:07.847+0000] {processor.py:925} INFO - DAG(s) 'bls_employment_projections_etl' retrieved from /opt/airflow/dags/bls_etl_dag.py
[2025-12-08T00:15:07.877+0000] {logging_mixin.py:190} INFO - [2025-12-08T00:15:07.876+0000] {dag.py:3229} INFO - Sync 1 DAGs
[2025-12-08T00:15:07.906+0000] {logging_mixin.py:190} INFO - [2025-12-08T00:15:07.906+0000] {dag.py:4156} INFO - Setting next_dagrun for bls_employment_projections_etl to 2025-12-01 00:00:00+00:00, run_after=2026-01-01 00:00:00+00:00
[2025-12-08T00:15:07.922+0000] {processor.py:208} INFO - Processing /opt/airflow/dags/bls_etl_dag.py took 0.164 seconds
[2025-12-08T00:15:38.315+0000] {processor.py:186} INFO - Started process (PID=8641) to work on /opt/airflow/dags/bls_etl_dag.py
[2025-12-08T00:15:38.317+0000] {processor.py:914} INFO - Processing file /opt/airflow/dags/bls_etl_dag.py for tasks to queue
[2025-12-08T00:15:38.322+0000] {logging_mixin.py:190} INFO - [2025-12-08T00:15:38.321+0000] {dagbag.py:587} INFO - Filling up the DagBag from /opt/airflow/dags/bls_etl_dag.py
[2025-12-08T00:15:38.368+0000] {processor.py:925} INFO - DAG(s) 'bls_employment_projections_etl' retrieved from /opt/airflow/dags/bls_etl_dag.py
[2025-12-08T00:15:38.391+0000] {logging_mixin.py:190} INFO - [2025-12-08T00:15:38.391+0000] {dag.py:3229} INFO - Sync 1 DAGs
[2025-12-08T00:15:38.415+0000] {logging_mixin.py:190} INFO - [2025-12-08T00:15:38.415+0000] {dag.py:4156} INFO - Setting next_dagrun for bls_employment_projections_etl to 2025-12-01 00:00:00+00:00, run_after=2026-01-01 00:00:00+00:00
[2025-12-08T00:15:38.432+0000] {processor.py:208} INFO - Processing /opt/airflow/dags/bls_etl_dag.py took 0.131 seconds
[2025-12-08T00:16:08.716+0000] {processor.py:186} INFO - Started process (PID=8657) to work on /opt/airflow/dags/bls_etl_dag.py
[2025-12-08T00:16:08.718+0000] {processor.py:914} INFO - Processing file /opt/airflow/dags/bls_etl_dag.py for tasks to queue
[2025-12-08T00:16:08.722+0000] {logging_mixin.py:190} INFO - [2025-12-08T00:16:08.721+0000] {dagbag.py:587} INFO - Filling up the DagBag from /opt/airflow/dags/bls_etl_dag.py
[2025-12-08T00:16:08.776+0000] {processor.py:925} INFO - DAG(s) 'bls_employment_projections_etl' retrieved from /opt/airflow/dags/bls_etl_dag.py
[2025-12-08T00:16:08.796+0000] {logging_mixin.py:190} INFO - [2025-12-08T00:16:08.795+0000] {dag.py:3229} INFO - Sync 1 DAGs
[2025-12-08T00:16:08.825+0000] {logging_mixin.py:190} INFO - [2025-12-08T00:16:08.825+0000] {dag.py:4156} INFO - Setting next_dagrun for bls_employment_projections_etl to 2025-12-01 00:00:00+00:00, run_after=2026-01-01 00:00:00+00:00
[2025-12-08T00:16:08.840+0000] {processor.py:208} INFO - Processing /opt/airflow/dags/bls_etl_dag.py took 0.138 seconds
[2025-12-08T00:16:39.212+0000] {processor.py:186} INFO - Started process (PID=8673) to work on /opt/airflow/dags/bls_etl_dag.py
[2025-12-08T00:16:39.231+0000] {processor.py:914} INFO - Processing file /opt/airflow/dags/bls_etl_dag.py for tasks to queue
[2025-12-08T00:16:39.271+0000] {logging_mixin.py:190} INFO - [2025-12-08T00:16:39.270+0000] {dagbag.py:587} INFO - Filling up the DagBag from /opt/airflow/dags/bls_etl_dag.py
[2025-12-08T00:16:39.549+0000] {processor.py:925} INFO - DAG(s) 'bls_employment_projections_etl' retrieved from /opt/airflow/dags/bls_etl_dag.py
[2025-12-08T00:16:39.671+0000] {logging_mixin.py:190} INFO - [2025-12-08T00:16:39.670+0000] {dag.py:3229} INFO - Sync 1 DAGs
[2025-12-08T00:16:39.757+0000] {logging_mixin.py:190} INFO - [2025-12-08T00:16:39.757+0000] {dag.py:4156} INFO - Setting next_dagrun for bls_employment_projections_etl to 2025-12-01 00:00:00+00:00, run_after=2026-01-01 00:00:00+00:00
[2025-12-08T00:16:39.800+0000] {processor.py:208} INFO - Processing /opt/airflow/dags/bls_etl_dag.py took 0.704 seconds
[2025-12-08T00:17:10.019+0000] {processor.py:186} INFO - Started process (PID=8689) to work on /opt/airflow/dags/bls_etl_dag.py
[2025-12-08T00:17:10.025+0000] {processor.py:914} INFO - Processing file /opt/airflow/dags/bls_etl_dag.py for tasks to queue
[2025-12-08T00:17:10.044+0000] {logging_mixin.py:190} INFO - [2025-12-08T00:17:10.042+0000] {dagbag.py:587} INFO - Filling up the DagBag from /opt/airflow/dags/bls_etl_dag.py
[2025-12-08T00:17:10.425+0000] {processor.py:925} INFO - DAG(s) 'bls_employment_projections_etl' retrieved from /opt/airflow/dags/bls_etl_dag.py
[2025-12-08T00:17:15.223+0000] {logging_mixin.py:190} INFO - [2025-12-08T00:17:15.203+0000] {dag.py:3229} INFO - Sync 1 DAGs
[2025-12-08T00:17:15.482+0000] {logging_mixin.py:190} INFO - [2025-12-08T00:17:15.481+0000] {dag.py:4156} INFO - Setting next_dagrun for bls_employment_projections_etl to 2025-12-01 00:00:00+00:00, run_after=2026-01-01 00:00:00+00:00
[2025-12-08T00:17:15.617+0000] {processor.py:208} INFO - Processing /opt/airflow/dags/bls_etl_dag.py took 5.644 seconds
[2025-12-08T00:17:46.283+0000] {processor.py:186} INFO - Started process (PID=8705) to work on /opt/airflow/dags/bls_etl_dag.py
[2025-12-08T00:17:46.288+0000] {processor.py:914} INFO - Processing file /opt/airflow/dags/bls_etl_dag.py for tasks to queue
[2025-12-08T00:17:46.300+0000] {logging_mixin.py:190} INFO - [2025-12-08T00:17:46.298+0000] {dagbag.py:587} INFO - Filling up the DagBag from /opt/airflow/dags/bls_etl_dag.py
[2025-12-08T00:17:46.589+0000] {processor.py:925} INFO - DAG(s) 'bls_employment_projections_etl' retrieved from /opt/airflow/dags/bls_etl_dag.py
[2025-12-08T00:17:46.669+0000] {logging_mixin.py:190} INFO - [2025-12-08T00:17:46.668+0000] {dag.py:3229} INFO - Sync 1 DAGs
[2025-12-08T00:17:46.737+0000] {logging_mixin.py:190} INFO - [2025-12-08T00:17:46.737+0000] {dag.py:4156} INFO - Setting next_dagrun for bls_employment_projections_etl to 2025-12-01 00:00:00+00:00, run_after=2026-01-01 00:00:00+00:00
[2025-12-08T00:17:46.786+0000] {processor.py:208} INFO - Processing /opt/airflow/dags/bls_etl_dag.py took 0.558 seconds
[2025-12-08T00:18:17.831+0000] {processor.py:186} INFO - Started process (PID=8721) to work on /opt/airflow/dags/bls_etl_dag.py
[2025-12-08T00:18:17.839+0000] {processor.py:914} INFO - Processing file /opt/airflow/dags/bls_etl_dag.py for tasks to queue
[2025-12-08T00:18:17.852+0000] {logging_mixin.py:190} INFO - [2025-12-08T00:18:17.851+0000] {dagbag.py:587} INFO - Filling up the DagBag from /opt/airflow/dags/bls_etl_dag.py
[2025-12-08T00:18:18.191+0000] {processor.py:925} INFO - DAG(s) 'bls_employment_projections_etl' retrieved from /opt/airflow/dags/bls_etl_dag.py
[2025-12-08T00:18:18.314+0000] {logging_mixin.py:190} INFO - [2025-12-08T00:18:18.311+0000] {dag.py:3229} INFO - Sync 1 DAGs
[2025-12-08T00:18:18.391+0000] {logging_mixin.py:190} INFO - [2025-12-08T00:18:18.390+0000] {dag.py:4156} INFO - Setting next_dagrun for bls_employment_projections_etl to 2025-12-01 00:00:00+00:00, run_after=2026-01-01 00:00:00+00:00
[2025-12-08T00:18:18.431+0000] {processor.py:208} INFO - Processing /opt/airflow/dags/bls_etl_dag.py took 0.643 seconds
[2025-12-08T00:18:49.195+0000] {processor.py:186} INFO - Started process (PID=8742) to work on /opt/airflow/dags/bls_etl_dag.py
[2025-12-08T00:18:49.198+0000] {processor.py:914} INFO - Processing file /opt/airflow/dags/bls_etl_dag.py for tasks to queue
[2025-12-08T00:18:49.209+0000] {logging_mixin.py:190} INFO - [2025-12-08T00:18:49.209+0000] {dagbag.py:587} INFO - Filling up the DagBag from /opt/airflow/dags/bls_etl_dag.py
[2025-12-08T00:18:49.293+0000] {processor.py:925} INFO - DAG(s) 'bls_employment_projections_etl' retrieved from /opt/airflow/dags/bls_etl_dag.py
[2025-12-08T00:18:49.326+0000] {logging_mixin.py:190} INFO - [2025-12-08T00:18:49.326+0000] {dag.py:3229} INFO - Sync 1 DAGs
[2025-12-08T00:18:49.373+0000] {logging_mixin.py:190} INFO - [2025-12-08T00:18:49.372+0000] {dag.py:4156} INFO - Setting next_dagrun for bls_employment_projections_etl to 2025-12-01 00:00:00+00:00, run_after=2026-01-01 00:00:00+00:00
[2025-12-08T00:18:49.391+0000] {processor.py:208} INFO - Processing /opt/airflow/dags/bls_etl_dag.py took 0.215 seconds
[2025-12-08T00:19:19.933+0000] {processor.py:186} INFO - Started process (PID=8758) to work on /opt/airflow/dags/bls_etl_dag.py
[2025-12-08T00:19:19.936+0000] {processor.py:914} INFO - Processing file /opt/airflow/dags/bls_etl_dag.py for tasks to queue
[2025-12-08T00:19:19.946+0000] {logging_mixin.py:190} INFO - [2025-12-08T00:19:19.945+0000] {dagbag.py:587} INFO - Filling up the DagBag from /opt/airflow/dags/bls_etl_dag.py
[2025-12-08T00:19:20.022+0000] {processor.py:925} INFO - DAG(s) 'bls_employment_projections_etl' retrieved from /opt/airflow/dags/bls_etl_dag.py
[2025-12-08T00:19:20.052+0000] {logging_mixin.py:190} INFO - [2025-12-08T00:19:20.050+0000] {dag.py:3229} INFO - Sync 1 DAGs
[2025-12-08T00:19:20.088+0000] {logging_mixin.py:190} INFO - [2025-12-08T00:19:20.087+0000] {dag.py:4156} INFO - Setting next_dagrun for bls_employment_projections_etl to 2025-12-01 00:00:00+00:00, run_after=2026-01-01 00:00:00+00:00
[2025-12-08T00:19:20.107+0000] {processor.py:208} INFO - Processing /opt/airflow/dags/bls_etl_dag.py took 0.185 seconds
[2025-12-08T00:19:50.428+0000] {processor.py:186} INFO - Started process (PID=8774) to work on /opt/airflow/dags/bls_etl_dag.py
[2025-12-08T00:19:50.430+0000] {processor.py:914} INFO - Processing file /opt/airflow/dags/bls_etl_dag.py for tasks to queue
[2025-12-08T00:19:50.438+0000] {logging_mixin.py:190} INFO - [2025-12-08T00:19:50.437+0000] {dagbag.py:587} INFO - Filling up the DagBag from /opt/airflow/dags/bls_etl_dag.py
[2025-12-08T00:19:50.507+0000] {processor.py:925} INFO - DAG(s) 'bls_employment_projections_etl' retrieved from /opt/airflow/dags/bls_etl_dag.py
[2025-12-08T00:19:50.533+0000] {logging_mixin.py:190} INFO - [2025-12-08T00:19:50.533+0000] {dag.py:3229} INFO - Sync 1 DAGs
[2025-12-08T00:19:50.564+0000] {logging_mixin.py:190} INFO - [2025-12-08T00:19:50.564+0000] {dag.py:4156} INFO - Setting next_dagrun for bls_employment_projections_etl to 2025-12-01 00:00:00+00:00, run_after=2026-01-01 00:00:00+00:00
[2025-12-08T00:19:50.579+0000] {processor.py:208} INFO - Processing /opt/airflow/dags/bls_etl_dag.py took 0.161 seconds
[2025-12-08T00:20:21.603+0000] {processor.py:186} INFO - Started process (PID=8790) to work on /opt/airflow/dags/bls_etl_dag.py
[2025-12-08T00:20:21.605+0000] {processor.py:914} INFO - Processing file /opt/airflow/dags/bls_etl_dag.py for tasks to queue
[2025-12-08T00:20:21.610+0000] {logging_mixin.py:190} INFO - [2025-12-08T00:20:21.609+0000] {dagbag.py:587} INFO - Filling up the DagBag from /opt/airflow/dags/bls_etl_dag.py
[2025-12-08T00:20:21.694+0000] {processor.py:925} INFO - DAG(s) 'bls_employment_projections_etl' retrieved from /opt/airflow/dags/bls_etl_dag.py
[2025-12-08T00:20:21.733+0000] {logging_mixin.py:190} INFO - [2025-12-08T00:20:21.732+0000] {dag.py:3229} INFO - Sync 1 DAGs
[2025-12-08T00:20:21.777+0000] {logging_mixin.py:190} INFO - [2025-12-08T00:20:21.777+0000] {dag.py:4156} INFO - Setting next_dagrun for bls_employment_projections_etl to 2025-12-01 00:00:00+00:00, run_after=2026-01-01 00:00:00+00:00
[2025-12-08T00:20:21.798+0000] {processor.py:208} INFO - Processing /opt/airflow/dags/bls_etl_dag.py took 0.211 seconds
[2025-12-08T00:20:52.308+0000] {processor.py:186} INFO - Started process (PID=8806) to work on /opt/airflow/dags/bls_etl_dag.py
[2025-12-08T00:20:52.312+0000] {processor.py:914} INFO - Processing file /opt/airflow/dags/bls_etl_dag.py for tasks to queue
[2025-12-08T00:20:52.323+0000] {logging_mixin.py:190} INFO - [2025-12-08T00:20:52.322+0000] {dagbag.py:587} INFO - Filling up the DagBag from /opt/airflow/dags/bls_etl_dag.py
[2025-12-08T00:20:52.455+0000] {processor.py:925} INFO - DAG(s) 'bls_employment_projections_etl' retrieved from /opt/airflow/dags/bls_etl_dag.py
[2025-12-08T00:20:52.489+0000] {logging_mixin.py:190} INFO - [2025-12-08T00:20:52.488+0000] {dag.py:3229} INFO - Sync 1 DAGs
[2025-12-08T00:20:52.531+0000] {logging_mixin.py:190} INFO - [2025-12-08T00:20:52.530+0000] {dag.py:4156} INFO - Setting next_dagrun for bls_employment_projections_etl to 2025-12-01 00:00:00+00:00, run_after=2026-01-01 00:00:00+00:00
[2025-12-08T00:20:52.558+0000] {processor.py:208} INFO - Processing /opt/airflow/dags/bls_etl_dag.py took 0.303 seconds
[2025-12-08T00:21:23.645+0000] {processor.py:186} INFO - Started process (PID=8828) to work on /opt/airflow/dags/bls_etl_dag.py
[2025-12-08T00:21:23.652+0000] {processor.py:914} INFO - Processing file /opt/airflow/dags/bls_etl_dag.py for tasks to queue
[2025-12-08T00:21:23.718+0000] {logging_mixin.py:190} INFO - [2025-12-08T00:21:23.712+0000] {dagbag.py:587} INFO - Filling up the DagBag from /opt/airflow/dags/bls_etl_dag.py
[2025-12-08T00:21:24.135+0000] {processor.py:925} INFO - DAG(s) 'bls_employment_projections_etl' retrieved from /opt/airflow/dags/bls_etl_dag.py
[2025-12-08T00:21:24.212+0000] {logging_mixin.py:190} INFO - [2025-12-08T00:21:24.209+0000] {dag.py:3229} INFO - Sync 1 DAGs
[2025-12-08T00:21:24.378+0000] {logging_mixin.py:190} INFO - [2025-12-08T00:21:24.377+0000] {dag.py:4156} INFO - Setting next_dagrun for bls_employment_projections_etl to 2025-12-01 00:00:00+00:00, run_after=2026-01-01 00:00:00+00:00
[2025-12-08T00:21:24.480+0000] {processor.py:208} INFO - Processing /opt/airflow/dags/bls_etl_dag.py took 0.951 seconds
[2025-12-08T00:21:55.249+0000] {processor.py:186} INFO - Started process (PID=8847) to work on /opt/airflow/dags/bls_etl_dag.py
[2025-12-08T00:21:55.253+0000] {processor.py:914} INFO - Processing file /opt/airflow/dags/bls_etl_dag.py for tasks to queue
[2025-12-08T00:21:55.260+0000] {logging_mixin.py:190} INFO - [2025-12-08T00:21:55.259+0000] {dagbag.py:587} INFO - Filling up the DagBag from /opt/airflow/dags/bls_etl_dag.py
[2025-12-08T00:21:55.389+0000] {processor.py:925} INFO - DAG(s) 'bls_employment_projections_etl' retrieved from /opt/airflow/dags/bls_etl_dag.py
[2025-12-08T00:21:55.437+0000] {logging_mixin.py:190} INFO - [2025-12-08T00:21:55.435+0000] {dag.py:3229} INFO - Sync 1 DAGs
[2025-12-08T00:21:55.501+0000] {logging_mixin.py:190} INFO - [2025-12-08T00:21:55.501+0000] {dag.py:4156} INFO - Setting next_dagrun for bls_employment_projections_etl to 2025-12-01 00:00:00+00:00, run_after=2026-01-01 00:00:00+00:00
[2025-12-08T00:21:55.541+0000] {processor.py:208} INFO - Processing /opt/airflow/dags/bls_etl_dag.py took 0.310 seconds
[2025-12-08T00:22:25.867+0000] {processor.py:186} INFO - Started process (PID=8863) to work on /opt/airflow/dags/bls_etl_dag.py
[2025-12-08T00:22:25.870+0000] {processor.py:914} INFO - Processing file /opt/airflow/dags/bls_etl_dag.py for tasks to queue
[2025-12-08T00:22:25.879+0000] {logging_mixin.py:190} INFO - [2025-12-08T00:22:25.878+0000] {dagbag.py:587} INFO - Filling up the DagBag from /opt/airflow/dags/bls_etl_dag.py
[2025-12-08T00:22:26.007+0000] {processor.py:925} INFO - DAG(s) 'bls_employment_projections_etl' retrieved from /opt/airflow/dags/bls_etl_dag.py
[2025-12-08T00:22:26.046+0000] {logging_mixin.py:190} INFO - [2025-12-08T00:22:26.046+0000] {dag.py:3229} INFO - Sync 1 DAGs
[2025-12-08T00:22:26.106+0000] {logging_mixin.py:190} INFO - [2025-12-08T00:22:26.106+0000] {dag.py:4156} INFO - Setting next_dagrun for bls_employment_projections_etl to 2025-12-01 00:00:00+00:00, run_after=2026-01-01 00:00:00+00:00
[2025-12-08T00:22:26.139+0000] {processor.py:208} INFO - Processing /opt/airflow/dags/bls_etl_dag.py took 0.296 seconds
[2025-12-08T00:22:56.296+0000] {processor.py:186} INFO - Started process (PID=8879) to work on /opt/airflow/dags/bls_etl_dag.py
[2025-12-08T00:22:56.302+0000] {processor.py:914} INFO - Processing file /opt/airflow/dags/bls_etl_dag.py for tasks to queue
[2025-12-08T00:22:56.316+0000] {logging_mixin.py:190} INFO - [2025-12-08T00:22:56.314+0000] {dagbag.py:587} INFO - Filling up the DagBag from /opt/airflow/dags/bls_etl_dag.py
[2025-12-08T00:22:56.437+0000] {processor.py:925} INFO - DAG(s) 'bls_employment_projections_etl' retrieved from /opt/airflow/dags/bls_etl_dag.py
[2025-12-08T00:22:56.470+0000] {logging_mixin.py:190} INFO - [2025-12-08T00:22:56.469+0000] {dag.py:3229} INFO - Sync 1 DAGs
[2025-12-08T00:22:56.508+0000] {logging_mixin.py:190} INFO - [2025-12-08T00:22:56.507+0000] {dag.py:4156} INFO - Setting next_dagrun for bls_employment_projections_etl to 2025-12-01 00:00:00+00:00, run_after=2026-01-01 00:00:00+00:00
[2025-12-08T00:22:56.528+0000] {processor.py:208} INFO - Processing /opt/airflow/dags/bls_etl_dag.py took 0.258 seconds
[2025-12-08T00:23:27.304+0000] {processor.py:186} INFO - Started process (PID=8895) to work on /opt/airflow/dags/bls_etl_dag.py
[2025-12-08T00:23:27.307+0000] {processor.py:914} INFO - Processing file /opt/airflow/dags/bls_etl_dag.py for tasks to queue
[2025-12-08T00:23:27.310+0000] {logging_mixin.py:190} INFO - [2025-12-08T00:23:27.309+0000] {dagbag.py:587} INFO - Filling up the DagBag from /opt/airflow/dags/bls_etl_dag.py
[2025-12-08T00:23:27.391+0000] {processor.py:925} INFO - DAG(s) 'bls_employment_projections_etl' retrieved from /opt/airflow/dags/bls_etl_dag.py
[2025-12-08T00:23:27.428+0000] {logging_mixin.py:190} INFO - [2025-12-08T00:23:27.427+0000] {dag.py:3229} INFO - Sync 1 DAGs
[2025-12-08T00:23:27.464+0000] {logging_mixin.py:190} INFO - [2025-12-08T00:23:27.464+0000] {dag.py:4156} INFO - Setting next_dagrun for bls_employment_projections_etl to 2025-12-01 00:00:00+00:00, run_after=2026-01-01 00:00:00+00:00
[2025-12-08T00:23:27.481+0000] {processor.py:208} INFO - Processing /opt/airflow/dags/bls_etl_dag.py took 0.191 seconds
[2025-12-08T00:23:57.917+0000] {processor.py:186} INFO - Started process (PID=8911) to work on /opt/airflow/dags/bls_etl_dag.py
[2025-12-08T00:23:57.919+0000] {processor.py:914} INFO - Processing file /opt/airflow/dags/bls_etl_dag.py for tasks to queue
[2025-12-08T00:23:57.924+0000] {logging_mixin.py:190} INFO - [2025-12-08T00:23:57.924+0000] {dagbag.py:587} INFO - Filling up the DagBag from /opt/airflow/dags/bls_etl_dag.py
[2025-12-08T00:23:57.994+0000] {processor.py:925} INFO - DAG(s) 'bls_employment_projections_etl' retrieved from /opt/airflow/dags/bls_etl_dag.py
[2025-12-08T00:23:58.023+0000] {logging_mixin.py:190} INFO - [2025-12-08T00:23:58.022+0000] {dag.py:3229} INFO - Sync 1 DAGs
[2025-12-08T00:23:58.051+0000] {logging_mixin.py:190} INFO - [2025-12-08T00:23:58.051+0000] {dag.py:4156} INFO - Setting next_dagrun for bls_employment_projections_etl to 2025-12-01 00:00:00+00:00, run_after=2026-01-01 00:00:00+00:00
[2025-12-08T00:23:58.065+0000] {processor.py:208} INFO - Processing /opt/airflow/dags/bls_etl_dag.py took 0.161 seconds
[2025-12-08T00:24:28.724+0000] {processor.py:186} INFO - Started process (PID=8927) to work on /opt/airflow/dags/bls_etl_dag.py
[2025-12-08T00:24:28.727+0000] {processor.py:914} INFO - Processing file /opt/airflow/dags/bls_etl_dag.py for tasks to queue
[2025-12-08T00:24:28.739+0000] {logging_mixin.py:190} INFO - [2025-12-08T00:24:28.739+0000] {dagbag.py:587} INFO - Filling up the DagBag from /opt/airflow/dags/bls_etl_dag.py
[2025-12-08T00:24:28.827+0000] {processor.py:925} INFO - DAG(s) 'bls_employment_projections_etl' retrieved from /opt/airflow/dags/bls_etl_dag.py
[2025-12-08T00:24:28.865+0000] {logging_mixin.py:190} INFO - [2025-12-08T00:24:28.864+0000] {dag.py:3229} INFO - Sync 1 DAGs
[2025-12-08T00:24:28.898+0000] {logging_mixin.py:190} INFO - [2025-12-08T00:24:28.898+0000] {dag.py:4156} INFO - Setting next_dagrun for bls_employment_projections_etl to 2025-12-01 00:00:00+00:00, run_after=2026-01-01 00:00:00+00:00
[2025-12-08T00:24:28.924+0000] {processor.py:208} INFO - Processing /opt/airflow/dags/bls_etl_dag.py took 0.212 seconds
[2025-12-08T00:24:59.392+0000] {processor.py:186} INFO - Started process (PID=8943) to work on /opt/airflow/dags/bls_etl_dag.py
[2025-12-08T00:24:59.394+0000] {processor.py:914} INFO - Processing file /opt/airflow/dags/bls_etl_dag.py for tasks to queue
[2025-12-08T00:24:59.400+0000] {logging_mixin.py:190} INFO - [2025-12-08T00:24:59.400+0000] {dagbag.py:587} INFO - Filling up the DagBag from /opt/airflow/dags/bls_etl_dag.py
[2025-12-08T00:24:59.556+0000] {processor.py:925} INFO - DAG(s) 'bls_employment_projections_etl' retrieved from /opt/airflow/dags/bls_etl_dag.py
[2025-12-08T00:24:59.616+0000] {logging_mixin.py:190} INFO - [2025-12-08T00:24:59.608+0000] {dag.py:3229} INFO - Sync 1 DAGs
[2025-12-08T00:24:59.669+0000] {logging_mixin.py:190} INFO - [2025-12-08T00:24:59.669+0000] {dag.py:4156} INFO - Setting next_dagrun for bls_employment_projections_etl to 2025-12-01 00:00:00+00:00, run_after=2026-01-01 00:00:00+00:00
[2025-12-08T00:24:59.685+0000] {processor.py:208} INFO - Processing /opt/airflow/dags/bls_etl_dag.py took 0.303 seconds
[2025-12-08T00:25:30.132+0000] {processor.py:186} INFO - Started process (PID=8958) to work on /opt/airflow/dags/bls_etl_dag.py
[2025-12-08T00:25:30.135+0000] {processor.py:914} INFO - Processing file /opt/airflow/dags/bls_etl_dag.py for tasks to queue
[2025-12-08T00:25:30.142+0000] {logging_mixin.py:190} INFO - [2025-12-08T00:25:30.141+0000] {dagbag.py:587} INFO - Filling up the DagBag from /opt/airflow/dags/bls_etl_dag.py
[2025-12-08T00:25:30.209+0000] {processor.py:925} INFO - DAG(s) 'bls_employment_projections_etl' retrieved from /opt/airflow/dags/bls_etl_dag.py
[2025-12-08T00:25:30.231+0000] {logging_mixin.py:190} INFO - [2025-12-08T00:25:30.230+0000] {dag.py:3229} INFO - Sync 1 DAGs
[2025-12-08T00:25:30.261+0000] {logging_mixin.py:190} INFO - [2025-12-08T00:25:30.261+0000] {dag.py:4156} INFO - Setting next_dagrun for bls_employment_projections_etl to 2025-12-01 00:00:00+00:00, run_after=2026-01-01 00:00:00+00:00
[2025-12-08T00:25:30.275+0000] {processor.py:208} INFO - Processing /opt/airflow/dags/bls_etl_dag.py took 0.162 seconds
[2025-12-08T00:26:00.749+0000] {processor.py:186} INFO - Started process (PID=8975) to work on /opt/airflow/dags/bls_etl_dag.py
[2025-12-08T00:26:00.751+0000] {processor.py:914} INFO - Processing file /opt/airflow/dags/bls_etl_dag.py for tasks to queue
[2025-12-08T00:26:00.763+0000] {logging_mixin.py:190} INFO - [2025-12-08T00:26:00.762+0000] {dagbag.py:587} INFO - Filling up the DagBag from /opt/airflow/dags/bls_etl_dag.py
[2025-12-08T00:26:00.833+0000] {processor.py:925} INFO - DAG(s) 'bls_employment_projections_etl' retrieved from /opt/airflow/dags/bls_etl_dag.py
[2025-12-08T00:26:00.864+0000] {logging_mixin.py:190} INFO - [2025-12-08T00:26:00.864+0000] {dag.py:3229} INFO - Sync 1 DAGs
[2025-12-08T00:26:00.893+0000] {logging_mixin.py:190} INFO - [2025-12-08T00:26:00.893+0000] {dag.py:4156} INFO - Setting next_dagrun for bls_employment_projections_etl to 2025-12-01 00:00:00+00:00, run_after=2026-01-01 00:00:00+00:00
[2025-12-08T00:26:00.910+0000] {processor.py:208} INFO - Processing /opt/airflow/dags/bls_etl_dag.py took 0.176 seconds
[2025-12-08T00:26:31.463+0000] {processor.py:186} INFO - Started process (PID=8991) to work on /opt/airflow/dags/bls_etl_dag.py
[2025-12-08T00:26:31.466+0000] {processor.py:914} INFO - Processing file /opt/airflow/dags/bls_etl_dag.py for tasks to queue
[2025-12-08T00:26:31.468+0000] {logging_mixin.py:190} INFO - [2025-12-08T00:26:31.468+0000] {dagbag.py:587} INFO - Filling up the DagBag from /opt/airflow/dags/bls_etl_dag.py
[2025-12-08T00:26:31.531+0000] {processor.py:925} INFO - DAG(s) 'bls_employment_projections_etl' retrieved from /opt/airflow/dags/bls_etl_dag.py
[2025-12-08T00:26:31.617+0000] {logging_mixin.py:190} INFO - [2025-12-08T00:26:31.616+0000] {dag.py:3229} INFO - Sync 1 DAGs
[2025-12-08T00:26:31.663+0000] {logging_mixin.py:190} INFO - [2025-12-08T00:26:31.663+0000] {dag.py:4156} INFO - Setting next_dagrun for bls_employment_projections_etl to 2025-12-01 00:00:00+00:00, run_after=2026-01-01 00:00:00+00:00
[2025-12-08T00:26:31.698+0000] {processor.py:208} INFO - Processing /opt/airflow/dags/bls_etl_dag.py took 0.242 seconds
[2025-12-08T00:27:02.810+0000] {processor.py:186} INFO - Started process (PID=9007) to work on /opt/airflow/dags/bls_etl_dag.py
[2025-12-08T00:27:02.813+0000] {processor.py:914} INFO - Processing file /opt/airflow/dags/bls_etl_dag.py for tasks to queue
[2025-12-08T00:27:02.831+0000] {logging_mixin.py:190} INFO - [2025-12-08T00:27:02.830+0000] {dagbag.py:587} INFO - Filling up the DagBag from /opt/airflow/dags/bls_etl_dag.py
[2025-12-08T00:27:03.029+0000] {processor.py:925} INFO - DAG(s) 'bls_employment_projections_etl' retrieved from /opt/airflow/dags/bls_etl_dag.py
[2025-12-08T00:27:03.144+0000] {logging_mixin.py:190} INFO - [2025-12-08T00:27:03.142+0000] {dag.py:3229} INFO - Sync 1 DAGs
[2025-12-08T00:27:03.300+0000] {logging_mixin.py:190} INFO - [2025-12-08T00:27:03.298+0000] {dag.py:4156} INFO - Setting next_dagrun for bls_employment_projections_etl to 2025-12-01 00:00:00+00:00, run_after=2026-01-01 00:00:00+00:00
[2025-12-08T00:27:03.364+0000] {processor.py:208} INFO - Processing /opt/airflow/dags/bls_etl_dag.py took 0.596 seconds
[2025-12-08T00:28:33.380+0000] {processor.py:186} INFO - Started process (PID=210) to work on /opt/airflow/dags/bls_etl_dag.py
[2025-12-08T00:28:33.395+0000] {processor.py:914} INFO - Processing file /opt/airflow/dags/bls_etl_dag.py for tasks to queue
[2025-12-08T00:28:33.419+0000] {logging_mixin.py:190} INFO - [2025-12-08T00:28:33.417+0000] {dagbag.py:587} INFO - Filling up the DagBag from /opt/airflow/dags/bls_etl_dag.py
[2025-12-08T00:28:35.019+0000] {processor.py:925} INFO - DAG(s) 'bls_employment_projections_etl' retrieved from /opt/airflow/dags/bls_etl_dag.py
[2025-12-08T00:28:35.341+0000] {logging_mixin.py:190} INFO - [2025-12-08T00:28:35.336+0000] {dag.py:3229} INFO - Sync 1 DAGs
[2025-12-08T00:28:35.507+0000] {logging_mixin.py:190} INFO - [2025-12-08T00:28:35.505+0000] {dag.py:4156} INFO - Setting next_dagrun for bls_employment_projections_etl to 2025-12-01 00:00:00+00:00, run_after=2026-01-01 00:00:00+00:00
[2025-12-08T00:28:35.724+0000] {processor.py:208} INFO - Processing /opt/airflow/dags/bls_etl_dag.py took 2.394 seconds
[2025-12-08T00:29:06.058+0000] {processor.py:186} INFO - Started process (PID=254) to work on /opt/airflow/dags/bls_etl_dag.py
[2025-12-08T00:29:06.062+0000] {processor.py:914} INFO - Processing file /opt/airflow/dags/bls_etl_dag.py for tasks to queue
[2025-12-08T00:29:06.092+0000] {logging_mixin.py:190} INFO - [2025-12-08T00:29:06.088+0000] {dagbag.py:587} INFO - Filling up the DagBag from /opt/airflow/dags/bls_etl_dag.py
[2025-12-08T00:29:06.243+0000] {processor.py:925} INFO - DAG(s) 'bls_employment_projections_etl' retrieved from /opt/airflow/dags/bls_etl_dag.py
[2025-12-08T00:29:06.382+0000] {logging_mixin.py:190} INFO - [2025-12-08T00:29:06.380+0000] {dag.py:3229} INFO - Sync 1 DAGs
[2025-12-08T00:29:06.525+0000] {logging_mixin.py:190} INFO - [2025-12-08T00:29:06.524+0000] {dag.py:4156} INFO - Setting next_dagrun for bls_employment_projections_etl to 2025-12-01 00:00:00+00:00, run_after=2026-01-01 00:00:00+00:00
[2025-12-08T00:29:06.567+0000] {processor.py:208} INFO - Processing /opt/airflow/dags/bls_etl_dag.py took 0.535 seconds
[2025-12-08T00:29:37.150+0000] {processor.py:186} INFO - Started process (PID=267) to work on /opt/airflow/dags/bls_etl_dag.py
[2025-12-08T00:29:37.155+0000] {processor.py:914} INFO - Processing file /opt/airflow/dags/bls_etl_dag.py for tasks to queue
[2025-12-08T00:29:37.168+0000] {logging_mixin.py:190} INFO - [2025-12-08T00:29:37.163+0000] {dagbag.py:587} INFO - Filling up the DagBag from /opt/airflow/dags/bls_etl_dag.py
[2025-12-08T00:29:37.341+0000] {processor.py:925} INFO - DAG(s) 'bls_employment_projections_etl' retrieved from /opt/airflow/dags/bls_etl_dag.py
[2025-12-08T00:29:37.371+0000] {logging_mixin.py:190} INFO - [2025-12-08T00:29:37.371+0000] {dag.py:3229} INFO - Sync 1 DAGs
[2025-12-08T00:29:37.419+0000] {logging_mixin.py:190} INFO - [2025-12-08T00:29:37.419+0000] {dag.py:4156} INFO - Setting next_dagrun for bls_employment_projections_etl to 2025-12-01 00:00:00+00:00, run_after=2026-01-01 00:00:00+00:00
[2025-12-08T00:29:37.436+0000] {processor.py:208} INFO - Processing /opt/airflow/dags/bls_etl_dag.py took 0.351 seconds
[2025-12-08T00:30:07.718+0000] {processor.py:186} INFO - Started process (PID=286) to work on /opt/airflow/dags/bls_etl_dag.py
[2025-12-08T00:30:07.732+0000] {processor.py:914} INFO - Processing file /opt/airflow/dags/bls_etl_dag.py for tasks to queue
[2025-12-08T00:30:07.750+0000] {logging_mixin.py:190} INFO - [2025-12-08T00:30:07.750+0000] {dagbag.py:587} INFO - Filling up the DagBag from /opt/airflow/dags/bls_etl_dag.py
[2025-12-08T00:30:07.937+0000] {processor.py:925} INFO - DAG(s) 'bls_employment_projections_etl' retrieved from /opt/airflow/dags/bls_etl_dag.py
[2025-12-08T00:30:08.057+0000] {logging_mixin.py:190} INFO - [2025-12-08T00:30:08.053+0000] {dag.py:3229} INFO - Sync 1 DAGs
[2025-12-08T00:30:08.219+0000] {logging_mixin.py:190} INFO - [2025-12-08T00:30:08.218+0000] {dag.py:4156} INFO - Setting next_dagrun for bls_employment_projections_etl to 2025-12-01 00:00:00+00:00, run_after=2026-01-01 00:00:00+00:00
[2025-12-08T00:30:08.321+0000] {processor.py:208} INFO - Processing /opt/airflow/dags/bls_etl_dag.py took 0.665 seconds
[2025-12-08T00:30:39.209+0000] {processor.py:186} INFO - Started process (PID=314) to work on /opt/airflow/dags/bls_etl_dag.py
[2025-12-08T00:30:39.220+0000] {processor.py:914} INFO - Processing file /opt/airflow/dags/bls_etl_dag.py for tasks to queue
[2025-12-08T00:30:39.247+0000] {logging_mixin.py:190} INFO - [2025-12-08T00:30:39.245+0000] {dagbag.py:587} INFO - Filling up the DagBag from /opt/airflow/dags/bls_etl_dag.py
[2025-12-08T00:30:39.521+0000] {processor.py:925} INFO - DAG(s) 'bls_employment_projections_etl' retrieved from /opt/airflow/dags/bls_etl_dag.py
[2025-12-08T00:30:39.615+0000] {logging_mixin.py:190} INFO - [2025-12-08T00:30:39.611+0000] {dag.py:3229} INFO - Sync 1 DAGs
[2025-12-08T00:30:39.749+0000] {logging_mixin.py:190} INFO - [2025-12-08T00:30:39.748+0000] {dag.py:4156} INFO - Setting next_dagrun for bls_employment_projections_etl to 2025-12-01 00:00:00+00:00, run_after=2026-01-01 00:00:00+00:00
[2025-12-08T00:30:39.786+0000] {processor.py:208} INFO - Processing /opt/airflow/dags/bls_etl_dag.py took 0.596 seconds
[2025-12-08T00:31:09.975+0000] {processor.py:186} INFO - Started process (PID=335) to work on /opt/airflow/dags/bls_etl_dag.py
[2025-12-08T00:31:09.980+0000] {processor.py:914} INFO - Processing file /opt/airflow/dags/bls_etl_dag.py for tasks to queue
[2025-12-08T00:31:09.985+0000] {logging_mixin.py:190} INFO - [2025-12-08T00:31:09.985+0000] {dagbag.py:587} INFO - Filling up the DagBag from /opt/airflow/dags/bls_etl_dag.py
[2025-12-08T00:31:10.055+0000] {processor.py:925} INFO - DAG(s) 'bls_employment_projections_etl' retrieved from /opt/airflow/dags/bls_etl_dag.py
[2025-12-08T00:31:10.107+0000] {logging_mixin.py:190} INFO - [2025-12-08T00:31:10.106+0000] {dag.py:3229} INFO - Sync 1 DAGs
[2025-12-08T00:31:10.148+0000] {logging_mixin.py:190} INFO - [2025-12-08T00:31:10.147+0000] {dag.py:4156} INFO - Setting next_dagrun for bls_employment_projections_etl to 2025-12-01 00:00:00+00:00, run_after=2026-01-01 00:00:00+00:00
[2025-12-08T00:31:10.173+0000] {processor.py:208} INFO - Processing /opt/airflow/dags/bls_etl_dag.py took 0.211 seconds
[2025-12-08T00:31:40.906+0000] {processor.py:186} INFO - Started process (PID=351) to work on /opt/airflow/dags/bls_etl_dag.py
[2025-12-08T00:31:40.907+0000] {processor.py:914} INFO - Processing file /opt/airflow/dags/bls_etl_dag.py for tasks to queue
[2025-12-08T00:31:40.909+0000] {logging_mixin.py:190} INFO - [2025-12-08T00:31:40.908+0000] {dagbag.py:587} INFO - Filling up the DagBag from /opt/airflow/dags/bls_etl_dag.py
[2025-12-08T00:31:40.965+0000] {processor.py:925} INFO - DAG(s) 'bls_employment_projections_etl' retrieved from /opt/airflow/dags/bls_etl_dag.py
[2025-12-08T00:31:40.995+0000] {logging_mixin.py:190} INFO - [2025-12-08T00:31:40.995+0000] {dag.py:3229} INFO - Sync 1 DAGs
[2025-12-08T00:31:41.028+0000] {logging_mixin.py:190} INFO - [2025-12-08T00:31:41.028+0000] {dag.py:4156} INFO - Setting next_dagrun for bls_employment_projections_etl to 2025-12-01 00:00:00+00:00, run_after=2026-01-01 00:00:00+00:00
[2025-12-08T00:31:41.047+0000] {processor.py:208} INFO - Processing /opt/airflow/dags/bls_etl_dag.py took 0.149 seconds
[2025-12-08T00:32:11.307+0000] {processor.py:186} INFO - Started process (PID=367) to work on /opt/airflow/dags/bls_etl_dag.py
[2025-12-08T00:32:11.309+0000] {processor.py:914} INFO - Processing file /opt/airflow/dags/bls_etl_dag.py for tasks to queue
[2025-12-08T00:32:11.313+0000] {logging_mixin.py:190} INFO - [2025-12-08T00:32:11.312+0000] {dagbag.py:587} INFO - Filling up the DagBag from /opt/airflow/dags/bls_etl_dag.py
[2025-12-08T00:32:11.430+0000] {processor.py:925} INFO - DAG(s) 'bls_employment_projections_etl' retrieved from /opt/airflow/dags/bls_etl_dag.py
[2025-12-08T00:32:11.471+0000] {logging_mixin.py:190} INFO - [2025-12-08T00:32:11.469+0000] {dag.py:3229} INFO - Sync 1 DAGs
[2025-12-08T00:32:11.513+0000] {logging_mixin.py:190} INFO - [2025-12-08T00:32:11.513+0000] {dag.py:4156} INFO - Setting next_dagrun for bls_employment_projections_etl to 2025-12-01 00:00:00+00:00, run_after=2026-01-01 00:00:00+00:00
[2025-12-08T00:32:11.556+0000] {processor.py:208} INFO - Processing /opt/airflow/dags/bls_etl_dag.py took 0.260 seconds
[2025-12-08T00:32:42.021+0000] {processor.py:186} INFO - Started process (PID=378) to work on /opt/airflow/dags/bls_etl_dag.py
[2025-12-08T00:32:42.023+0000] {processor.py:914} INFO - Processing file /opt/airflow/dags/bls_etl_dag.py for tasks to queue
[2025-12-08T00:32:42.039+0000] {logging_mixin.py:190} INFO - [2025-12-08T00:32:42.034+0000] {dagbag.py:587} INFO - Filling up the DagBag from /opt/airflow/dags/bls_etl_dag.py
[2025-12-08T00:32:42.329+0000] {processor.py:925} INFO - DAG(s) 'bls_employment_projections_etl' retrieved from /opt/airflow/dags/bls_etl_dag.py
[2025-12-08T00:32:42.476+0000] {logging_mixin.py:190} INFO - [2025-12-08T00:32:42.471+0000] {dag.py:3229} INFO - Sync 1 DAGs
[2025-12-08T00:32:42.546+0000] {logging_mixin.py:190} INFO - [2025-12-08T00:32:42.545+0000] {dag.py:4156} INFO - Setting next_dagrun for bls_employment_projections_etl to 2025-12-01 00:00:00+00:00, run_after=2026-01-01 00:00:00+00:00
[2025-12-08T00:32:42.582+0000] {processor.py:208} INFO - Processing /opt/airflow/dags/bls_etl_dag.py took 0.585 seconds
[2025-12-08T00:33:06.935+0000] {processor.py:186} INFO - Started process (PID=394) to work on /opt/airflow/dags/bls_etl_dag.py
[2025-12-08T00:33:06.937+0000] {processor.py:914} INFO - Processing file /opt/airflow/dags/bls_etl_dag.py for tasks to queue
[2025-12-08T00:33:06.949+0000] {logging_mixin.py:190} INFO - [2025-12-08T00:33:06.948+0000] {dagbag.py:587} INFO - Filling up the DagBag from /opt/airflow/dags/bls_etl_dag.py
[2025-12-08T00:33:07.095+0000] {processor.py:925} INFO - DAG(s) 'bls_employment_projections_etl' retrieved from /opt/airflow/dags/bls_etl_dag.py
[2025-12-08T00:33:07.182+0000] {logging_mixin.py:190} INFO - [2025-12-08T00:33:07.179+0000] {dag.py:3229} INFO - Sync 1 DAGs
[2025-12-08T00:33:07.261+0000] {logging_mixin.py:190} INFO - [2025-12-08T00:33:07.260+0000] {dag.py:4156} INFO - Setting next_dagrun for bls_employment_projections_etl to 2025-12-01 00:00:00+00:00, run_after=2026-01-01 00:00:00+00:00
[2025-12-08T00:33:07.295+0000] {processor.py:208} INFO - Processing /opt/airflow/dags/bls_etl_dag.py took 0.387 seconds
[2025-12-08T00:33:37.595+0000] {processor.py:186} INFO - Started process (PID=410) to work on /opt/airflow/dags/bls_etl_dag.py
[2025-12-08T00:33:37.599+0000] {processor.py:914} INFO - Processing file /opt/airflow/dags/bls_etl_dag.py for tasks to queue
[2025-12-08T00:33:37.622+0000] {logging_mixin.py:190} INFO - [2025-12-08T00:33:37.619+0000] {dagbag.py:587} INFO - Filling up the DagBag from /opt/airflow/dags/bls_etl_dag.py
[2025-12-08T00:33:37.731+0000] {processor.py:925} INFO - DAG(s) 'bls_employment_projections_etl' retrieved from /opt/airflow/dags/bls_etl_dag.py
[2025-12-08T00:33:37.765+0000] {logging_mixin.py:190} INFO - [2025-12-08T00:33:37.765+0000] {dag.py:3229} INFO - Sync 1 DAGs
[2025-12-08T00:33:37.811+0000] {logging_mixin.py:190} INFO - [2025-12-08T00:33:37.810+0000] {dag.py:4156} INFO - Setting next_dagrun for bls_employment_projections_etl to 2025-12-01 00:00:00+00:00, run_after=2026-01-01 00:00:00+00:00
[2025-12-08T00:33:37.836+0000] {processor.py:208} INFO - Processing /opt/airflow/dags/bls_etl_dag.py took 0.266 seconds
[2025-12-08T00:34:08.624+0000] {processor.py:186} INFO - Started process (PID=426) to work on /opt/airflow/dags/bls_etl_dag.py
[2025-12-08T00:34:08.633+0000] {processor.py:914} INFO - Processing file /opt/airflow/dags/bls_etl_dag.py for tasks to queue
[2025-12-08T00:34:08.642+0000] {logging_mixin.py:190} INFO - [2025-12-08T00:34:08.641+0000] {dagbag.py:587} INFO - Filling up the DagBag from /opt/airflow/dags/bls_etl_dag.py
[2025-12-08T00:34:08.777+0000] {processor.py:925} INFO - DAG(s) 'bls_employment_projections_etl' retrieved from /opt/airflow/dags/bls_etl_dag.py
[2025-12-08T00:34:08.904+0000] {logging_mixin.py:190} INFO - [2025-12-08T00:34:08.900+0000] {dag.py:3229} INFO - Sync 1 DAGs
[2025-12-08T00:34:09.064+0000] {logging_mixin.py:190} INFO - [2025-12-08T00:34:09.063+0000] {dag.py:4156} INFO - Setting next_dagrun for bls_employment_projections_etl to 2025-12-01 00:00:00+00:00, run_after=2026-01-01 00:00:00+00:00
[2025-12-08T00:34:09.119+0000] {processor.py:208} INFO - Processing /opt/airflow/dags/bls_etl_dag.py took 0.521 seconds
[2025-12-08T00:34:39.941+0000] {processor.py:186} INFO - Started process (PID=442) to work on /opt/airflow/dags/bls_etl_dag.py
[2025-12-08T00:34:39.942+0000] {processor.py:914} INFO - Processing file /opt/airflow/dags/bls_etl_dag.py for tasks to queue
[2025-12-08T00:34:39.947+0000] {logging_mixin.py:190} INFO - [2025-12-08T00:34:39.947+0000] {dagbag.py:587} INFO - Filling up the DagBag from /opt/airflow/dags/bls_etl_dag.py
[2025-12-08T00:34:40.018+0000] {processor.py:925} INFO - DAG(s) 'bls_employment_projections_etl' retrieved from /opt/airflow/dags/bls_etl_dag.py
[2025-12-08T00:34:40.050+0000] {logging_mixin.py:190} INFO - [2025-12-08T00:34:40.049+0000] {dag.py:3229} INFO - Sync 1 DAGs
[2025-12-08T00:34:40.082+0000] {logging_mixin.py:190} INFO - [2025-12-08T00:34:40.081+0000] {dag.py:4156} INFO - Setting next_dagrun for bls_employment_projections_etl to 2025-12-01 00:00:00+00:00, run_after=2026-01-01 00:00:00+00:00
[2025-12-08T00:34:40.096+0000] {processor.py:208} INFO - Processing /opt/airflow/dags/bls_etl_dag.py took 0.171 seconds
[2025-12-08T00:35:10.676+0000] {processor.py:186} INFO - Started process (PID=458) to work on /opt/airflow/dags/bls_etl_dag.py
[2025-12-08T00:35:10.680+0000] {processor.py:914} INFO - Processing file /opt/airflow/dags/bls_etl_dag.py for tasks to queue
[2025-12-08T00:35:10.685+0000] {logging_mixin.py:190} INFO - [2025-12-08T00:35:10.685+0000] {dagbag.py:587} INFO - Filling up the DagBag from /opt/airflow/dags/bls_etl_dag.py
[2025-12-08T00:35:10.780+0000] {processor.py:925} INFO - DAG(s) 'bls_employment_projections_etl' retrieved from /opt/airflow/dags/bls_etl_dag.py
[2025-12-08T00:35:10.816+0000] {logging_mixin.py:190} INFO - [2025-12-08T00:35:10.816+0000] {dag.py:3229} INFO - Sync 1 DAGs
[2025-12-08T00:35:10.855+0000] {logging_mixin.py:190} INFO - [2025-12-08T00:35:10.855+0000] {dag.py:4156} INFO - Setting next_dagrun for bls_employment_projections_etl to 2025-12-01 00:00:00+00:00, run_after=2026-01-01 00:00:00+00:00
[2025-12-08T00:35:10.872+0000] {processor.py:208} INFO - Processing /opt/airflow/dags/bls_etl_dag.py took 0.222 seconds
[2025-12-08T00:35:41.248+0000] {processor.py:186} INFO - Started process (PID=474) to work on /opt/airflow/dags/bls_etl_dag.py
[2025-12-08T00:35:41.250+0000] {processor.py:914} INFO - Processing file /opt/airflow/dags/bls_etl_dag.py for tasks to queue
[2025-12-08T00:35:41.255+0000] {logging_mixin.py:190} INFO - [2025-12-08T00:35:41.254+0000] {dagbag.py:587} INFO - Filling up the DagBag from /opt/airflow/dags/bls_etl_dag.py
[2025-12-08T00:35:41.310+0000] {processor.py:925} INFO - DAG(s) 'bls_employment_projections_etl' retrieved from /opt/airflow/dags/bls_etl_dag.py
[2025-12-08T00:35:41.333+0000] {logging_mixin.py:190} INFO - [2025-12-08T00:35:41.333+0000] {dag.py:3229} INFO - Sync 1 DAGs
[2025-12-08T00:35:41.364+0000] {logging_mixin.py:190} INFO - [2025-12-08T00:35:41.364+0000] {dag.py:4156} INFO - Setting next_dagrun for bls_employment_projections_etl to 2025-12-01 00:00:00+00:00, run_after=2026-01-01 00:00:00+00:00
[2025-12-08T00:35:41.378+0000] {processor.py:208} INFO - Processing /opt/airflow/dags/bls_etl_dag.py took 0.141 seconds
[2025-12-08T00:36:11.499+0000] {processor.py:186} INFO - Started process (PID=490) to work on /opt/airflow/dags/bls_etl_dag.py
[2025-12-08T00:36:11.507+0000] {processor.py:914} INFO - Processing file /opt/airflow/dags/bls_etl_dag.py for tasks to queue
[2025-12-08T00:36:11.518+0000] {logging_mixin.py:190} INFO - [2025-12-08T00:36:11.517+0000] {dagbag.py:587} INFO - Filling up the DagBag from /opt/airflow/dags/bls_etl_dag.py
[2025-12-08T00:36:11.629+0000] {processor.py:925} INFO - DAG(s) 'bls_employment_projections_etl' retrieved from /opt/airflow/dags/bls_etl_dag.py
[2025-12-08T00:36:11.665+0000] {logging_mixin.py:190} INFO - [2025-12-08T00:36:11.665+0000] {dag.py:3229} INFO - Sync 1 DAGs
[2025-12-08T00:36:11.708+0000] {logging_mixin.py:190} INFO - [2025-12-08T00:36:11.708+0000] {dag.py:4156} INFO - Setting next_dagrun for bls_employment_projections_etl to 2025-12-01 00:00:00+00:00, run_after=2026-01-01 00:00:00+00:00
[2025-12-08T00:36:11.741+0000] {processor.py:208} INFO - Processing /opt/airflow/dags/bls_etl_dag.py took 0.261 seconds
[2025-12-08T00:36:42.646+0000] {processor.py:186} INFO - Started process (PID=506) to work on /opt/airflow/dags/bls_etl_dag.py
[2025-12-08T00:36:42.651+0000] {processor.py:914} INFO - Processing file /opt/airflow/dags/bls_etl_dag.py for tasks to queue
[2025-12-08T00:36:42.658+0000] {logging_mixin.py:190} INFO - [2025-12-08T00:36:42.657+0000] {dagbag.py:587} INFO - Filling up the DagBag from /opt/airflow/dags/bls_etl_dag.py
[2025-12-08T00:36:42.744+0000] {processor.py:925} INFO - DAG(s) 'bls_employment_projections_etl' retrieved from /opt/airflow/dags/bls_etl_dag.py
[2025-12-08T00:36:42.777+0000] {logging_mixin.py:190} INFO - [2025-12-08T00:36:42.776+0000] {dag.py:3229} INFO - Sync 1 DAGs
[2025-12-08T00:36:42.825+0000] {logging_mixin.py:190} INFO - [2025-12-08T00:36:42.824+0000] {dag.py:4156} INFO - Setting next_dagrun for bls_employment_projections_etl to 2025-12-01 00:00:00+00:00, run_after=2026-01-01 00:00:00+00:00
[2025-12-08T00:36:42.849+0000] {processor.py:208} INFO - Processing /opt/airflow/dags/bls_etl_dag.py took 0.219 seconds
[2025-12-08T00:37:13.477+0000] {processor.py:186} INFO - Started process (PID=522) to work on /opt/airflow/dags/bls_etl_dag.py
[2025-12-08T00:37:13.480+0000] {processor.py:914} INFO - Processing file /opt/airflow/dags/bls_etl_dag.py for tasks to queue
[2025-12-08T00:37:13.492+0000] {logging_mixin.py:190} INFO - [2025-12-08T00:37:13.491+0000] {dagbag.py:587} INFO - Filling up the DagBag from /opt/airflow/dags/bls_etl_dag.py
[2025-12-08T00:37:13.577+0000] {processor.py:925} INFO - DAG(s) 'bls_employment_projections_etl' retrieved from /opt/airflow/dags/bls_etl_dag.py
[2025-12-08T00:37:13.613+0000] {logging_mixin.py:190} INFO - [2025-12-08T00:37:13.613+0000] {dag.py:3229} INFO - Sync 1 DAGs
[2025-12-08T00:37:13.679+0000] {logging_mixin.py:190} INFO - [2025-12-08T00:37:13.678+0000] {dag.py:4156} INFO - Setting next_dagrun for bls_employment_projections_etl to 2025-12-01 00:00:00+00:00, run_after=2026-01-01 00:00:00+00:00
[2025-12-08T00:37:13.701+0000] {processor.py:208} INFO - Processing /opt/airflow/dags/bls_etl_dag.py took 0.247 seconds
[2025-12-08T00:37:43.985+0000] {processor.py:186} INFO - Started process (PID=538) to work on /opt/airflow/dags/bls_etl_dag.py
[2025-12-08T00:37:43.987+0000] {processor.py:914} INFO - Processing file /opt/airflow/dags/bls_etl_dag.py for tasks to queue
[2025-12-08T00:37:43.994+0000] {logging_mixin.py:190} INFO - [2025-12-08T00:37:43.994+0000] {dagbag.py:587} INFO - Filling up the DagBag from /opt/airflow/dags/bls_etl_dag.py
[2025-12-08T00:37:44.081+0000] {processor.py:925} INFO - DAG(s) 'bls_employment_projections_etl' retrieved from /opt/airflow/dags/bls_etl_dag.py
[2025-12-08T00:37:44.111+0000] {logging_mixin.py:190} INFO - [2025-12-08T00:37:44.111+0000] {dag.py:3229} INFO - Sync 1 DAGs
[2025-12-08T00:37:44.144+0000] {logging_mixin.py:190} INFO - [2025-12-08T00:37:44.144+0000] {dag.py:4156} INFO - Setting next_dagrun for bls_employment_projections_etl to 2025-12-01 00:00:00+00:00, run_after=2026-01-01 00:00:00+00:00
[2025-12-08T00:37:44.169+0000] {processor.py:208} INFO - Processing /opt/airflow/dags/bls_etl_dag.py took 0.198 seconds
[2025-12-08T00:38:15.133+0000] {processor.py:186} INFO - Started process (PID=559) to work on /opt/airflow/dags/bls_etl_dag.py
[2025-12-08T00:38:15.136+0000] {processor.py:914} INFO - Processing file /opt/airflow/dags/bls_etl_dag.py for tasks to queue
[2025-12-08T00:38:15.142+0000] {logging_mixin.py:190} INFO - [2025-12-08T00:38:15.142+0000] {dagbag.py:587} INFO - Filling up the DagBag from /opt/airflow/dags/bls_etl_dag.py
[2025-12-08T00:38:15.223+0000] {processor.py:925} INFO - DAG(s) 'bls_employment_projections_etl' retrieved from /opt/airflow/dags/bls_etl_dag.py
[2025-12-08T00:38:15.265+0000] {logging_mixin.py:190} INFO - [2025-12-08T00:38:15.264+0000] {dag.py:3229} INFO - Sync 1 DAGs
[2025-12-08T00:38:15.312+0000] {logging_mixin.py:190} INFO - [2025-12-08T00:38:15.312+0000] {dag.py:4156} INFO - Setting next_dagrun for bls_employment_projections_etl to 2025-12-01 00:00:00+00:00, run_after=2026-01-01 00:00:00+00:00
[2025-12-08T00:38:15.333+0000] {processor.py:208} INFO - Processing /opt/airflow/dags/bls_etl_dag.py took 0.215 seconds
[2025-12-08T00:38:46.103+0000] {processor.py:186} INFO - Started process (PID=575) to work on /opt/airflow/dags/bls_etl_dag.py
[2025-12-08T00:38:46.105+0000] {processor.py:914} INFO - Processing file /opt/airflow/dags/bls_etl_dag.py for tasks to queue
[2025-12-08T00:38:46.111+0000] {logging_mixin.py:190} INFO - [2025-12-08T00:38:46.110+0000] {dagbag.py:587} INFO - Filling up the DagBag from /opt/airflow/dags/bls_etl_dag.py
[2025-12-08T00:38:46.282+0000] {processor.py:925} INFO - DAG(s) 'bls_employment_projections_etl' retrieved from /opt/airflow/dags/bls_etl_dag.py
[2025-12-08T00:38:46.350+0000] {logging_mixin.py:190} INFO - [2025-12-08T00:38:46.350+0000] {dag.py:3229} INFO - Sync 1 DAGs
[2025-12-08T00:38:46.461+0000] {logging_mixin.py:190} INFO - [2025-12-08T00:38:46.460+0000] {dag.py:4156} INFO - Setting next_dagrun for bls_employment_projections_etl to 2025-12-01 00:00:00+00:00, run_after=2026-01-01 00:00:00+00:00
[2025-12-08T00:38:46.499+0000] {processor.py:208} INFO - Processing /opt/airflow/dags/bls_etl_dag.py took 0.413 seconds
[2025-12-08T00:39:16.908+0000] {processor.py:186} INFO - Started process (PID=591) to work on /opt/airflow/dags/bls_etl_dag.py
[2025-12-08T00:39:16.914+0000] {processor.py:914} INFO - Processing file /opt/airflow/dags/bls_etl_dag.py for tasks to queue
[2025-12-08T00:39:16.932+0000] {logging_mixin.py:190} INFO - [2025-12-08T00:39:16.931+0000] {dagbag.py:587} INFO - Filling up the DagBag from /opt/airflow/dags/bls_etl_dag.py
[2025-12-08T00:39:17.071+0000] {processor.py:925} INFO - DAG(s) 'bls_employment_projections_etl' retrieved from /opt/airflow/dags/bls_etl_dag.py
[2025-12-08T00:39:17.196+0000] {logging_mixin.py:190} INFO - [2025-12-08T00:39:17.191+0000] {dag.py:3229} INFO - Sync 1 DAGs
[2025-12-08T00:39:17.462+0000] {logging_mixin.py:190} INFO - [2025-12-08T00:39:17.460+0000] {dag.py:4156} INFO - Setting next_dagrun for bls_employment_projections_etl to 2025-12-01 00:00:00+00:00, run_after=2026-01-01 00:00:00+00:00
[2025-12-08T00:39:17.562+0000] {processor.py:208} INFO - Processing /opt/airflow/dags/bls_etl_dag.py took 0.709 seconds
[2025-12-08T00:39:47.800+0000] {processor.py:186} INFO - Started process (PID=607) to work on /opt/airflow/dags/bls_etl_dag.py
[2025-12-08T00:39:47.803+0000] {processor.py:914} INFO - Processing file /opt/airflow/dags/bls_etl_dag.py for tasks to queue
[2025-12-08T00:39:47.816+0000] {logging_mixin.py:190} INFO - [2025-12-08T00:39:47.815+0000] {dagbag.py:587} INFO - Filling up the DagBag from /opt/airflow/dags/bls_etl_dag.py
[2025-12-08T00:39:47.957+0000] {processor.py:925} INFO - DAG(s) 'bls_employment_projections_etl' retrieved from /opt/airflow/dags/bls_etl_dag.py
[2025-12-08T00:39:48.078+0000] {logging_mixin.py:190} INFO - [2025-12-08T00:39:48.073+0000] {dag.py:3229} INFO - Sync 1 DAGs
[2025-12-08T00:39:48.207+0000] {logging_mixin.py:190} INFO - [2025-12-08T00:39:48.206+0000] {dag.py:4156} INFO - Setting next_dagrun for bls_employment_projections_etl to 2025-12-01 00:00:00+00:00, run_after=2026-01-01 00:00:00+00:00
[2025-12-08T00:39:48.249+0000] {processor.py:208} INFO - Processing /opt/airflow/dags/bls_etl_dag.py took 0.482 seconds
[2025-12-08T00:40:19.051+0000] {processor.py:186} INFO - Started process (PID=629) to work on /opt/airflow/dags/bls_etl_dag.py
[2025-12-08T00:40:19.062+0000] {processor.py:914} INFO - Processing file /opt/airflow/dags/bls_etl_dag.py for tasks to queue
[2025-12-08T00:40:19.068+0000] {logging_mixin.py:190} INFO - [2025-12-08T00:40:19.067+0000] {dagbag.py:587} INFO - Filling up the DagBag from /opt/airflow/dags/bls_etl_dag.py
[2025-12-08T00:40:19.179+0000] {processor.py:925} INFO - DAG(s) 'bls_employment_projections_etl' retrieved from /opt/airflow/dags/bls_etl_dag.py
[2025-12-08T00:40:19.211+0000] {logging_mixin.py:190} INFO - [2025-12-08T00:40:19.211+0000] {dag.py:3229} INFO - Sync 1 DAGs
[2025-12-08T00:40:19.266+0000] {logging_mixin.py:190} INFO - [2025-12-08T00:40:19.266+0000] {dag.py:4156} INFO - Setting next_dagrun for bls_employment_projections_etl to 2025-12-01 00:00:00+00:00, run_after=2026-01-01 00:00:00+00:00
[2025-12-08T00:40:19.288+0000] {processor.py:208} INFO - Processing /opt/airflow/dags/bls_etl_dag.py took 0.255 seconds
[2025-12-08T00:40:28.295+0000] {processor.py:186} INFO - Started process (PID=634) to work on /opt/airflow/dags/bls_etl_dag.py
[2025-12-08T00:40:28.298+0000] {processor.py:914} INFO - Processing file /opt/airflow/dags/bls_etl_dag.py for tasks to queue
[2025-12-08T00:40:28.312+0000] {logging_mixin.py:190} INFO - [2025-12-08T00:40:28.309+0000] {dagbag.py:587} INFO - Filling up the DagBag from /opt/airflow/dags/bls_etl_dag.py
[2025-12-08T00:40:28.468+0000] {processor.py:925} INFO - DAG(s) 'bls_employment_projections_etl' retrieved from /opt/airflow/dags/bls_etl_dag.py
[2025-12-08T00:40:28.503+0000] {logging_mixin.py:190} INFO - [2025-12-08T00:40:28.502+0000] {dag.py:3229} INFO - Sync 1 DAGs
[2025-12-08T00:40:28.553+0000] {logging_mixin.py:190} INFO - [2025-12-08T00:40:28.552+0000] {dag.py:4156} INFO - Setting next_dagrun for bls_employment_projections_etl to 2025-12-01 00:00:00+00:00, run_after=2026-01-01 00:00:00+00:00
[2025-12-08T00:40:28.583+0000] {processor.py:208} INFO - Processing /opt/airflow/dags/bls_etl_dag.py took 0.320 seconds
[2025-12-08T00:40:59.727+0000] {processor.py:186} INFO - Started process (PID=650) to work on /opt/airflow/dags/bls_etl_dag.py
[2025-12-08T00:40:59.731+0000] {processor.py:914} INFO - Processing file /opt/airflow/dags/bls_etl_dag.py for tasks to queue
[2025-12-08T00:40:59.749+0000] {logging_mixin.py:190} INFO - [2025-12-08T00:40:59.748+0000] {dagbag.py:587} INFO - Filling up the DagBag from /opt/airflow/dags/bls_etl_dag.py
[2025-12-08T00:40:59.895+0000] {processor.py:925} INFO - DAG(s) 'bls_employment_projections_etl' retrieved from /opt/airflow/dags/bls_etl_dag.py
[2025-12-08T00:40:59.947+0000] {logging_mixin.py:190} INFO - [2025-12-08T00:40:59.946+0000] {dag.py:3229} INFO - Sync 1 DAGs
[2025-12-08T00:41:00.017+0000] {logging_mixin.py:190} INFO - [2025-12-08T00:41:00.016+0000] {dag.py:4156} INFO - Setting next_dagrun for bls_employment_projections_etl to 2025-12-01 00:00:00+00:00, run_after=2026-01-01 00:00:00+00:00
[2025-12-08T00:41:00.043+0000] {processor.py:208} INFO - Processing /opt/airflow/dags/bls_etl_dag.py took 0.352 seconds
[2025-12-08T00:41:30.604+0000] {processor.py:186} INFO - Started process (PID=666) to work on /opt/airflow/dags/bls_etl_dag.py
[2025-12-08T00:41:30.610+0000] {processor.py:914} INFO - Processing file /opt/airflow/dags/bls_etl_dag.py for tasks to queue
[2025-12-08T00:41:30.619+0000] {logging_mixin.py:190} INFO - [2025-12-08T00:41:30.617+0000] {dagbag.py:587} INFO - Filling up the DagBag from /opt/airflow/dags/bls_etl_dag.py
[2025-12-08T00:41:30.722+0000] {processor.py:925} INFO - DAG(s) 'bls_employment_projections_etl' retrieved from /opt/airflow/dags/bls_etl_dag.py
[2025-12-08T00:41:30.758+0000] {logging_mixin.py:190} INFO - [2025-12-08T00:41:30.757+0000] {dag.py:3229} INFO - Sync 1 DAGs
[2025-12-08T00:41:30.790+0000] {logging_mixin.py:190} INFO - [2025-12-08T00:41:30.789+0000] {dag.py:4156} INFO - Setting next_dagrun for bls_employment_projections_etl to 2025-12-01 00:00:00+00:00, run_after=2026-01-01 00:00:00+00:00
[2025-12-08T00:41:30.812+0000] {processor.py:208} INFO - Processing /opt/airflow/dags/bls_etl_dag.py took 0.230 seconds
[2025-12-08T00:42:01.635+0000] {processor.py:186} INFO - Started process (PID=682) to work on /opt/airflow/dags/bls_etl_dag.py
[2025-12-08T00:42:01.637+0000] {processor.py:914} INFO - Processing file /opt/airflow/dags/bls_etl_dag.py for tasks to queue
[2025-12-08T00:42:01.644+0000] {logging_mixin.py:190} INFO - [2025-12-08T00:42:01.643+0000] {dagbag.py:587} INFO - Filling up the DagBag from /opt/airflow/dags/bls_etl_dag.py
[2025-12-08T00:42:01.738+0000] {processor.py:925} INFO - DAG(s) 'bls_employment_projections_etl' retrieved from /opt/airflow/dags/bls_etl_dag.py
[2025-12-08T00:42:01.795+0000] {logging_mixin.py:190} INFO - [2025-12-08T00:42:01.793+0000] {dag.py:3229} INFO - Sync 1 DAGs
[2025-12-08T00:42:01.859+0000] {logging_mixin.py:190} INFO - [2025-12-08T00:42:01.858+0000] {dag.py:4156} INFO - Setting next_dagrun for bls_employment_projections_etl to 2025-12-01 00:00:00+00:00, run_after=2026-01-01 00:00:00+00:00
[2025-12-08T00:42:01.969+0000] {processor.py:208} INFO - Processing /opt/airflow/dags/bls_etl_dag.py took 0.357 seconds
