[2025-12-07T19:50:16.351+0000] {local_task_job_runner.py:123} INFO - ::group::Pre task execution logs
[2025-12-07T19:50:16.376+0000] {taskinstance.py:2612} INFO - Dependencies all met for dep_context=non-requeueable deps ti=<TaskInstance: bls_employment_projections_etl.extract_and_transform manual__2025-12-07T19:44:55.075260+00:00 [queued]>
[2025-12-07T19:50:16.385+0000] {taskinstance.py:2612} INFO - Dependencies all met for dep_context=requeueable deps ti=<TaskInstance: bls_employment_projections_etl.extract_and_transform manual__2025-12-07T19:44:55.075260+00:00 [queued]>
[2025-12-07T19:50:16.386+0000] {taskinstance.py:2865} INFO - Starting attempt 2 of 2
[2025-12-07T19:50:16.400+0000] {taskinstance.py:2888} INFO - Executing <Task(PythonOperator): extract_and_transform> on 2025-12-07 19:44:55.075260+00:00
[2025-12-07T19:50:16.431+0000] {logging_mixin.py:190} WARNING - /home/***/.local/lib/python3.12/site-packages/***/task/task_runner/standard_task_runner.py:70 DeprecationWarning: This process (pid=272) is multi-threaded, use of fork() may lead to deadlocks in the child.
[2025-12-07T19:50:16.433+0000] {standard_task_runner.py:72} INFO - Started process 280 to run task
[2025-12-07T19:50:16.431+0000] {standard_task_runner.py:104} INFO - Running: ['***', 'tasks', 'run', 'bls_employment_projections_etl', 'extract_and_transform', 'manual__2025-12-07T19:44:55.075260+00:00', '--job-id', '128', '--raw', '--subdir', 'DAGS_FOLDER/bls_etl_dag.py', '--cfg-path', '/tmp/tmpaz2i2sqt']
[2025-12-07T19:50:16.435+0000] {standard_task_runner.py:105} INFO - Job 128: Subtask extract_and_transform
[2025-12-07T19:50:16.518+0000] {task_command.py:467} INFO - Running <TaskInstance: bls_employment_projections_etl.extract_and_transform manual__2025-12-07T19:44:55.075260+00:00 [running]> on host 8f0f084825b6
[2025-12-07T19:50:16.651+0000] {taskinstance.py:3131} INFO - Exporting env vars: AIRFLOW_CTX_DAG_OWNER='Manav Patel' AIRFLOW_CTX_DAG_ID='bls_employment_projections_etl' AIRFLOW_CTX_TASK_ID='extract_and_transform' AIRFLOW_CTX_EXECUTION_DATE='2025-12-07T19:44:55.075260+00:00' AIRFLOW_CTX_TRY_NUMBER='2' AIRFLOW_CTX_DAG_RUN_ID='manual__2025-12-07T19:44:55.075260+00:00'
[2025-12-07T19:50:16.654+0000] {taskinstance.py:731} INFO - ::endgroup::
[2025-12-07T19:50:16.681+0000] {bls_transformer.py:34} INFO - Reading BLS data from /opt/***/dags/data/Employment Projections.csv
[2025-12-07T19:50:16.735+0000] {bls_transformer.py:48} INFO - Original data shape: (832, 14)
[2025-12-07T19:50:19.667+0000] {bls_transformer.py:93} INFO - Transformed data shape: (5835, 15)
[2025-12-07T19:50:19.731+0000] {bls_transformer.py:99} INFO - Transformed data saved to /opt/***/dags/data/transformed/Employment_Projections_Transformed.csv
[2025-12-07T19:50:19.799+0000] {python.py:240} INFO - Done. Returned value was: /opt/***/dags/data/transformed/Employment_Projections_Transformed.csv
[2025-12-07T19:50:19.830+0000] {taskinstance.py:340} INFO - ::group::Post task execution logs
[2025-12-07T19:50:19.830+0000] {taskinstance.py:352} INFO - Marking task as SUCCESS. dag_id=bls_employment_projections_etl, task_id=extract_and_transform, run_id=manual__2025-12-07T19:44:55.075260+00:00, execution_date=20251207T194455, start_date=20251207T195016, end_date=20251207T195019
[2025-12-07T19:50:19.921+0000] {local_task_job_runner.py:266} INFO - Task exited with return code 0
[2025-12-07T19:50:19.968+0000] {taskinstance.py:3900} INFO - 1 downstream tasks scheduled from follow-on schedule check
[2025-12-07T19:50:19.970+0000] {local_task_job_runner.py:245} INFO - ::endgroup::
