[2025-12-07T19:50:54.334+0000] {local_task_job_runner.py:123} INFO - ::group::Pre task execution logs
[2025-12-07T19:50:54.367+0000] {taskinstance.py:2612} INFO - Dependencies all met for dep_context=non-requeueable deps ti=<TaskInstance: bls_employment_projections_etl.extract_and_transform manual__2025-12-07T19:50:35.163374+00:00 [queued]>
[2025-12-07T19:50:54.393+0000] {taskinstance.py:2612} INFO - Dependencies all met for dep_context=requeueable deps ti=<TaskInstance: bls_employment_projections_etl.extract_and_transform manual__2025-12-07T19:50:35.163374+00:00 [queued]>
[2025-12-07T19:50:54.393+0000] {taskinstance.py:2865} INFO - Starting attempt 1 of 2
[2025-12-07T19:50:54.414+0000] {taskinstance.py:2888} INFO - Executing <Task(PythonOperator): extract_and_transform> on 2025-12-07 19:50:35.163374+00:00
[2025-12-07T19:50:54.495+0000] {logging_mixin.py:190} WARNING - /home/***/.local/lib/python3.12/site-packages/***/task/task_runner/standard_task_runner.py:70 DeprecationWarning: This process (pid=313) is multi-threaded, use of fork() may lead to deadlocks in the child.
[2025-12-07T19:50:54.498+0000] {standard_task_runner.py:72} INFO - Started process 316 to run task
[2025-12-07T19:50:54.495+0000] {standard_task_runner.py:104} INFO - Running: ['***', 'tasks', 'run', 'bls_employment_projections_etl', 'extract_and_transform', 'manual__2025-12-07T19:50:35.163374+00:00', '--job-id', '131', '--raw', '--subdir', 'DAGS_FOLDER/bls_etl_dag.py', '--cfg-path', '/tmp/tmpvocibk5k']
[2025-12-07T19:50:54.502+0000] {standard_task_runner.py:105} INFO - Job 131: Subtask extract_and_transform
[2025-12-07T19:50:54.609+0000] {task_command.py:467} INFO - Running <TaskInstance: bls_employment_projections_etl.extract_and_transform manual__2025-12-07T19:50:35.163374+00:00 [running]> on host 8f0f084825b6
[2025-12-07T19:50:54.782+0000] {taskinstance.py:3131} INFO - Exporting env vars: AIRFLOW_CTX_DAG_OWNER='Manav Patel' AIRFLOW_CTX_DAG_ID='bls_employment_projections_etl' AIRFLOW_CTX_TASK_ID='extract_and_transform' AIRFLOW_CTX_EXECUTION_DATE='2025-12-07T19:50:35.163374+00:00' AIRFLOW_CTX_TRY_NUMBER='1' AIRFLOW_CTX_DAG_RUN_ID='manual__2025-12-07T19:50:35.163374+00:00'
[2025-12-07T19:50:54.788+0000] {taskinstance.py:731} INFO - ::endgroup::
[2025-12-07T19:50:54.839+0000] {bls_transformer.py:34} INFO - Reading BLS data from /opt/***/dags/data/Employment Projections.csv
[2025-12-07T19:50:54.888+0000] {bls_transformer.py:48} INFO - Original data shape: (832, 14)
[2025-12-07T19:50:57.235+0000] {bls_transformer.py:93} INFO - Transformed data shape: (5835, 15)
[2025-12-07T19:50:57.382+0000] {bls_transformer.py:99} INFO - Transformed data saved to /opt/***/dags/data/transformed/Employment_Projections_Transformed.csv
[2025-12-07T19:50:57.564+0000] {python.py:240} INFO - Done. Returned value was: /opt/***/dags/data/transformed/Employment_Projections_Transformed.csv
[2025-12-07T19:50:57.660+0000] {taskinstance.py:340} INFO - ::group::Post task execution logs
[2025-12-07T19:50:57.663+0000] {taskinstance.py:352} INFO - Marking task as SUCCESS. dag_id=bls_employment_projections_etl, task_id=extract_and_transform, run_id=manual__2025-12-07T19:50:35.163374+00:00, execution_date=20251207T195035, start_date=20251207T195054, end_date=20251207T195057
[2025-12-07T19:50:57.753+0000] {local_task_job_runner.py:266} INFO - Task exited with return code 0
[2025-12-07T19:50:57.867+0000] {taskinstance.py:3900} INFO - 1 downstream tasks scheduled from follow-on schedule check
[2025-12-07T19:50:57.870+0000] {local_task_job_runner.py:245} INFO - ::endgroup::
