[2025-12-08T00:30:38.499+0000] {local_task_job_runner.py:123} INFO - ::group::Pre task execution logs
[2025-12-08T00:30:38.512+0000] {taskinstance.py:2612} INFO - Dependencies all met for dep_context=non-requeueable deps ti=<TaskInstance: bls_employment_projections_etl.extract_and_transform manual__2025-12-08T00:30:28.190626+00:00 [queued]>
[2025-12-08T00:30:38.523+0000] {taskinstance.py:2612} INFO - Dependencies all met for dep_context=requeueable deps ti=<TaskInstance: bls_employment_projections_etl.extract_and_transform manual__2025-12-08T00:30:28.190626+00:00 [queued]>
[2025-12-08T00:30:38.523+0000] {taskinstance.py:2865} INFO - Starting attempt 1 of 2
[2025-12-08T00:30:38.538+0000] {taskinstance.py:2888} INFO - Executing <Task(PythonOperator): extract_and_transform> on 2025-12-08 00:30:28.190626+00:00
[2025-12-08T00:30:38.554+0000] {logging_mixin.py:190} WARNING - /home/***/.local/lib/python3.12/site-packages/***/task/task_runner/standard_task_runner.py:70 DeprecationWarning: This process (pid=304) is multi-threaded, use of fork() may lead to deadlocks in the child.
[2025-12-08T00:30:38.555+0000] {standard_task_runner.py:72} INFO - Started process 312 to run task
[2025-12-08T00:30:38.554+0000] {standard_task_runner.py:104} INFO - Running: ['***', 'tasks', 'run', 'bls_employment_projections_etl', 'extract_and_transform', 'manual__2025-12-08T00:30:28.190626+00:00', '--job-id', '135', '--raw', '--subdir', 'DAGS_FOLDER/bls_etl_dag.py', '--cfg-path', '/tmp/tmp7s2zf4ls']
[2025-12-08T00:30:38.561+0000] {standard_task_runner.py:105} INFO - Job 135: Subtask extract_and_transform
[2025-12-08T00:30:38.605+0000] {task_command.py:467} INFO - Running <TaskInstance: bls_employment_projections_etl.extract_and_transform manual__2025-12-08T00:30:28.190626+00:00 [running]> on host 8f0f084825b6
[2025-12-08T00:30:38.689+0000] {taskinstance.py:3131} INFO - Exporting env vars: AIRFLOW_CTX_DAG_OWNER='Manav Patel' AIRFLOW_CTX_DAG_ID='bls_employment_projections_etl' AIRFLOW_CTX_TASK_ID='extract_and_transform' AIRFLOW_CTX_EXECUTION_DATE='2025-12-08T00:30:28.190626+00:00' AIRFLOW_CTX_TRY_NUMBER='1' AIRFLOW_CTX_DAG_RUN_ID='manual__2025-12-08T00:30:28.190626+00:00'
[2025-12-08T00:30:38.691+0000] {taskinstance.py:731} INFO - ::endgroup::
[2025-12-08T00:30:38.708+0000] {bls_transformer.py:34} INFO - Reading BLS data from /opt/***/dags/data/Employment Projections.csv
[2025-12-08T00:30:38.746+0000] {bls_transformer.py:48} INFO - Original data shape: (832, 14)
[2025-12-08T00:30:41.871+0000] {bls_transformer.py:98} INFO - Replaced NULL values in Work Experience in a Related Occupation with '0'
[2025-12-08T00:30:41.872+0000] {bls_transformer.py:100} INFO - Transformed data shape: (5835, 15)
[2025-12-08T00:30:41.957+0000] {bls_transformer.py:106} INFO - Transformed data saved to /opt/***/dags/data/transformed/Employment_Projections_Transformed.csv
[2025-12-08T00:30:42.020+0000] {python.py:240} INFO - Done. Returned value was: /opt/***/dags/data/transformed/Employment_Projections_Transformed.csv
[2025-12-08T00:30:42.045+0000] {taskinstance.py:340} INFO - ::group::Post task execution logs
[2025-12-08T00:30:42.046+0000] {taskinstance.py:352} INFO - Marking task as SUCCESS. dag_id=bls_employment_projections_etl, task_id=extract_and_transform, run_id=manual__2025-12-08T00:30:28.190626+00:00, execution_date=20251208T003028, start_date=20251208T003038, end_date=20251208T003042
[2025-12-08T00:30:42.127+0000] {local_task_job_runner.py:266} INFO - Task exited with return code 0
[2025-12-08T00:30:42.209+0000] {taskinstance.py:3900} INFO - 1 downstream tasks scheduled from follow-on schedule check
[2025-12-08T00:30:42.211+0000] {local_task_job_runner.py:245} INFO - ::endgroup::
